[2025-10-22T04:14:58.411+0000] {taskinstance.py:1956} INFO - Dependencies all met for dep_context=non-requeueable deps ti=<TaskInstance: etl_pipeline_scd2.run_processor_extract_HSE manual__2025-10-22T04:14:50.269462+00:00 [queued]>
[2025-10-22T04:14:58.425+0000] {taskinstance.py:1956} INFO - Dependencies all met for dep_context=requeueable deps ti=<TaskInstance: etl_pipeline_scd2.run_processor_extract_HSE manual__2025-10-22T04:14:50.269462+00:00 [queued]>
[2025-10-22T04:14:58.426+0000] {taskinstance.py:2170} INFO - Starting attempt 1 of 1
[2025-10-22T04:14:58.453+0000] {taskinstance.py:2191} INFO - Executing <Task(PythonOperator): run_processor_extract_HSE> on 2025-10-22 04:14:50.269462+00:00
[2025-10-22T04:14:58.517+0000] {standard_task_runner.py:60} INFO - Started process 2128 to run task
[2025-10-22T04:14:58.527+0000] {standard_task_runner.py:87} INFO - Running: ['***', 'tasks', 'run', 'etl_pipeline_scd2', 'run_processor_extract_HSE', 'manual__2025-10-22T04:14:50.269462+00:00', '--job-id', '104', '--raw', '--subdir', 'DAGS_FOLDER/process_scripts.py', '--cfg-path', '/tmp/tmp2_msw7l2']
[2025-10-22T04:14:58.536+0000] {standard_task_runner.py:88} INFO - Job 104: Subtask run_processor_extract_HSE
[2025-10-22T04:14:58.579+0000] {logging_mixin.py:188} WARNING - /home/***/.local/lib/python3.11/site-packages/***/settings.py:194 DeprecationWarning: The sql_alchemy_conn option in [core] has been moved to the sql_alchemy_conn option in [database] - the old setting has been used, but please update your config.
[2025-10-22T04:14:58.784+0000] {task_command.py:423} INFO - Running <TaskInstance: etl_pipeline_scd2.run_processor_extract_HSE manual__2025-10-22T04:14:50.269462+00:00 [running]> on host 436d1e220711
[2025-10-22T04:14:58.959+0000] {taskinstance.py:2480} INFO - Exporting env vars: AIRFLOW_CTX_DAG_OWNER='***' AIRFLOW_CTX_DAG_ID='etl_pipeline_scd2' AIRFLOW_CTX_TASK_ID='run_processor_extract_HSE' AIRFLOW_CTX_EXECUTION_DATE='2025-10-22T04:14:50.269462+00:00' AIRFLOW_CTX_TRY_NUMBER='1' AIRFLOW_CTX_DAG_RUN_ID='manual__2025-10-22T04:14:50.269462+00:00'
[2025-10-22T04:14:58.967+0000] {logging_mixin.py:188} INFO - Exécution du script : /opt/***/scripts/processor_extract_HSE.py
[2025-10-22T04:15:29.802+0000] {logging_mixin.py:188} INFO -  Date extraite du nom du fichier : 15/08/2025
'HSE Invariants' sauvegardé -> data/out/HSE_Invariants_20250815.xlsx
'Inspections' sauvegardé -> data/out/updated/Inspections_20250815.xlsx
'Questions' sauvegardé -> data/out/updated/Questions_20250815.xlsx

=== Extraction terminée ===
Fichier source : data/inbox/ERIS Report Extraction 15_08_2025.xlsx
 - HSE Invariants -> data/out/HSE_Invariants_20250815.xlsx (2281 lignes, 31 colonnes)
 - Inspections -> data/out/updated/Inspections_20250815.xlsx (95 lignes, 14 colonnes)
 - Questions -> data/out/updated/Questions_20250815.xlsx (2281 lignes, 360 colonnes)
[2025-10-22T04:15:29.820+0000] {python.py:201} INFO - Done. Returned value was: None
[2025-10-22T04:15:29.923+0000] {taskinstance.py:1138} INFO - Marking task as SUCCESS. dag_id=etl_pipeline_scd2, task_id=run_processor_extract_HSE, execution_date=20251022T041450, start_date=20251022T041458, end_date=20251022T041529
[2025-10-22T04:15:30.025+0000] {local_task_job_runner.py:234} INFO - Task exited with return code 0
[2025-10-22T04:15:30.104+0000] {taskinstance.py:3280} INFO - 0 downstream tasks scheduled from follow-on schedule check
