[2025-09-27T19:47:56.743+0000] {taskinstance.py:1956} INFO - Dependencies all met for dep_context=non-requeueable deps ti=<TaskInstance: dynamic_process_scripts_dag.run_processor_extract_station manual__2025-09-27T19:46:27.491448+00:00 [queued]>
[2025-09-27T19:47:56.777+0000] {taskinstance.py:1956} INFO - Dependencies all met for dep_context=requeueable deps ti=<TaskInstance: dynamic_process_scripts_dag.run_processor_extract_station manual__2025-09-27T19:46:27.491448+00:00 [queued]>
[2025-09-27T19:47:56.778+0000] {taskinstance.py:2170} INFO - Starting attempt 1 of 1
[2025-09-27T19:47:56.849+0000] {taskinstance.py:2191} INFO - Executing <Task(PythonOperator): run_processor_extract_station> on 2025-09-27 19:46:27.491448+00:00
[2025-09-27T19:47:56.881+0000] {standard_task_runner.py:60} INFO - Started process 280 to run task
[2025-09-27T19:47:56.908+0000] {standard_task_runner.py:87} INFO - Running: ['***', 'tasks', 'run', 'dynamic_process_scripts_dag', 'run_processor_extract_station', 'manual__2025-09-27T19:46:27.491448+00:00', '--job-id', '17', '--raw', '--subdir', 'DAGS_FOLDER/process_scripts.py', '--cfg-path', '/tmp/tmpo_hxsnjq']
[2025-09-27T19:47:56.926+0000] {standard_task_runner.py:88} INFO - Job 17: Subtask run_processor_extract_station
[2025-09-27T19:47:57.000+0000] {logging_mixin.py:188} WARNING - /home/***/.local/lib/python3.11/site-packages/***/settings.py:194 DeprecationWarning: The sql_alchemy_conn option in [core] has been moved to the sql_alchemy_conn option in [database] - the old setting has been used, but please update your config.
[2025-09-27T19:47:57.163+0000] {task_command.py:423} INFO - Running <TaskInstance: dynamic_process_scripts_dag.run_processor_extract_station manual__2025-09-27T19:46:27.491448+00:00 [running]> on host f8e3e2343db9
[2025-09-27T19:47:57.385+0000] {taskinstance.py:2480} INFO - Exporting env vars: AIRFLOW_CTX_DAG_OWNER='***' AIRFLOW_CTX_DAG_ID='dynamic_process_scripts_dag' AIRFLOW_CTX_TASK_ID='run_processor_extract_station' AIRFLOW_CTX_EXECUTION_DATE='2025-09-27T19:46:27.491448+00:00' AIRFLOW_CTX_TRY_NUMBER='1' AIRFLOW_CTX_DAG_RUN_ID='manual__2025-09-27T19:46:27.491448+00:00'
[2025-09-27T19:48:22.531+0000] {logging_mixin.py:188} INFO - Succès /opt/***/scripts/processor_extract_station.py
=== Résumé console ===
Hypothèse                                -> IGNORED_NOT_COUNTRY
PLT 24-30 (Old zones)                    -> IGNORED_NOT_COUNTRY
besoin Capex Vs PLT 2024                 -> IGNORED_NOT_COUNTRY
REPORTING_AFR                            -> IGNORED_NOT_COUNTRY
conformité_BUvsPC_2021                   -> IGNORED_NOT_COUNTRY
CAD 24                                   -> IGNORED_NOT_COUNTRY
REPORTING_AFR_17.07.25                   -> IGNORED_NOT_COUNTRY
Pu_filiale                               -> IGNORED_NOT_COUNTRY
REPORTING_MKRD_01.24                     -> IGNORED_NOT_COUNTRY
AFR                                      -> IGNORED_NOT_COUNTRY
AFR 2026                                 -> IGNORED_NOT_COUNTRY
BU AFR                                   -> IGNORED_NOT_COUNTRY
BU_NIG                                   -> IGNORED_NOT_COUNTRY
BU_MOI                                   -> IGNORED_NOT_COUNTRY
BU_ANBE                                  -> IGNORED_NOT_COUNTRY
BU_AFO                                   -> IGNORED_NOT_COUNTRY
BU_ACE                                   -> IGNORED_NOT_COUNTRY
AFR (PC)                                 -> IGNORED_NOT_COUNTRY
NIG                                      -> IGNORED_NOT_COUNTRY
MOI (PC)                                 -> IGNORED_NOT_COUNTRY
MOI                                      -> IGNORED_NOT_COUNTRY
AFO (PC)                                 -> IGNORED_NOT_COUNTRY
AFO                                      -> IGNORED_NOT_COUNTRY
ACE (PC)                                 -> IGNORED_NOT_COUNTRY
ACE                                      -> IGNORED_NOT_COUNTRY
AFA (PC)                                 -> IGNORED_NOT_COUNTRY
ANBE                                     -> IGNORED_NOT_COUNTRY
Nigéria                                  -> OK    :  595 rows x  6 cols
Mayotte                                  -> OK    :  595 rows x  6 cols
Egypte                                   -> OK    :  595 rows x  6 cols
Erythrée                                 -> OK    :  595 rows x  6 cols
Ethiopie                                 -> OK    :  592 rows x  6 cols
Madagascar                               -> OK    :  595 rows x  6 cols
Maroc                                    -> OK    :  595 rows x  6 cols
Maurice                                  -> OK    :  595 rows x  6 cols
Réunion                                  -> OK    :  595 rows x  6 cols
Tunisie                                  -> OK    :  591 rows x  6 cols
Burkina                                  -> OK    :  597 rows x  6 cols
Togo                                     -> OK    :  595 rows x  6 cols
Tchad                                    -> OK    :  595 rows x  6 cols
Sénégal                                  -> OK    :  595 rows x  6 cols
Mali                                     -> OK    :  595 rows x  6 cols
Ghana                                    -> OK    :  555 rows x  6 cols
Centafrique                              -> OK    :  595 rows x  6 cols
Côte Ivoire                              -> OK    :  595 rows x  6 cols
Guinée                                   -> OK    :  595 rows x  6 cols
Botswana                                 -> OK    :  595 rows x  6 cols
Afrique du Sud                           -> OK    :  605 rows x  6 cols
Eswatini                                 -> OK    :  595 rows x  6 cols
Malawi                                   -> OK    :  595 rows x  6 cols
Angola                                   -> OK    :  595 rows x  6 cols
Mozambique                               -> OK    :  595 rows x  6 cols
Namibie                                  -> OK    :  595 rows x  6 cols
Zimbabwe                                 -> OK    :  595 rows x  6 cols
Zambie                                   -> OK    :  617 rows x  6 cols
Cameroun                                 -> OK    :  595 rows x  6 cols
RDC                                      -> OK    :  595 rows x  6 cols
Congo Brazza                             -> OK    :  595 rows x  6 cols
Gabon                                    -> OK    :  595 rows x  6 cols
Guinée Equitoriale                       -> OK    :  595 rows x  6 cols
Kenya                                    -> OK    :  593 rows x  6 cols
Uganda                                   -> OK    :  595 rows x  6 cols
Tanzania                                 -> OK    :  595 rows x  6 cols
nbr site 100% conforme                   -> IGNORED_NOT_COUNTRY
Comparaison nbre sites                   -> IGNORED_NOT_COUNTRY
Bridge_nbre station 2022                 -> IGNORED_NOT_COUNTRY
Bridge_nbre station 2023                 -> IGNORED_NOT_COUNTRY

Fichier de sortie: data/out/Extract_Station.xlsx
[2025-09-27T19:48:22.533+0000] {python.py:201} INFO - Done. Returned value was: None
[2025-09-27T19:48:22.557+0000] {taskinstance.py:1138} INFO - Marking task as SUCCESS. dag_id=dynamic_process_scripts_dag, task_id=run_processor_extract_station, execution_date=20250927T194627, start_date=20250927T194756, end_date=20250927T194822
[2025-09-27T19:48:22.642+0000] {local_task_job_runner.py:234} INFO - Task exited with return code 0
[2025-09-27T19:48:22.681+0000] {taskinstance.py:3280} INFO - 0 downstream tasks scheduled from follow-on schedule check
