[2025-10-24T01:08:53.351+0000] {taskinstance.py:1956} INFO - Dependencies all met for dep_context=non-requeueable deps ti=<TaskInstance: etl_pipeline_scd2.run_processor_extract_HSE manual__2025-10-24T01:08:43.658329+00:00 [queued]>
[2025-10-24T01:08:53.373+0000] {taskinstance.py:1956} INFO - Dependencies all met for dep_context=requeueable deps ti=<TaskInstance: etl_pipeline_scd2.run_processor_extract_HSE manual__2025-10-24T01:08:43.658329+00:00 [queued]>
[2025-10-24T01:08:53.374+0000] {taskinstance.py:2170} INFO - Starting attempt 1 of 1
[2025-10-24T01:08:53.421+0000] {taskinstance.py:2191} INFO - Executing <Task(PythonOperator): run_processor_extract_HSE> on 2025-10-24 01:08:43.658329+00:00
[2025-10-24T01:08:53.480+0000] {standard_task_runner.py:60} INFO - Started process 4271 to run task
[2025-10-24T01:08:53.493+0000] {standard_task_runner.py:87} INFO - Running: ['***', 'tasks', 'run', 'etl_pipeline_scd2', 'run_processor_extract_HSE', 'manual__2025-10-24T01:08:43.658329+00:00', '--job-id', '212', '--raw', '--subdir', 'DAGS_FOLDER/process_scripts.py', '--cfg-path', '/tmp/tmpmdyq8mu7']
[2025-10-24T01:08:53.500+0000] {standard_task_runner.py:88} INFO - Job 212: Subtask run_processor_extract_HSE
[2025-10-24T01:08:53.550+0000] {logging_mixin.py:188} WARNING - /home/***/.local/lib/python3.11/site-packages/***/settings.py:194 DeprecationWarning: The sql_alchemy_conn option in [core] has been moved to the sql_alchemy_conn option in [database] - the old setting has been used, but please update your config.
[2025-10-24T01:08:53.848+0000] {task_command.py:423} INFO - Running <TaskInstance: etl_pipeline_scd2.run_processor_extract_HSE manual__2025-10-24T01:08:43.658329+00:00 [running]> on host ca755dafa923
[2025-10-24T01:08:54.087+0000] {taskinstance.py:2480} INFO - Exporting env vars: AIRFLOW_CTX_DAG_OWNER='***' AIRFLOW_CTX_DAG_ID='etl_pipeline_scd2' AIRFLOW_CTX_TASK_ID='run_processor_extract_HSE' AIRFLOW_CTX_EXECUTION_DATE='2025-10-24T01:08:43.658329+00:00' AIRFLOW_CTX_TRY_NUMBER='1' AIRFLOW_CTX_DAG_RUN_ID='manual__2025-10-24T01:08:43.658329+00:00'
[2025-10-24T01:08:54.093+0000] {logging_mixin.py:188} INFO - Exécution du script : /opt/***/scripts/processor_extract_HSE.py
[2025-10-24T01:09:23.673+0000] {logging_mixin.py:188} INFO -  Date extraite du nom du fichier : 15/08/2025
'HSE Invariants' sauvegardé -> data/out/HSE_Invariants_20250815.xlsx
'Inspections' sauvegardé -> data/out/updated/Inspections_20250815.xlsx
'Questions' sauvegardé -> data/out/updated/Questions_20250815.xlsx

=== Extraction terminée ===
Fichier source : data/inbox/ERIS Report Extraction 15_08_2025.xlsx
 - HSE Invariants -> data/out/HSE_Invariants_20250815.xlsx (2281 lignes, 31 colonnes)
 - Inspections -> data/out/updated/Inspections_20250815.xlsx (95 lignes, 14 colonnes)
 - Questions -> data/out/updated/Questions_20250815.xlsx (2281 lignes, 360 colonnes)
[2025-10-24T01:09:23.704+0000] {python.py:201} INFO - Done. Returned value was: None
[2025-10-24T01:09:23.900+0000] {taskinstance.py:1138} INFO - Marking task as SUCCESS. dag_id=etl_pipeline_scd2, task_id=run_processor_extract_HSE, execution_date=20251024T010843, start_date=20251024T010853, end_date=20251024T010923
[2025-10-24T01:09:24.075+0000] {local_task_job_runner.py:234} INFO - Task exited with return code 0
[2025-10-24T01:09:24.200+0000] {taskinstance.py:3280} INFO - 0 downstream tasks scheduled from follow-on schedule check
