[2025-10-23T21:34:28.262+0000] {taskinstance.py:1956} INFO - Dependencies all met for dep_context=non-requeueable deps ti=<TaskInstance: etl_pipeline_scd2.run_processor_extract_ep11 manual__2025-10-23T21:32:51.542171+00:00 [queued]>
[2025-10-23T21:34:28.304+0000] {taskinstance.py:1956} INFO - Dependencies all met for dep_context=requeueable deps ti=<TaskInstance: etl_pipeline_scd2.run_processor_extract_ep11 manual__2025-10-23T21:32:51.542171+00:00 [queued]>
[2025-10-23T21:34:28.306+0000] {taskinstance.py:2170} INFO - Starting attempt 1 of 1
[2025-10-23T21:34:28.409+0000] {taskinstance.py:2191} INFO - Executing <Task(PythonOperator): run_processor_extract_ep11> on 2025-10-23 21:32:51.542171+00:00
[2025-10-23T21:34:28.482+0000] {standard_task_runner.py:60} INFO - Started process 1264 to run task
[2025-10-23T21:34:28.571+0000] {standard_task_runner.py:87} INFO - Running: ['***', 'tasks', 'run', 'etl_pipeline_scd2', 'run_processor_extract_ep11', 'manual__2025-10-23T21:32:51.542171+00:00', '--job-id', '138', '--raw', '--subdir', 'DAGS_FOLDER/process_scripts.py', '--cfg-path', '/tmp/tmp2_4t7tvy']
[2025-10-23T21:34:28.641+0000] {standard_task_runner.py:88} INFO - Job 138: Subtask run_processor_extract_ep11
[2025-10-23T21:34:28.880+0000] {logging_mixin.py:188} WARNING - /home/***/.local/lib/python3.11/site-packages/***/settings.py:194 DeprecationWarning: The sql_alchemy_conn option in [core] has been moved to the sql_alchemy_conn option in [database] - the old setting has been used, but please update your config.
[2025-10-23T21:34:29.284+0000] {task_command.py:423} INFO - Running <TaskInstance: etl_pipeline_scd2.run_processor_extract_ep11 manual__2025-10-23T21:32:51.542171+00:00 [running]> on host ca755dafa923
[2025-10-23T21:34:29.882+0000] {taskinstance.py:2480} INFO - Exporting env vars: AIRFLOW_CTX_DAG_OWNER='***' AIRFLOW_CTX_DAG_ID='etl_pipeline_scd2' AIRFLOW_CTX_TASK_ID='run_processor_extract_ep11' AIRFLOW_CTX_EXECUTION_DATE='2025-10-23T21:32:51.542171+00:00' AIRFLOW_CTX_TRY_NUMBER='1' AIRFLOW_CTX_DAG_RUN_ID='manual__2025-10-23T21:32:51.542171+00:00'
[2025-10-23T21:34:29.949+0000] {logging_mixin.py:188} INFO - Exécution du script : /opt/***/scripts/processor_extract_ep11.py
[2025-10-23T21:34:44.561+0000] {logging_mixin.py:188} INFO - 
 Enrichissement des lignes EP11...
Fichier Invariants (source): Invariants_study_20251023.xlsx
Fichier Extraction: ERIS Report Extraction 15_08_2025.xlsx
 Extraction terminée:
   - 1627 stations avec D.02
   - 643 stations avec EP11

✅ Enrichissement terminé:
   - 32 lignes EP11 trouvées
   - 14 lignes EP11 enrichies avec Status (0 ou 100)
   - 13 via D.02
   - 1 via EP11

Fichier enrichi sauvegardé: data/out/updated/Invariants_study_enriched_20251023.xlsx

✅ Processus terminé!
📄 Fichier final: data/out/updated/Invariants_study_enriched_20251023.xlsx
[2025-10-23T21:34:44.609+0000] {python.py:201} INFO - Done. Returned value was: None
[2025-10-23T21:34:44.812+0000] {taskinstance.py:1138} INFO - Marking task as SUCCESS. dag_id=etl_pipeline_scd2, task_id=run_processor_extract_ep11, execution_date=20251023T213251, start_date=20251023T213428, end_date=20251023T213444
[2025-10-23T21:34:45.161+0000] {local_task_job_runner.py:234} INFO - Task exited with return code 0
[2025-10-23T21:34:45.545+0000] {taskinstance.py:3280} INFO - 1 downstream tasks scheduled from follow-on schedule check
