[2025-10-25T14:53:48.187+0000] {processor.py:161} INFO - Started process (PID=7558) to work on /opt/airflow/dags/process_scripts.py
[2025-10-25T14:53:48.200+0000] {processor.py:830} INFO - Processing file /opt/airflow/dags/process_scripts.py for tasks to queue
[2025-10-25T14:53:48.235+0000] {logging_mixin.py:188} INFO - [2025-10-25T14:53:48.222+0000] {dagbag.py:538} INFO - Filling up the DagBag from /opt/airflow/dags/process_scripts.py
[2025-10-25T14:53:48.507+0000] {processor.py:840} INFO - DAG(s) 'etl_pipeline_scd2' retrieved from /opt/airflow/dags/process_scripts.py
[2025-10-25T14:53:48.706+0000] {logging_mixin.py:188} INFO - [2025-10-25T14:53:48.706+0000] {dag.py:3036} INFO - Sync 1 DAGs
[2025-10-25T14:53:48.798+0000] {logging_mixin.py:188} INFO - [2025-10-25T14:53:48.796+0000] {dag.py:3823} INFO - Setting next_dagrun for etl_pipeline_scd2 to None, run_after=None
[2025-10-25T14:53:48.909+0000] {processor.py:183} INFO - Processing /opt/airflow/dags/process_scripts.py took 0.767 seconds
[2025-10-25T14:54:19.111+0000] {processor.py:161} INFO - Started process (PID=7563) to work on /opt/airflow/dags/process_scripts.py
[2025-10-25T14:54:19.112+0000] {processor.py:830} INFO - Processing file /opt/airflow/dags/process_scripts.py for tasks to queue
[2025-10-25T14:54:19.113+0000] {logging_mixin.py:188} INFO - [2025-10-25T14:54:19.112+0000] {dagbag.py:538} INFO - Filling up the DagBag from /opt/airflow/dags/process_scripts.py
[2025-10-25T14:54:19.132+0000] {processor.py:840} INFO - DAG(s) 'etl_pipeline_scd2' retrieved from /opt/airflow/dags/process_scripts.py
[2025-10-25T14:54:19.165+0000] {logging_mixin.py:188} INFO - [2025-10-25T14:54:19.165+0000] {dag.py:3036} INFO - Sync 1 DAGs
[2025-10-25T14:54:19.178+0000] {logging_mixin.py:188} INFO - [2025-10-25T14:54:19.178+0000] {dag.py:3823} INFO - Setting next_dagrun for etl_pipeline_scd2 to None, run_after=None
[2025-10-25T14:54:19.201+0000] {processor.py:183} INFO - Processing /opt/airflow/dags/process_scripts.py took 0.094 seconds
[2025-10-25T14:54:49.283+0000] {processor.py:161} INFO - Started process (PID=7568) to work on /opt/airflow/dags/process_scripts.py
[2025-10-25T14:54:49.284+0000] {processor.py:830} INFO - Processing file /opt/airflow/dags/process_scripts.py for tasks to queue
[2025-10-25T14:54:49.285+0000] {logging_mixin.py:188} INFO - [2025-10-25T14:54:49.285+0000] {dagbag.py:538} INFO - Filling up the DagBag from /opt/airflow/dags/process_scripts.py
[2025-10-25T14:54:49.302+0000] {processor.py:840} INFO - DAG(s) 'etl_pipeline_scd2' retrieved from /opt/airflow/dags/process_scripts.py
[2025-10-25T14:54:49.331+0000] {logging_mixin.py:188} INFO - [2025-10-25T14:54:49.331+0000] {dag.py:3036} INFO - Sync 1 DAGs
[2025-10-25T14:54:49.343+0000] {logging_mixin.py:188} INFO - [2025-10-25T14:54:49.342+0000] {dag.py:3823} INFO - Setting next_dagrun for etl_pipeline_scd2 to None, run_after=None
[2025-10-25T14:54:49.371+0000] {processor.py:183} INFO - Processing /opt/airflow/dags/process_scripts.py took 0.092 seconds
[2025-10-25T14:55:19.506+0000] {processor.py:161} INFO - Started process (PID=7573) to work on /opt/airflow/dags/process_scripts.py
[2025-10-25T14:55:19.508+0000] {processor.py:830} INFO - Processing file /opt/airflow/dags/process_scripts.py for tasks to queue
[2025-10-25T14:55:19.509+0000] {logging_mixin.py:188} INFO - [2025-10-25T14:55:19.509+0000] {dagbag.py:538} INFO - Filling up the DagBag from /opt/airflow/dags/process_scripts.py
[2025-10-25T14:55:19.528+0000] {processor.py:840} INFO - DAG(s) 'etl_pipeline_scd2' retrieved from /opt/airflow/dags/process_scripts.py
[2025-10-25T14:55:19.562+0000] {logging_mixin.py:188} INFO - [2025-10-25T14:55:19.562+0000] {dag.py:3036} INFO - Sync 1 DAGs
[2025-10-25T14:55:19.575+0000] {logging_mixin.py:188} INFO - [2025-10-25T14:55:19.575+0000] {dag.py:3823} INFO - Setting next_dagrun for etl_pipeline_scd2 to None, run_after=None
[2025-10-25T14:55:19.614+0000] {processor.py:183} INFO - Processing /opt/airflow/dags/process_scripts.py took 0.111 seconds
