[2025-10-18T19:39:41.538+0000] {processor.py:161} INFO - Started process (PID=2013) to work on /opt/airflow/dags/process_scripts.py
[2025-10-18T19:39:41.541+0000] {processor.py:830} INFO - Processing file /opt/airflow/dags/process_scripts.py for tasks to queue
[2025-10-18T19:39:41.543+0000] {logging_mixin.py:188} INFO - [2025-10-18T19:39:41.542+0000] {dagbag.py:538} INFO - Filling up the DagBag from /opt/airflow/dags/process_scripts.py
[2025-10-18T19:39:41.698+0000] {processor.py:840} INFO - DAG(s) 'etl_pipeline_scd2' retrieved from /opt/airflow/dags/process_scripts.py
[2025-10-18T19:39:42.642+0000] {logging_mixin.py:188} INFO - [2025-10-18T19:39:42.642+0000] {dag.py:3036} INFO - Sync 1 DAGs
[2025-10-18T19:39:42.759+0000] {logging_mixin.py:188} INFO - [2025-10-18T19:39:42.759+0000] {dag.py:3823} INFO - Setting next_dagrun for etl_pipeline_scd2 to None, run_after=None
[2025-10-18T19:39:43.139+0000] {processor.py:183} INFO - Processing /opt/airflow/dags/process_scripts.py took 1.606 seconds
[2025-10-18T19:40:14.137+0000] {processor.py:161} INFO - Started process (PID=2018) to work on /opt/airflow/dags/process_scripts.py
[2025-10-18T19:40:14.168+0000] {processor.py:830} INFO - Processing file /opt/airflow/dags/process_scripts.py for tasks to queue
[2025-10-18T19:40:14.194+0000] {logging_mixin.py:188} INFO - [2025-10-18T19:40:14.183+0000] {dagbag.py:538} INFO - Filling up the DagBag from /opt/airflow/dags/process_scripts.py
[2025-10-18T19:40:14.852+0000] {processor.py:840} INFO - DAG(s) 'etl_pipeline_scd2' retrieved from /opt/airflow/dags/process_scripts.py
[2025-10-18T19:40:15.728+0000] {logging_mixin.py:188} INFO - [2025-10-18T19:40:15.727+0000] {dag.py:3036} INFO - Sync 1 DAGs
[2025-10-18T19:40:15.763+0000] {logging_mixin.py:188} INFO - [2025-10-18T19:40:15.762+0000] {dag.py:3823} INFO - Setting next_dagrun for etl_pipeline_scd2 to None, run_after=None
[2025-10-18T19:40:15.855+0000] {processor.py:183} INFO - Processing /opt/airflow/dags/process_scripts.py took 1.812 seconds
[2025-10-18T19:40:47.980+0000] {processor.py:161} INFO - Started process (PID=2023) to work on /opt/airflow/dags/process_scripts.py
[2025-10-18T19:40:48.013+0000] {processor.py:830} INFO - Processing file /opt/airflow/dags/process_scripts.py for tasks to queue
[2025-10-18T19:40:48.114+0000] {logging_mixin.py:188} INFO - [2025-10-18T19:40:48.104+0000] {dagbag.py:538} INFO - Filling up the DagBag from /opt/airflow/dags/process_scripts.py
[2025-10-18T19:40:48.860+0000] {processor.py:840} INFO - DAG(s) 'etl_pipeline_scd2' retrieved from /opt/airflow/dags/process_scripts.py
[2025-10-18T19:40:49.420+0000] {logging_mixin.py:188} INFO - [2025-10-18T19:40:49.419+0000] {dag.py:3036} INFO - Sync 1 DAGs
[2025-10-18T19:40:49.470+0000] {logging_mixin.py:188} INFO - [2025-10-18T19:40:49.470+0000] {dag.py:3823} INFO - Setting next_dagrun for etl_pipeline_scd2 to None, run_after=None
[2025-10-18T19:40:49.630+0000] {processor.py:183} INFO - Processing /opt/airflow/dags/process_scripts.py took 1.782 seconds
[2025-10-18T19:41:21.542+0000] {processor.py:161} INFO - Started process (PID=2028) to work on /opt/airflow/dags/process_scripts.py
[2025-10-18T19:41:21.565+0000] {processor.py:830} INFO - Processing file /opt/airflow/dags/process_scripts.py for tasks to queue
[2025-10-18T19:41:21.583+0000] {logging_mixin.py:188} INFO - [2025-10-18T19:41:21.575+0000] {dagbag.py:538} INFO - Filling up the DagBag from /opt/airflow/dags/process_scripts.py
[2025-10-18T19:41:22.231+0000] {processor.py:840} INFO - DAG(s) 'etl_pipeline_scd2' retrieved from /opt/airflow/dags/process_scripts.py
[2025-10-18T19:41:23.502+0000] {logging_mixin.py:188} INFO - [2025-10-18T19:41:23.501+0000] {dag.py:3036} INFO - Sync 1 DAGs
[2025-10-18T19:41:23.594+0000] {logging_mixin.py:188} INFO - [2025-10-18T19:41:23.593+0000] {dag.py:3823} INFO - Setting next_dagrun for etl_pipeline_scd2 to None, run_after=None
[2025-10-18T19:41:23.813+0000] {processor.py:183} INFO - Processing /opt/airflow/dags/process_scripts.py took 2.567 seconds
[2025-10-18T19:41:54.857+0000] {processor.py:161} INFO - Started process (PID=2033) to work on /opt/airflow/dags/process_scripts.py
[2025-10-18T19:41:54.885+0000] {processor.py:830} INFO - Processing file /opt/airflow/dags/process_scripts.py for tasks to queue
[2025-10-18T19:41:54.907+0000] {logging_mixin.py:188} INFO - [2025-10-18T19:41:54.898+0000] {dagbag.py:538} INFO - Filling up the DagBag from /opt/airflow/dags/process_scripts.py
[2025-10-18T19:41:55.320+0000] {processor.py:840} INFO - DAG(s) 'etl_pipeline_scd2' retrieved from /opt/airflow/dags/process_scripts.py
[2025-10-18T19:41:55.957+0000] {logging_mixin.py:188} INFO - [2025-10-18T19:41:55.956+0000] {dag.py:3036} INFO - Sync 1 DAGs
[2025-10-18T19:41:56.003+0000] {logging_mixin.py:188} INFO - [2025-10-18T19:41:56.003+0000] {dag.py:3823} INFO - Setting next_dagrun for etl_pipeline_scd2 to None, run_after=None
[2025-10-18T19:41:56.144+0000] {processor.py:183} INFO - Processing /opt/airflow/dags/process_scripts.py took 1.363 seconds
[2025-10-18T19:42:27.714+0000] {processor.py:161} INFO - Started process (PID=2038) to work on /opt/airflow/dags/process_scripts.py
[2025-10-18T19:42:27.743+0000] {processor.py:830} INFO - Processing file /opt/airflow/dags/process_scripts.py for tasks to queue
[2025-10-18T19:42:27.773+0000] {logging_mixin.py:188} INFO - [2025-10-18T19:42:27.757+0000] {dagbag.py:538} INFO - Filling up the DagBag from /opt/airflow/dags/process_scripts.py
[2025-10-18T19:42:28.572+0000] {processor.py:840} INFO - DAG(s) 'etl_pipeline_scd2' retrieved from /opt/airflow/dags/process_scripts.py
[2025-10-18T19:42:29.427+0000] {logging_mixin.py:188} INFO - [2025-10-18T19:42:29.426+0000] {dag.py:3036} INFO - Sync 1 DAGs
[2025-10-18T19:42:29.536+0000] {logging_mixin.py:188} INFO - [2025-10-18T19:42:29.536+0000] {dag.py:3823} INFO - Setting next_dagrun for etl_pipeline_scd2 to None, run_after=None
[2025-10-18T19:42:29.827+0000] {processor.py:183} INFO - Processing /opt/airflow/dags/process_scripts.py took 2.237 seconds
[2025-10-18T19:43:00.219+0000] {processor.py:161} INFO - Started process (PID=2043) to work on /opt/airflow/dags/process_scripts.py
[2025-10-18T19:43:00.223+0000] {processor.py:830} INFO - Processing file /opt/airflow/dags/process_scripts.py for tasks to queue
[2025-10-18T19:43:00.226+0000] {logging_mixin.py:188} INFO - [2025-10-18T19:43:00.225+0000] {dagbag.py:538} INFO - Filling up the DagBag from /opt/airflow/dags/process_scripts.py
[2025-10-18T19:43:00.340+0000] {processor.py:840} INFO - DAG(s) 'etl_pipeline_scd2' retrieved from /opt/airflow/dags/process_scripts.py
[2025-10-18T19:43:00.593+0000] {logging_mixin.py:188} INFO - [2025-10-18T19:43:00.593+0000] {dag.py:3036} INFO - Sync 1 DAGs
[2025-10-18T19:43:00.612+0000] {logging_mixin.py:188} INFO - [2025-10-18T19:43:00.612+0000] {dag.py:3823} INFO - Setting next_dagrun for etl_pipeline_scd2 to None, run_after=None
[2025-10-18T19:43:00.679+0000] {processor.py:183} INFO - Processing /opt/airflow/dags/process_scripts.py took 0.478 seconds
[2025-10-18T19:43:31.946+0000] {processor.py:161} INFO - Started process (PID=2048) to work on /opt/airflow/dags/process_scripts.py
[2025-10-18T19:43:31.950+0000] {processor.py:830} INFO - Processing file /opt/airflow/dags/process_scripts.py for tasks to queue
[2025-10-18T19:43:31.961+0000] {logging_mixin.py:188} INFO - [2025-10-18T19:43:31.955+0000] {dagbag.py:538} INFO - Filling up the DagBag from /opt/airflow/dags/process_scripts.py
[2025-10-18T19:43:32.224+0000] {processor.py:840} INFO - DAG(s) 'etl_pipeline_scd2' retrieved from /opt/airflow/dags/process_scripts.py
[2025-10-18T19:43:33.227+0000] {logging_mixin.py:188} INFO - [2025-10-18T19:43:33.225+0000] {dag.py:3036} INFO - Sync 1 DAGs
[2025-10-18T19:43:33.284+0000] {logging_mixin.py:188} INFO - [2025-10-18T19:43:33.284+0000] {dag.py:3823} INFO - Setting next_dagrun for etl_pipeline_scd2 to None, run_after=None
[2025-10-18T19:43:33.437+0000] {processor.py:183} INFO - Processing /opt/airflow/dags/process_scripts.py took 1.522 seconds
[2025-10-18T19:44:04.009+0000] {processor.py:161} INFO - Started process (PID=2053) to work on /opt/airflow/dags/process_scripts.py
[2025-10-18T19:44:04.017+0000] {processor.py:830} INFO - Processing file /opt/airflow/dags/process_scripts.py for tasks to queue
[2025-10-18T19:44:04.034+0000] {logging_mixin.py:188} INFO - [2025-10-18T19:44:04.024+0000] {dagbag.py:538} INFO - Filling up the DagBag from /opt/airflow/dags/process_scripts.py
[2025-10-18T19:44:04.283+0000] {processor.py:840} INFO - DAG(s) 'etl_pipeline_scd2' retrieved from /opt/airflow/dags/process_scripts.py
[2025-10-18T19:44:05.035+0000] {logging_mixin.py:188} INFO - [2025-10-18T19:44:05.034+0000] {dag.py:3036} INFO - Sync 1 DAGs
[2025-10-18T19:44:05.150+0000] {logging_mixin.py:188} INFO - [2025-10-18T19:44:05.150+0000] {dag.py:3823} INFO - Setting next_dagrun for etl_pipeline_scd2 to None, run_after=None
[2025-10-18T19:44:05.266+0000] {processor.py:183} INFO - Processing /opt/airflow/dags/process_scripts.py took 1.319 seconds
[2025-10-18T19:44:36.656+0000] {processor.py:161} INFO - Started process (PID=2058) to work on /opt/airflow/dags/process_scripts.py
[2025-10-18T19:44:36.668+0000] {processor.py:830} INFO - Processing file /opt/airflow/dags/process_scripts.py for tasks to queue
[2025-10-18T19:44:36.683+0000] {logging_mixin.py:188} INFO - [2025-10-18T19:44:36.675+0000] {dagbag.py:538} INFO - Filling up the DagBag from /opt/airflow/dags/process_scripts.py
[2025-10-18T19:44:37.001+0000] {processor.py:840} INFO - DAG(s) 'etl_pipeline_scd2' retrieved from /opt/airflow/dags/process_scripts.py
[2025-10-18T19:44:37.783+0000] {logging_mixin.py:188} INFO - [2025-10-18T19:44:37.782+0000] {dag.py:3036} INFO - Sync 1 DAGs
[2025-10-18T19:44:37.842+0000] {logging_mixin.py:188} INFO - [2025-10-18T19:44:37.841+0000] {dag.py:3823} INFO - Setting next_dagrun for etl_pipeline_scd2 to None, run_after=None
[2025-10-18T19:44:37.943+0000] {processor.py:183} INFO - Processing /opt/airflow/dags/process_scripts.py took 1.379 seconds
[2025-10-18T19:44:58.517+0000] {processor.py:161} INFO - Started process (PID=2063) to work on /opt/airflow/dags/process_scripts.py
[2025-10-18T19:44:58.538+0000] {processor.py:830} INFO - Processing file /opt/airflow/dags/process_scripts.py for tasks to queue
[2025-10-18T19:44:58.563+0000] {logging_mixin.py:188} INFO - [2025-10-18T19:44:58.551+0000] {dagbag.py:538} INFO - Filling up the DagBag from /opt/airflow/dags/process_scripts.py
[2025-10-18T19:44:59.221+0000] {processor.py:840} INFO - DAG(s) 'etl_pipeline_scd2' retrieved from /opt/airflow/dags/process_scripts.py
[2025-10-18T19:44:59.471+0000] {logging_mixin.py:188} INFO - [2025-10-18T19:44:59.470+0000] {dag.py:3036} INFO - Sync 1 DAGs
[2025-10-18T19:44:59.698+0000] {logging_mixin.py:188} INFO - [2025-10-18T19:44:59.697+0000] {dag.py:3823} INFO - Setting next_dagrun for etl_pipeline_scd2 to None, run_after=None
[2025-10-18T19:44:59.876+0000] {processor.py:183} INFO - Processing /opt/airflow/dags/process_scripts.py took 1.396 seconds
[2025-10-18T19:45:30.860+0000] {processor.py:161} INFO - Started process (PID=2068) to work on /opt/airflow/dags/process_scripts.py
[2025-10-18T19:45:30.869+0000] {processor.py:830} INFO - Processing file /opt/airflow/dags/process_scripts.py for tasks to queue
[2025-10-18T19:45:30.883+0000] {logging_mixin.py:188} INFO - [2025-10-18T19:45:30.876+0000] {dagbag.py:538} INFO - Filling up the DagBag from /opt/airflow/dags/process_scripts.py
[2025-10-18T19:45:31.195+0000] {processor.py:840} INFO - DAG(s) 'etl_pipeline_scd2' retrieved from /opt/airflow/dags/process_scripts.py
[2025-10-18T19:45:32.199+0000] {logging_mixin.py:188} INFO - [2025-10-18T19:45:32.198+0000] {dag.py:3036} INFO - Sync 1 DAGs
[2025-10-18T19:45:32.379+0000] {logging_mixin.py:188} INFO - [2025-10-18T19:45:32.378+0000] {dag.py:3823} INFO - Setting next_dagrun for etl_pipeline_scd2 to None, run_after=None
[2025-10-18T19:45:32.471+0000] {processor.py:183} INFO - Processing /opt/airflow/dags/process_scripts.py took 1.671 seconds
[2025-10-18T19:46:04.301+0000] {processor.py:161} INFO - Started process (PID=2073) to work on /opt/airflow/dags/process_scripts.py
[2025-10-18T19:46:04.310+0000] {processor.py:830} INFO - Processing file /opt/airflow/dags/process_scripts.py for tasks to queue
[2025-10-18T19:46:04.325+0000] {logging_mixin.py:188} INFO - [2025-10-18T19:46:04.319+0000] {dagbag.py:538} INFO - Filling up the DagBag from /opt/airflow/dags/process_scripts.py
[2025-10-18T19:46:04.697+0000] {processor.py:840} INFO - DAG(s) 'etl_pipeline_scd2' retrieved from /opt/airflow/dags/process_scripts.py
[2025-10-18T19:46:04.988+0000] {logging_mixin.py:188} INFO - [2025-10-18T19:46:04.988+0000] {dag.py:3036} INFO - Sync 1 DAGs
[2025-10-18T19:46:05.122+0000] {logging_mixin.py:188} INFO - [2025-10-18T19:46:05.121+0000] {dag.py:3823} INFO - Setting next_dagrun for etl_pipeline_scd2 to None, run_after=None
[2025-10-18T19:46:05.230+0000] {processor.py:183} INFO - Processing /opt/airflow/dags/process_scripts.py took 0.988 seconds
[2025-10-18T19:46:35.777+0000] {processor.py:161} INFO - Started process (PID=2078) to work on /opt/airflow/dags/process_scripts.py
[2025-10-18T19:46:35.784+0000] {processor.py:830} INFO - Processing file /opt/airflow/dags/process_scripts.py for tasks to queue
[2025-10-18T19:46:35.791+0000] {logging_mixin.py:188} INFO - [2025-10-18T19:46:35.788+0000] {dagbag.py:538} INFO - Filling up the DagBag from /opt/airflow/dags/process_scripts.py
[2025-10-18T19:46:35.919+0000] {processor.py:840} INFO - DAG(s) 'etl_pipeline_scd2' retrieved from /opt/airflow/dags/process_scripts.py
[2025-10-18T19:46:36.055+0000] {logging_mixin.py:188} INFO - [2025-10-18T19:46:36.054+0000] {dag.py:3036} INFO - Sync 1 DAGs
[2025-10-18T19:46:36.091+0000] {logging_mixin.py:188} INFO - [2025-10-18T19:46:36.091+0000] {dag.py:3823} INFO - Setting next_dagrun for etl_pipeline_scd2 to None, run_after=None
[2025-10-18T19:46:36.165+0000] {processor.py:183} INFO - Processing /opt/airflow/dags/process_scripts.py took 0.406 seconds
[2025-10-18T19:47:07.428+0000] {processor.py:161} INFO - Started process (PID=2083) to work on /opt/airflow/dags/process_scripts.py
[2025-10-18T19:47:07.439+0000] {processor.py:830} INFO - Processing file /opt/airflow/dags/process_scripts.py for tasks to queue
[2025-10-18T19:47:07.457+0000] {logging_mixin.py:188} INFO - [2025-10-18T19:47:07.447+0000] {dagbag.py:538} INFO - Filling up the DagBag from /opt/airflow/dags/process_scripts.py
[2025-10-18T19:47:07.747+0000] {processor.py:840} INFO - DAG(s) 'etl_pipeline_scd2' retrieved from /opt/airflow/dags/process_scripts.py
[2025-10-18T19:47:08.162+0000] {logging_mixin.py:188} INFO - [2025-10-18T19:47:08.162+0000] {dag.py:3036} INFO - Sync 1 DAGs
[2025-10-18T19:47:08.306+0000] {logging_mixin.py:188} INFO - [2025-10-18T19:47:08.306+0000] {dag.py:3823} INFO - Setting next_dagrun for etl_pipeline_scd2 to None, run_after=None
[2025-10-18T19:47:08.448+0000] {processor.py:183} INFO - Processing /opt/airflow/dags/process_scripts.py took 1.087 seconds
[2025-10-18T19:47:38.631+0000] {processor.py:161} INFO - Started process (PID=2088) to work on /opt/airflow/dags/process_scripts.py
[2025-10-18T19:47:38.638+0000] {processor.py:830} INFO - Processing file /opt/airflow/dags/process_scripts.py for tasks to queue
[2025-10-18T19:47:38.644+0000] {logging_mixin.py:188} INFO - [2025-10-18T19:47:38.641+0000] {dagbag.py:538} INFO - Filling up the DagBag from /opt/airflow/dags/process_scripts.py
[2025-10-18T19:47:38.821+0000] {processor.py:840} INFO - DAG(s) 'etl_pipeline_scd2' retrieved from /opt/airflow/dags/process_scripts.py
[2025-10-18T19:47:38.976+0000] {logging_mixin.py:188} INFO - [2025-10-18T19:47:38.975+0000] {dag.py:3036} INFO - Sync 1 DAGs
[2025-10-18T19:47:39.044+0000] {logging_mixin.py:188} INFO - [2025-10-18T19:47:39.043+0000] {dag.py:3823} INFO - Setting next_dagrun for etl_pipeline_scd2 to None, run_after=None
[2025-10-18T19:47:39.111+0000] {processor.py:183} INFO - Processing /opt/airflow/dags/process_scripts.py took 0.506 seconds
