[2025-10-21T18:58:23.406+0000] {taskinstance.py:1956} INFO - Dependencies all met for dep_context=non-requeueable deps ti=<TaskInstance: etl_pipeline_scd2.run_processor_extract_ep11 manual__2025-10-21T18:56:18.006068+00:00 [queued]>
[2025-10-21T18:58:23.486+0000] {taskinstance.py:1956} INFO - Dependencies all met for dep_context=requeueable deps ti=<TaskInstance: etl_pipeline_scd2.run_processor_extract_ep11 manual__2025-10-21T18:56:18.006068+00:00 [queued]>
[2025-10-21T18:58:23.495+0000] {taskinstance.py:2170} INFO - Starting attempt 1 of 1
[2025-10-21T18:58:23.613+0000] {taskinstance.py:2191} INFO - Executing <Task(PythonOperator): run_processor_extract_ep11> on 2025-10-21 18:56:18.006068+00:00
[2025-10-21T18:58:23.774+0000] {standard_task_runner.py:60} INFO - Started process 7334 to run task
[2025-10-21T18:58:23.829+0000] {standard_task_runner.py:87} INFO - Running: ['***', 'tasks', 'run', 'etl_pipeline_scd2', 'run_processor_extract_ep11', 'manual__2025-10-21T18:56:18.006068+00:00', '--job-id', '99', '--raw', '--subdir', 'DAGS_FOLDER/process_scripts.py', '--cfg-path', '/tmp/tmpdltr65vb']
[2025-10-21T18:58:23.897+0000] {standard_task_runner.py:88} INFO - Job 99: Subtask run_processor_extract_ep11
[2025-10-21T18:58:24.112+0000] {logging_mixin.py:188} WARNING - /home/***/.local/lib/python3.11/site-packages/***/settings.py:194 DeprecationWarning: The sql_alchemy_conn option in [core] has been moved to the sql_alchemy_conn option in [database] - the old setting has been used, but please update your config.
[2025-10-21T18:58:25.554+0000] {task_command.py:423} INFO - Running <TaskInstance: etl_pipeline_scd2.run_processor_extract_ep11 manual__2025-10-21T18:56:18.006068+00:00 [running]> on host 436d1e220711
[2025-10-21T18:58:26.950+0000] {taskinstance.py:2480} INFO - Exporting env vars: AIRFLOW_CTX_DAG_OWNER='***' AIRFLOW_CTX_DAG_ID='etl_pipeline_scd2' AIRFLOW_CTX_TASK_ID='run_processor_extract_ep11' AIRFLOW_CTX_EXECUTION_DATE='2025-10-21T18:56:18.006068+00:00' AIRFLOW_CTX_TRY_NUMBER='1' AIRFLOW_CTX_DAG_RUN_ID='manual__2025-10-21T18:56:18.006068+00:00'
[2025-10-21T18:58:27.127+0000] {logging_mixin.py:188} INFO - Exécution du script : /opt/***/scripts/processor_extract_ep11.py
[2025-10-21T18:58:52.466+0000] {logging_mixin.py:188} INFO - 
🔄 Enrichissement des lignes EP11...
📂 Fichier Invariants (source): Invariants_study_20251021.xlsx
📂 Fichier Extraction: ERIS Report Extraction 15_08_2025.xlsx
✅ Extraction terminée:
   - 1627 stations avec D.02
   - 643 stations avec EP11

✅ Enrichissement terminé:
   - 32 lignes EP11 trouvées
   - 14 lignes EP11 enrichies avec Status (0 ou 100)
   - 13 via D.02
   - 1 via EP11

📊 Fichier enrichi sauvegardé: data/out/updated/Invariants_study_enriched_20251021.xlsx

✅ Processus terminé!
📄 Fichier final: data/out/updated/Invariants_study_enriched_20251021.xlsx
[2025-10-21T18:58:52.515+0000] {python.py:201} INFO - Done. Returned value was: None
[2025-10-21T18:58:52.843+0000] {taskinstance.py:1138} INFO - Marking task as SUCCESS. dag_id=etl_pipeline_scd2, task_id=run_processor_extract_ep11, execution_date=20251021T185618, start_date=20251021T185823, end_date=20251021T185852
[2025-10-21T18:58:53.241+0000] {local_task_job_runner.py:234} INFO - Task exited with return code 0
[2025-10-21T18:58:53.519+0000] {taskinstance.py:3280} INFO - 0 downstream tasks scheduled from follow-on schedule check
