[2025-10-22T00:00:01.935+0000] {processor.py:161} INFO - Started process (PID=1974) to work on /opt/airflow/dags/process_scripts.py
[2025-10-22T00:00:01.937+0000] {processor.py:830} INFO - Processing file /opt/airflow/dags/process_scripts.py for tasks to queue
[2025-10-22T00:00:01.939+0000] {logging_mixin.py:188} INFO - [2025-10-22T00:00:01.938+0000] {dagbag.py:538} INFO - Filling up the DagBag from /opt/airflow/dags/process_scripts.py
[2025-10-22T00:00:01.975+0000] {processor.py:840} INFO - DAG(s) 'etl_pipeline_scd2' retrieved from /opt/airflow/dags/process_scripts.py
[2025-10-22T00:00:02.016+0000] {logging_mixin.py:188} INFO - [2025-10-22T00:00:02.016+0000] {dag.py:3036} INFO - Sync 1 DAGs
[2025-10-22T00:00:02.035+0000] {logging_mixin.py:188} INFO - [2025-10-22T00:00:02.035+0000] {dag.py:3823} INFO - Setting next_dagrun for etl_pipeline_scd2 to None, run_after=None
[2025-10-22T00:00:02.080+0000] {processor.py:183} INFO - Processing /opt/airflow/dags/process_scripts.py took 0.153 seconds
[2025-10-22T00:00:32.267+0000] {processor.py:161} INFO - Started process (PID=1979) to work on /opt/airflow/dags/process_scripts.py
[2025-10-22T00:00:32.268+0000] {processor.py:830} INFO - Processing file /opt/airflow/dags/process_scripts.py for tasks to queue
[2025-10-22T00:00:32.270+0000] {logging_mixin.py:188} INFO - [2025-10-22T00:00:32.269+0000] {dagbag.py:538} INFO - Filling up the DagBag from /opt/airflow/dags/process_scripts.py
[2025-10-22T00:00:32.326+0000] {processor.py:840} INFO - DAG(s) 'etl_pipeline_scd2' retrieved from /opt/airflow/dags/process_scripts.py
[2025-10-22T00:00:32.371+0000] {logging_mixin.py:188} INFO - [2025-10-22T00:00:32.371+0000] {dag.py:3036} INFO - Sync 1 DAGs
[2025-10-22T00:00:32.389+0000] {logging_mixin.py:188} INFO - [2025-10-22T00:00:32.389+0000] {dag.py:3823} INFO - Setting next_dagrun for etl_pipeline_scd2 to None, run_after=None
[2025-10-22T00:00:32.426+0000] {processor.py:183} INFO - Processing /opt/airflow/dags/process_scripts.py took 0.164 seconds
[2025-10-22T00:01:02.822+0000] {processor.py:161} INFO - Started process (PID=1984) to work on /opt/airflow/dags/process_scripts.py
[2025-10-22T00:01:02.825+0000] {processor.py:830} INFO - Processing file /opt/airflow/dags/process_scripts.py for tasks to queue
[2025-10-22T00:01:02.827+0000] {logging_mixin.py:188} INFO - [2025-10-22T00:01:02.826+0000] {dagbag.py:538} INFO - Filling up the DagBag from /opt/airflow/dags/process_scripts.py
[2025-10-22T00:01:02.914+0000] {processor.py:840} INFO - DAG(s) 'etl_pipeline_scd2' retrieved from /opt/airflow/dags/process_scripts.py
[2025-10-22T00:01:02.961+0000] {logging_mixin.py:188} INFO - [2025-10-22T00:01:02.960+0000] {dag.py:3036} INFO - Sync 1 DAGs
[2025-10-22T00:01:02.978+0000] {logging_mixin.py:188} INFO - [2025-10-22T00:01:02.977+0000] {dag.py:3823} INFO - Setting next_dagrun for etl_pipeline_scd2 to None, run_after=None
[2025-10-22T00:01:03.041+0000] {processor.py:183} INFO - Processing /opt/airflow/dags/process_scripts.py took 0.224 seconds
[2025-10-22T00:01:33.228+0000] {processor.py:161} INFO - Started process (PID=1989) to work on /opt/airflow/dags/process_scripts.py
[2025-10-22T00:01:33.231+0000] {processor.py:830} INFO - Processing file /opt/airflow/dags/process_scripts.py for tasks to queue
[2025-10-22T00:01:33.234+0000] {logging_mixin.py:188} INFO - [2025-10-22T00:01:33.233+0000] {dagbag.py:538} INFO - Filling up the DagBag from /opt/airflow/dags/process_scripts.py
[2025-10-22T00:01:33.315+0000] {processor.py:840} INFO - DAG(s) 'etl_pipeline_scd2' retrieved from /opt/airflow/dags/process_scripts.py
[2025-10-22T00:01:33.376+0000] {logging_mixin.py:188} INFO - [2025-10-22T00:01:33.376+0000] {dag.py:3036} INFO - Sync 1 DAGs
[2025-10-22T00:01:33.402+0000] {logging_mixin.py:188} INFO - [2025-10-22T00:01:33.402+0000] {dag.py:3823} INFO - Setting next_dagrun for etl_pipeline_scd2 to None, run_after=None
[2025-10-22T00:01:33.462+0000] {processor.py:183} INFO - Processing /opt/airflow/dags/process_scripts.py took 0.240 seconds
[2025-10-22T00:02:03.798+0000] {processor.py:161} INFO - Started process (PID=1994) to work on /opt/airflow/dags/process_scripts.py
[2025-10-22T00:02:03.799+0000] {processor.py:830} INFO - Processing file /opt/airflow/dags/process_scripts.py for tasks to queue
[2025-10-22T00:02:03.801+0000] {logging_mixin.py:188} INFO - [2025-10-22T00:02:03.801+0000] {dagbag.py:538} INFO - Filling up the DagBag from /opt/airflow/dags/process_scripts.py
[2025-10-22T00:02:03.865+0000] {processor.py:840} INFO - DAG(s) 'etl_pipeline_scd2' retrieved from /opt/airflow/dags/process_scripts.py
[2025-10-22T00:02:03.921+0000] {logging_mixin.py:188} INFO - [2025-10-22T00:02:03.921+0000] {dag.py:3036} INFO - Sync 1 DAGs
[2025-10-22T00:02:03.944+0000] {logging_mixin.py:188} INFO - [2025-10-22T00:02:03.944+0000] {dag.py:3823} INFO - Setting next_dagrun for etl_pipeline_scd2 to None, run_after=None
[2025-10-22T00:02:04.001+0000] {processor.py:183} INFO - Processing /opt/airflow/dags/process_scripts.py took 0.207 seconds
[2025-10-22T00:02:34.211+0000] {processor.py:161} INFO - Started process (PID=1999) to work on /opt/airflow/dags/process_scripts.py
[2025-10-22T00:02:34.215+0000] {processor.py:830} INFO - Processing file /opt/airflow/dags/process_scripts.py for tasks to queue
[2025-10-22T00:02:34.217+0000] {logging_mixin.py:188} INFO - [2025-10-22T00:02:34.217+0000] {dagbag.py:538} INFO - Filling up the DagBag from /opt/airflow/dags/process_scripts.py
[2025-10-22T00:02:34.284+0000] {processor.py:840} INFO - DAG(s) 'etl_pipeline_scd2' retrieved from /opt/airflow/dags/process_scripts.py
[2025-10-22T00:02:34.334+0000] {logging_mixin.py:188} INFO - [2025-10-22T00:02:34.334+0000] {dag.py:3036} INFO - Sync 1 DAGs
[2025-10-22T00:02:34.354+0000] {logging_mixin.py:188} INFO - [2025-10-22T00:02:34.353+0000] {dag.py:3823} INFO - Setting next_dagrun for etl_pipeline_scd2 to None, run_after=None
[2025-10-22T00:02:34.410+0000] {processor.py:183} INFO - Processing /opt/airflow/dags/process_scripts.py took 0.204 seconds
[2025-10-22T00:03:04.735+0000] {processor.py:161} INFO - Started process (PID=2004) to work on /opt/airflow/dags/process_scripts.py
[2025-10-22T00:03:04.737+0000] {processor.py:830} INFO - Processing file /opt/airflow/dags/process_scripts.py for tasks to queue
[2025-10-22T00:03:04.740+0000] {logging_mixin.py:188} INFO - [2025-10-22T00:03:04.738+0000] {dagbag.py:538} INFO - Filling up the DagBag from /opt/airflow/dags/process_scripts.py
[2025-10-22T00:03:04.802+0000] {processor.py:840} INFO - DAG(s) 'etl_pipeline_scd2' retrieved from /opt/airflow/dags/process_scripts.py
[2025-10-22T00:03:04.854+0000] {logging_mixin.py:188} INFO - [2025-10-22T00:03:04.853+0000] {dag.py:3036} INFO - Sync 1 DAGs
[2025-10-22T00:03:04.884+0000] {logging_mixin.py:188} INFO - [2025-10-22T00:03:04.883+0000] {dag.py:3823} INFO - Setting next_dagrun for etl_pipeline_scd2 to None, run_after=None
[2025-10-22T00:03:04.931+0000] {processor.py:183} INFO - Processing /opt/airflow/dags/process_scripts.py took 0.201 seconds
[2025-10-22T00:03:35.107+0000] {processor.py:161} INFO - Started process (PID=2009) to work on /opt/airflow/dags/process_scripts.py
[2025-10-22T00:03:35.109+0000] {processor.py:830} INFO - Processing file /opt/airflow/dags/process_scripts.py for tasks to queue
[2025-10-22T00:03:35.111+0000] {logging_mixin.py:188} INFO - [2025-10-22T00:03:35.110+0000] {dagbag.py:538} INFO - Filling up the DagBag from /opt/airflow/dags/process_scripts.py
[2025-10-22T00:03:35.181+0000] {processor.py:840} INFO - DAG(s) 'etl_pipeline_scd2' retrieved from /opt/airflow/dags/process_scripts.py
[2025-10-22T00:03:35.236+0000] {logging_mixin.py:188} INFO - [2025-10-22T00:03:35.236+0000] {dag.py:3036} INFO - Sync 1 DAGs
[2025-10-22T00:03:35.263+0000] {logging_mixin.py:188} INFO - [2025-10-22T00:03:35.263+0000] {dag.py:3823} INFO - Setting next_dagrun for etl_pipeline_scd2 to None, run_after=None
[2025-10-22T00:03:35.311+0000] {processor.py:183} INFO - Processing /opt/airflow/dags/process_scripts.py took 0.210 seconds
[2025-10-22T00:04:05.669+0000] {processor.py:161} INFO - Started process (PID=2014) to work on /opt/airflow/dags/process_scripts.py
[2025-10-22T00:04:05.672+0000] {processor.py:830} INFO - Processing file /opt/airflow/dags/process_scripts.py for tasks to queue
[2025-10-22T00:04:05.674+0000] {logging_mixin.py:188} INFO - [2025-10-22T00:04:05.674+0000] {dagbag.py:538} INFO - Filling up the DagBag from /opt/airflow/dags/process_scripts.py
[2025-10-22T00:04:05.752+0000] {processor.py:840} INFO - DAG(s) 'etl_pipeline_scd2' retrieved from /opt/airflow/dags/process_scripts.py
[2025-10-22T00:04:05.804+0000] {logging_mixin.py:188} INFO - [2025-10-22T00:04:05.804+0000] {dag.py:3036} INFO - Sync 1 DAGs
[2025-10-22T00:04:05.827+0000] {logging_mixin.py:188} INFO - [2025-10-22T00:04:05.827+0000] {dag.py:3823} INFO - Setting next_dagrun for etl_pipeline_scd2 to None, run_after=None
[2025-10-22T00:04:05.883+0000] {processor.py:183} INFO - Processing /opt/airflow/dags/process_scripts.py took 0.219 seconds
[2025-10-22T00:04:36.001+0000] {processor.py:161} INFO - Started process (PID=2019) to work on /opt/airflow/dags/process_scripts.py
[2025-10-22T00:04:36.004+0000] {processor.py:830} INFO - Processing file /opt/airflow/dags/process_scripts.py for tasks to queue
[2025-10-22T00:04:36.006+0000] {logging_mixin.py:188} INFO - [2025-10-22T00:04:36.005+0000] {dagbag.py:538} INFO - Filling up the DagBag from /opt/airflow/dags/process_scripts.py
[2025-10-22T00:04:36.067+0000] {processor.py:840} INFO - DAG(s) 'etl_pipeline_scd2' retrieved from /opt/airflow/dags/process_scripts.py
[2025-10-22T00:04:36.119+0000] {logging_mixin.py:188} INFO - [2025-10-22T00:04:36.118+0000] {dag.py:3036} INFO - Sync 1 DAGs
[2025-10-22T00:04:36.137+0000] {logging_mixin.py:188} INFO - [2025-10-22T00:04:36.137+0000] {dag.py:3823} INFO - Setting next_dagrun for etl_pipeline_scd2 to None, run_after=None
[2025-10-22T00:04:36.186+0000] {processor.py:183} INFO - Processing /opt/airflow/dags/process_scripts.py took 0.190 seconds
[2025-10-22T00:05:06.871+0000] {processor.py:161} INFO - Started process (PID=2024) to work on /opt/airflow/dags/process_scripts.py
[2025-10-22T00:05:06.873+0000] {processor.py:830} INFO - Processing file /opt/airflow/dags/process_scripts.py for tasks to queue
[2025-10-22T00:05:06.875+0000] {logging_mixin.py:188} INFO - [2025-10-22T00:05:06.874+0000] {dagbag.py:538} INFO - Filling up the DagBag from /opt/airflow/dags/process_scripts.py
[2025-10-22T00:05:06.917+0000] {processor.py:840} INFO - DAG(s) 'etl_pipeline_scd2' retrieved from /opt/airflow/dags/process_scripts.py
[2025-10-22T00:05:06.953+0000] {logging_mixin.py:188} INFO - [2025-10-22T00:05:06.952+0000] {dag.py:3036} INFO - Sync 1 DAGs
[2025-10-22T00:05:06.965+0000] {logging_mixin.py:188} INFO - [2025-10-22T00:05:06.964+0000] {dag.py:3823} INFO - Setting next_dagrun for etl_pipeline_scd2 to None, run_after=None
[2025-10-22T00:05:06.999+0000] {processor.py:183} INFO - Processing /opt/airflow/dags/process_scripts.py took 0.132 seconds
[2025-10-22T04:05:53.784+0000] {processor.py:161} INFO - Started process (PID=2031) to work on /opt/airflow/dags/process_scripts.py
[2025-10-22T04:05:53.802+0000] {processor.py:830} INFO - Processing file /opt/airflow/dags/process_scripts.py for tasks to queue
[2025-10-22T04:05:53.817+0000] {logging_mixin.py:188} INFO - [2025-10-22T04:05:53.815+0000] {dagbag.py:538} INFO - Filling up the DagBag from /opt/airflow/dags/process_scripts.py
[2025-10-22T04:05:54.333+0000] {processor.py:840} INFO - DAG(s) 'etl_pipeline_scd2' retrieved from /opt/airflow/dags/process_scripts.py
[2025-10-22T04:05:54.477+0000] {logging_mixin.py:188} INFO - [2025-10-22T04:05:54.476+0000] {dag.py:3036} INFO - Sync 1 DAGs
[2025-10-22T04:05:54.527+0000] {logging_mixin.py:188} INFO - [2025-10-22T04:05:54.526+0000] {dag.py:3823} INFO - Setting next_dagrun for etl_pipeline_scd2 to None, run_after=None
[2025-10-22T04:05:54.612+0000] {processor.py:183} INFO - Processing /opt/airflow/dags/process_scripts.py took 0.851 seconds
[2025-10-22T04:06:25.018+0000] {processor.py:161} INFO - Started process (PID=2036) to work on /opt/airflow/dags/process_scripts.py
[2025-10-22T04:06:25.019+0000] {processor.py:830} INFO - Processing file /opt/airflow/dags/process_scripts.py for tasks to queue
[2025-10-22T04:06:25.020+0000] {logging_mixin.py:188} INFO - [2025-10-22T04:06:25.020+0000] {dagbag.py:538} INFO - Filling up the DagBag from /opt/airflow/dags/process_scripts.py
[2025-10-22T04:06:25.045+0000] {processor.py:840} INFO - DAG(s) 'etl_pipeline_scd2' retrieved from /opt/airflow/dags/process_scripts.py
[2025-10-22T04:06:25.073+0000] {logging_mixin.py:188} INFO - [2025-10-22T04:06:25.073+0000] {dag.py:3036} INFO - Sync 1 DAGs
[2025-10-22T04:06:25.090+0000] {logging_mixin.py:188} INFO - [2025-10-22T04:06:25.090+0000] {dag.py:3823} INFO - Setting next_dagrun for etl_pipeline_scd2 to None, run_after=None
[2025-10-22T04:06:25.141+0000] {processor.py:183} INFO - Processing /opt/airflow/dags/process_scripts.py took 0.126 seconds
[2025-10-22T04:06:55.299+0000] {processor.py:161} INFO - Started process (PID=2041) to work on /opt/airflow/dags/process_scripts.py
[2025-10-22T04:06:55.300+0000] {processor.py:830} INFO - Processing file /opt/airflow/dags/process_scripts.py for tasks to queue
[2025-10-22T04:06:55.303+0000] {logging_mixin.py:188} INFO - [2025-10-22T04:06:55.302+0000] {dagbag.py:538} INFO - Filling up the DagBag from /opt/airflow/dags/process_scripts.py
[2025-10-22T04:06:55.339+0000] {processor.py:840} INFO - DAG(s) 'etl_pipeline_scd2' retrieved from /opt/airflow/dags/process_scripts.py
[2025-10-22T04:06:55.404+0000] {logging_mixin.py:188} INFO - [2025-10-22T04:06:55.404+0000] {dag.py:3036} INFO - Sync 1 DAGs
[2025-10-22T04:06:55.431+0000] {logging_mixin.py:188} INFO - [2025-10-22T04:06:55.431+0000] {dag.py:3823} INFO - Setting next_dagrun for etl_pipeline_scd2 to None, run_after=None
[2025-10-22T04:06:55.470+0000] {processor.py:183} INFO - Processing /opt/airflow/dags/process_scripts.py took 0.175 seconds
[2025-10-22T04:07:26.573+0000] {processor.py:161} INFO - Started process (PID=2046) to work on /opt/airflow/dags/process_scripts.py
[2025-10-22T04:07:26.581+0000] {processor.py:830} INFO - Processing file /opt/airflow/dags/process_scripts.py for tasks to queue
[2025-10-22T04:07:26.588+0000] {logging_mixin.py:188} INFO - [2025-10-22T04:07:26.586+0000] {dagbag.py:538} INFO - Filling up the DagBag from /opt/airflow/dags/process_scripts.py
[2025-10-22T04:07:26.954+0000] {processor.py:840} INFO - DAG(s) 'etl_pipeline_scd2' retrieved from /opt/airflow/dags/process_scripts.py
[2025-10-22T04:07:27.069+0000] {logging_mixin.py:188} INFO - [2025-10-22T04:07:27.069+0000] {dag.py:3036} INFO - Sync 1 DAGs
[2025-10-22T04:07:27.117+0000] {logging_mixin.py:188} INFO - [2025-10-22T04:07:27.117+0000] {dag.py:3823} INFO - Setting next_dagrun for etl_pipeline_scd2 to None, run_after=None
[2025-10-22T04:07:27.246+0000] {processor.py:183} INFO - Processing /opt/airflow/dags/process_scripts.py took 0.691 seconds
[2025-10-22T04:07:58.660+0000] {processor.py:161} INFO - Started process (PID=2051) to work on /opt/airflow/dags/process_scripts.py
[2025-10-22T04:07:58.672+0000] {processor.py:830} INFO - Processing file /opt/airflow/dags/process_scripts.py for tasks to queue
[2025-10-22T04:07:58.685+0000] {logging_mixin.py:188} INFO - [2025-10-22T04:07:58.679+0000] {dagbag.py:538} INFO - Filling up the DagBag from /opt/airflow/dags/process_scripts.py
[2025-10-22T04:07:58.951+0000] {processor.py:840} INFO - DAG(s) 'etl_pipeline_scd2' retrieved from /opt/airflow/dags/process_scripts.py
[2025-10-22T04:07:59.434+0000] {logging_mixin.py:188} INFO - [2025-10-22T04:07:59.433+0000] {dag.py:3036} INFO - Sync 1 DAGs
[2025-10-22T04:07:59.651+0000] {logging_mixin.py:188} INFO - [2025-10-22T04:07:59.649+0000] {dag.py:3823} INFO - Setting next_dagrun for etl_pipeline_scd2 to None, run_after=None
[2025-10-22T04:08:00.130+0000] {processor.py:183} INFO - Processing /opt/airflow/dags/process_scripts.py took 1.532 seconds
[2025-10-22T04:08:30.879+0000] {processor.py:161} INFO - Started process (PID=2056) to work on /opt/airflow/dags/process_scripts.py
[2025-10-22T04:08:30.884+0000] {processor.py:830} INFO - Processing file /opt/airflow/dags/process_scripts.py for tasks to queue
[2025-10-22T04:08:30.891+0000] {logging_mixin.py:188} INFO - [2025-10-22T04:08:30.889+0000] {dagbag.py:538} INFO - Filling up the DagBag from /opt/airflow/dags/process_scripts.py
[2025-10-22T04:08:31.102+0000] {processor.py:840} INFO - DAG(s) 'etl_pipeline_scd2' retrieved from /opt/airflow/dags/process_scripts.py
[2025-10-22T04:08:31.727+0000] {logging_mixin.py:188} INFO - [2025-10-22T04:08:31.726+0000] {dag.py:3036} INFO - Sync 1 DAGs
[2025-10-22T04:08:31.829+0000] {logging_mixin.py:188} INFO - [2025-10-22T04:08:31.828+0000] {dag.py:3823} INFO - Setting next_dagrun for etl_pipeline_scd2 to None, run_after=None
[2025-10-22T04:08:31.906+0000] {processor.py:183} INFO - Processing /opt/airflow/dags/process_scripts.py took 1.042 seconds
[2025-10-22T04:09:02.446+0000] {processor.py:161} INFO - Started process (PID=2061) to work on /opt/airflow/dags/process_scripts.py
[2025-10-22T04:09:02.451+0000] {processor.py:830} INFO - Processing file /opt/airflow/dags/process_scripts.py for tasks to queue
[2025-10-22T04:09:02.454+0000] {logging_mixin.py:188} INFO - [2025-10-22T04:09:02.453+0000] {dagbag.py:538} INFO - Filling up the DagBag from /opt/airflow/dags/process_scripts.py
[2025-10-22T04:09:02.557+0000] {processor.py:840} INFO - DAG(s) 'etl_pipeline_scd2' retrieved from /opt/airflow/dags/process_scripts.py
[2025-10-22T04:09:02.608+0000] {logging_mixin.py:188} INFO - [2025-10-22T04:09:02.607+0000] {dag.py:3036} INFO - Sync 1 DAGs
[2025-10-22T04:09:02.635+0000] {logging_mixin.py:188} INFO - [2025-10-22T04:09:02.634+0000] {dag.py:3823} INFO - Setting next_dagrun for etl_pipeline_scd2 to None, run_after=None
[2025-10-22T04:09:02.685+0000] {processor.py:183} INFO - Processing /opt/airflow/dags/process_scripts.py took 0.254 seconds
[2025-10-22T04:09:33.126+0000] {processor.py:161} INFO - Started process (PID=2066) to work on /opt/airflow/dags/process_scripts.py
[2025-10-22T04:09:33.131+0000] {processor.py:830} INFO - Processing file /opt/airflow/dags/process_scripts.py for tasks to queue
[2025-10-22T04:09:33.138+0000] {logging_mixin.py:188} INFO - [2025-10-22T04:09:33.137+0000] {dagbag.py:538} INFO - Filling up the DagBag from /opt/airflow/dags/process_scripts.py
[2025-10-22T04:09:33.265+0000] {processor.py:840} INFO - DAG(s) 'etl_pipeline_scd2' retrieved from /opt/airflow/dags/process_scripts.py
[2025-10-22T04:09:33.338+0000] {logging_mixin.py:188} INFO - [2025-10-22T04:09:33.338+0000] {dag.py:3036} INFO - Sync 1 DAGs
[2025-10-22T04:09:33.369+0000] {logging_mixin.py:188} INFO - [2025-10-22T04:09:33.368+0000] {dag.py:3823} INFO - Setting next_dagrun for etl_pipeline_scd2 to None, run_after=None
[2025-10-22T04:09:33.445+0000] {processor.py:183} INFO - Processing /opt/airflow/dags/process_scripts.py took 0.327 seconds
[2025-10-22T04:10:03.665+0000] {processor.py:161} INFO - Started process (PID=2071) to work on /opt/airflow/dags/process_scripts.py
[2025-10-22T04:10:03.670+0000] {processor.py:830} INFO - Processing file /opt/airflow/dags/process_scripts.py for tasks to queue
[2025-10-22T04:10:03.674+0000] {logging_mixin.py:188} INFO - [2025-10-22T04:10:03.673+0000] {dagbag.py:538} INFO - Filling up the DagBag from /opt/airflow/dags/process_scripts.py
[2025-10-22T04:10:03.749+0000] {processor.py:840} INFO - DAG(s) 'etl_pipeline_scd2' retrieved from /opt/airflow/dags/process_scripts.py
[2025-10-22T04:10:03.808+0000] {logging_mixin.py:188} INFO - [2025-10-22T04:10:03.808+0000] {dag.py:3036} INFO - Sync 1 DAGs
[2025-10-22T04:10:03.829+0000] {logging_mixin.py:188} INFO - [2025-10-22T04:10:03.829+0000] {dag.py:3823} INFO - Setting next_dagrun for etl_pipeline_scd2 to None, run_after=None
[2025-10-22T04:10:03.882+0000] {processor.py:183} INFO - Processing /opt/airflow/dags/process_scripts.py took 0.232 seconds
[2025-10-22T04:10:34.314+0000] {processor.py:161} INFO - Started process (PID=2076) to work on /opt/airflow/dags/process_scripts.py
[2025-10-22T04:10:34.317+0000] {processor.py:830} INFO - Processing file /opt/airflow/dags/process_scripts.py for tasks to queue
[2025-10-22T04:10:34.323+0000] {logging_mixin.py:188} INFO - [2025-10-22T04:10:34.322+0000] {dagbag.py:538} INFO - Filling up the DagBag from /opt/airflow/dags/process_scripts.py
[2025-10-22T04:10:34.403+0000] {processor.py:840} INFO - DAG(s) 'etl_pipeline_scd2' retrieved from /opt/airflow/dags/process_scripts.py
[2025-10-22T04:10:34.450+0000] {logging_mixin.py:188} INFO - [2025-10-22T04:10:34.449+0000] {dag.py:3036} INFO - Sync 1 DAGs
[2025-10-22T04:10:34.487+0000] {logging_mixin.py:188} INFO - [2025-10-22T04:10:34.487+0000] {dag.py:3823} INFO - Setting next_dagrun for etl_pipeline_scd2 to None, run_after=None
[2025-10-22T04:10:34.616+0000] {processor.py:183} INFO - Processing /opt/airflow/dags/process_scripts.py took 0.307 seconds
[2025-10-22T04:11:05.031+0000] {processor.py:161} INFO - Started process (PID=2081) to work on /opt/airflow/dags/process_scripts.py
[2025-10-22T04:11:05.036+0000] {processor.py:830} INFO - Processing file /opt/airflow/dags/process_scripts.py for tasks to queue
[2025-10-22T04:11:05.043+0000] {logging_mixin.py:188} INFO - [2025-10-22T04:11:05.039+0000] {dagbag.py:538} INFO - Filling up the DagBag from /opt/airflow/dags/process_scripts.py
[2025-10-22T04:11:05.206+0000] {processor.py:840} INFO - DAG(s) 'etl_pipeline_scd2' retrieved from /opt/airflow/dags/process_scripts.py
[2025-10-22T04:11:05.463+0000] {logging_mixin.py:188} INFO - [2025-10-22T04:11:05.463+0000] {dag.py:3036} INFO - Sync 1 DAGs
[2025-10-22T04:11:05.537+0000] {logging_mixin.py:188} INFO - [2025-10-22T04:11:05.537+0000] {dag.py:3823} INFO - Setting next_dagrun for etl_pipeline_scd2 to None, run_after=None
[2025-10-22T04:11:05.604+0000] {processor.py:183} INFO - Processing /opt/airflow/dags/process_scripts.py took 0.610 seconds
[2025-10-22T04:11:36.022+0000] {processor.py:161} INFO - Started process (PID=2086) to work on /opt/airflow/dags/process_scripts.py
[2025-10-22T04:11:36.029+0000] {processor.py:830} INFO - Processing file /opt/airflow/dags/process_scripts.py for tasks to queue
[2025-10-22T04:11:36.035+0000] {logging_mixin.py:188} INFO - [2025-10-22T04:11:36.033+0000] {dagbag.py:538} INFO - Filling up the DagBag from /opt/airflow/dags/process_scripts.py
[2025-10-22T04:11:36.122+0000] {processor.py:840} INFO - DAG(s) 'etl_pipeline_scd2' retrieved from /opt/airflow/dags/process_scripts.py
[2025-10-22T04:11:36.178+0000] {logging_mixin.py:188} INFO - [2025-10-22T04:11:36.178+0000] {dag.py:3036} INFO - Sync 1 DAGs
[2025-10-22T04:11:36.202+0000] {logging_mixin.py:188} INFO - [2025-10-22T04:11:36.202+0000] {dag.py:3823} INFO - Setting next_dagrun for etl_pipeline_scd2 to None, run_after=None
[2025-10-22T04:11:36.247+0000] {processor.py:183} INFO - Processing /opt/airflow/dags/process_scripts.py took 0.244 seconds
[2025-10-22T04:12:07.153+0000] {processor.py:161} INFO - Started process (PID=2091) to work on /opt/airflow/dags/process_scripts.py
[2025-10-22T04:12:07.155+0000] {processor.py:830} INFO - Processing file /opt/airflow/dags/process_scripts.py for tasks to queue
[2025-10-22T04:12:07.157+0000] {logging_mixin.py:188} INFO - [2025-10-22T04:12:07.156+0000] {dagbag.py:538} INFO - Filling up the DagBag from /opt/airflow/dags/process_scripts.py
[2025-10-22T04:12:07.226+0000] {processor.py:840} INFO - DAG(s) 'etl_pipeline_scd2' retrieved from /opt/airflow/dags/process_scripts.py
[2025-10-22T04:12:07.277+0000] {logging_mixin.py:188} INFO - [2025-10-22T04:12:07.276+0000] {dag.py:3036} INFO - Sync 1 DAGs
[2025-10-22T04:12:07.302+0000] {logging_mixin.py:188} INFO - [2025-10-22T04:12:07.302+0000] {dag.py:3823} INFO - Setting next_dagrun for etl_pipeline_scd2 to None, run_after=None
[2025-10-22T04:12:07.345+0000] {processor.py:183} INFO - Processing /opt/airflow/dags/process_scripts.py took 0.196 seconds
[2025-10-22T04:12:37.663+0000] {processor.py:161} INFO - Started process (PID=2096) to work on /opt/airflow/dags/process_scripts.py
[2025-10-22T04:12:37.666+0000] {processor.py:830} INFO - Processing file /opt/airflow/dags/process_scripts.py for tasks to queue
[2025-10-22T04:12:37.669+0000] {logging_mixin.py:188} INFO - [2025-10-22T04:12:37.668+0000] {dagbag.py:538} INFO - Filling up the DagBag from /opt/airflow/dags/process_scripts.py
[2025-10-22T04:12:37.729+0000] {processor.py:840} INFO - DAG(s) 'etl_pipeline_scd2' retrieved from /opt/airflow/dags/process_scripts.py
[2025-10-22T04:12:37.781+0000] {logging_mixin.py:188} INFO - [2025-10-22T04:12:37.781+0000] {dag.py:3036} INFO - Sync 1 DAGs
[2025-10-22T04:12:37.801+0000] {logging_mixin.py:188} INFO - [2025-10-22T04:12:37.801+0000] {dag.py:3823} INFO - Setting next_dagrun for etl_pipeline_scd2 to None, run_after=None
[2025-10-22T04:12:37.847+0000] {processor.py:183} INFO - Processing /opt/airflow/dags/process_scripts.py took 0.191 seconds
[2025-10-22T04:13:08.033+0000] {processor.py:161} INFO - Started process (PID=2101) to work on /opt/airflow/dags/process_scripts.py
[2025-10-22T04:13:08.035+0000] {processor.py:830} INFO - Processing file /opt/airflow/dags/process_scripts.py for tasks to queue
[2025-10-22T04:13:08.037+0000] {logging_mixin.py:188} INFO - [2025-10-22T04:13:08.037+0000] {dagbag.py:538} INFO - Filling up the DagBag from /opt/airflow/dags/process_scripts.py
[2025-10-22T04:13:08.102+0000] {processor.py:840} INFO - DAG(s) 'etl_pipeline_scd2' retrieved from /opt/airflow/dags/process_scripts.py
[2025-10-22T04:13:08.154+0000] {logging_mixin.py:188} INFO - [2025-10-22T04:13:08.154+0000] {dag.py:3036} INFO - Sync 1 DAGs
[2025-10-22T04:13:08.177+0000] {logging_mixin.py:188} INFO - [2025-10-22T04:13:08.176+0000] {dag.py:3823} INFO - Setting next_dagrun for etl_pipeline_scd2 to None, run_after=None
[2025-10-22T04:13:08.233+0000] {processor.py:183} INFO - Processing /opt/airflow/dags/process_scripts.py took 0.208 seconds
[2025-10-22T04:13:39.071+0000] {processor.py:161} INFO - Started process (PID=2106) to work on /opt/airflow/dags/process_scripts.py
[2025-10-22T04:13:39.073+0000] {processor.py:830} INFO - Processing file /opt/airflow/dags/process_scripts.py for tasks to queue
[2025-10-22T04:13:39.083+0000] {logging_mixin.py:188} INFO - [2025-10-22T04:13:39.075+0000] {dagbag.py:538} INFO - Filling up the DagBag from /opt/airflow/dags/process_scripts.py
[2025-10-22T04:13:39.268+0000] {processor.py:840} INFO - DAG(s) 'etl_pipeline_scd2' retrieved from /opt/airflow/dags/process_scripts.py
[2025-10-22T04:13:39.355+0000] {logging_mixin.py:188} INFO - [2025-10-22T04:13:39.355+0000] {dag.py:3036} INFO - Sync 1 DAGs
[2025-10-22T04:13:39.388+0000] {logging_mixin.py:188} INFO - [2025-10-22T04:13:39.387+0000] {dag.py:3823} INFO - Setting next_dagrun for etl_pipeline_scd2 to None, run_after=None
[2025-10-22T04:13:39.438+0000] {processor.py:183} INFO - Processing /opt/airflow/dags/process_scripts.py took 0.372 seconds
[2025-10-22T04:14:09.578+0000] {processor.py:161} INFO - Started process (PID=2111) to work on /opt/airflow/dags/process_scripts.py
[2025-10-22T04:14:09.581+0000] {processor.py:830} INFO - Processing file /opt/airflow/dags/process_scripts.py for tasks to queue
[2025-10-22T04:14:09.583+0000] {logging_mixin.py:188} INFO - [2025-10-22T04:14:09.582+0000] {dagbag.py:538} INFO - Filling up the DagBag from /opt/airflow/dags/process_scripts.py
[2025-10-22T04:14:09.681+0000] {processor.py:840} INFO - DAG(s) 'etl_pipeline_scd2' retrieved from /opt/airflow/dags/process_scripts.py
[2025-10-22T04:14:09.751+0000] {logging_mixin.py:188} INFO - [2025-10-22T04:14:09.751+0000] {dag.py:3036} INFO - Sync 1 DAGs
[2025-10-22T04:14:09.777+0000] {logging_mixin.py:188} INFO - [2025-10-22T04:14:09.777+0000] {dag.py:3823} INFO - Setting next_dagrun for etl_pipeline_scd2 to None, run_after=None
[2025-10-22T04:14:09.813+0000] {processor.py:183} INFO - Processing /opt/airflow/dags/process_scripts.py took 0.243 seconds
[2025-10-22T04:14:39.966+0000] {processor.py:161} INFO - Started process (PID=2116) to work on /opt/airflow/dags/process_scripts.py
[2025-10-22T04:14:39.968+0000] {processor.py:830} INFO - Processing file /opt/airflow/dags/process_scripts.py for tasks to queue
[2025-10-22T04:14:39.971+0000] {logging_mixin.py:188} INFO - [2025-10-22T04:14:39.970+0000] {dagbag.py:538} INFO - Filling up the DagBag from /opt/airflow/dags/process_scripts.py
[2025-10-22T04:14:40.029+0000] {processor.py:840} INFO - DAG(s) 'etl_pipeline_scd2' retrieved from /opt/airflow/dags/process_scripts.py
[2025-10-22T04:14:40.083+0000] {logging_mixin.py:188} INFO - [2025-10-22T04:14:40.083+0000] {dag.py:3036} INFO - Sync 1 DAGs
[2025-10-22T04:14:40.105+0000] {logging_mixin.py:188} INFO - [2025-10-22T04:14:40.104+0000] {dag.py:3823} INFO - Setting next_dagrun for etl_pipeline_scd2 to None, run_after=None
[2025-10-22T04:14:40.148+0000] {processor.py:183} INFO - Processing /opt/airflow/dags/process_scripts.py took 0.190 seconds
[2025-10-22T04:15:12.026+0000] {processor.py:161} INFO - Started process (PID=2181) to work on /opt/airflow/dags/process_scripts.py
[2025-10-22T04:15:12.052+0000] {processor.py:830} INFO - Processing file /opt/airflow/dags/process_scripts.py for tasks to queue
[2025-10-22T04:15:12.067+0000] {logging_mixin.py:188} INFO - [2025-10-22T04:15:12.064+0000] {dagbag.py:538} INFO - Filling up the DagBag from /opt/airflow/dags/process_scripts.py
[2025-10-22T04:15:12.420+0000] {processor.py:840} INFO - DAG(s) 'etl_pipeline_scd2' retrieved from /opt/airflow/dags/process_scripts.py
[2025-10-22T04:15:12.530+0000] {logging_mixin.py:188} INFO - [2025-10-22T04:15:12.530+0000] {dag.py:3036} INFO - Sync 1 DAGs
[2025-10-22T04:15:12.619+0000] {logging_mixin.py:188} INFO - [2025-10-22T04:15:12.619+0000] {dag.py:3823} INFO - Setting next_dagrun for etl_pipeline_scd2 to None, run_after=None
[2025-10-22T04:15:12.784+0000] {processor.py:183} INFO - Processing /opt/airflow/dags/process_scripts.py took 0.883 seconds
[2025-10-22T04:15:43.387+0000] {processor.py:161} INFO - Started process (PID=2187) to work on /opt/airflow/dags/process_scripts.py
[2025-10-22T04:15:43.391+0000] {processor.py:830} INFO - Processing file /opt/airflow/dags/process_scripts.py for tasks to queue
[2025-10-22T04:15:43.396+0000] {logging_mixin.py:188} INFO - [2025-10-22T04:15:43.394+0000] {dagbag.py:538} INFO - Filling up the DagBag from /opt/airflow/dags/process_scripts.py
[2025-10-22T04:15:43.521+0000] {processor.py:840} INFO - DAG(s) 'etl_pipeline_scd2' retrieved from /opt/airflow/dags/process_scripts.py
[2025-10-22T04:15:43.599+0000] {logging_mixin.py:188} INFO - [2025-10-22T04:15:43.599+0000] {dag.py:3036} INFO - Sync 1 DAGs
[2025-10-22T04:15:43.647+0000] {logging_mixin.py:188} INFO - [2025-10-22T04:15:43.647+0000] {dag.py:3823} INFO - Setting next_dagrun for etl_pipeline_scd2 to None, run_after=None
[2025-10-22T04:15:43.714+0000] {processor.py:183} INFO - Processing /opt/airflow/dags/process_scripts.py took 0.345 seconds
[2025-10-22T04:16:14.141+0000] {processor.py:161} INFO - Started process (PID=2221) to work on /opt/airflow/dags/process_scripts.py
[2025-10-22T04:16:14.145+0000] {processor.py:830} INFO - Processing file /opt/airflow/dags/process_scripts.py for tasks to queue
[2025-10-22T04:16:14.148+0000] {logging_mixin.py:188} INFO - [2025-10-22T04:16:14.146+0000] {dagbag.py:538} INFO - Filling up the DagBag from /opt/airflow/dags/process_scripts.py
[2025-10-22T04:16:14.231+0000] {processor.py:840} INFO - DAG(s) 'etl_pipeline_scd2' retrieved from /opt/airflow/dags/process_scripts.py
[2025-10-22T04:16:14.314+0000] {logging_mixin.py:188} INFO - [2025-10-22T04:16:14.314+0000] {dag.py:3036} INFO - Sync 1 DAGs
[2025-10-22T04:16:14.343+0000] {logging_mixin.py:188} INFO - [2025-10-22T04:16:14.343+0000] {dag.py:3823} INFO - Setting next_dagrun for etl_pipeline_scd2 to None, run_after=None
[2025-10-22T04:16:14.389+0000] {processor.py:183} INFO - Processing /opt/airflow/dags/process_scripts.py took 0.260 seconds
[2025-10-22T04:16:45.089+0000] {processor.py:161} INFO - Started process (PID=2229) to work on /opt/airflow/dags/process_scripts.py
[2025-10-22T04:16:45.092+0000] {processor.py:830} INFO - Processing file /opt/airflow/dags/process_scripts.py for tasks to queue
[2025-10-22T04:16:45.094+0000] {logging_mixin.py:188} INFO - [2025-10-22T04:16:45.093+0000] {dagbag.py:538} INFO - Filling up the DagBag from /opt/airflow/dags/process_scripts.py
[2025-10-22T04:16:45.155+0000] {processor.py:840} INFO - DAG(s) 'etl_pipeline_scd2' retrieved from /opt/airflow/dags/process_scripts.py
[2025-10-22T04:16:45.185+0000] {logging_mixin.py:188} INFO - [2025-10-22T04:16:45.185+0000] {dag.py:3036} INFO - Sync 1 DAGs
[2025-10-22T04:16:45.201+0000] {logging_mixin.py:188} INFO - [2025-10-22T04:16:45.201+0000] {dag.py:3823} INFO - Setting next_dagrun for etl_pipeline_scd2 to None, run_after=None
[2025-10-22T04:16:45.241+0000] {processor.py:183} INFO - Processing /opt/airflow/dags/process_scripts.py took 0.156 seconds
[2025-10-22T04:17:16.269+0000] {processor.py:161} INFO - Started process (PID=2234) to work on /opt/airflow/dags/process_scripts.py
[2025-10-22T04:17:16.273+0000] {processor.py:830} INFO - Processing file /opt/airflow/dags/process_scripts.py for tasks to queue
[2025-10-22T04:17:16.279+0000] {logging_mixin.py:188} INFO - [2025-10-22T04:17:16.277+0000] {dagbag.py:538} INFO - Filling up the DagBag from /opt/airflow/dags/process_scripts.py
[2025-10-22T04:17:16.396+0000] {processor.py:840} INFO - DAG(s) 'etl_pipeline_scd2' retrieved from /opt/airflow/dags/process_scripts.py
[2025-10-22T04:17:16.469+0000] {logging_mixin.py:188} INFO - [2025-10-22T04:17:16.468+0000] {dag.py:3036} INFO - Sync 1 DAGs
[2025-10-22T04:17:16.492+0000] {logging_mixin.py:188} INFO - [2025-10-22T04:17:16.492+0000] {dag.py:3823} INFO - Setting next_dagrun for etl_pipeline_scd2 to None, run_after=None
[2025-10-22T04:17:16.531+0000] {processor.py:183} INFO - Processing /opt/airflow/dags/process_scripts.py took 0.279 seconds
[2025-10-22T04:17:46.649+0000] {processor.py:161} INFO - Started process (PID=2239) to work on /opt/airflow/dags/process_scripts.py
[2025-10-22T04:17:46.650+0000] {processor.py:830} INFO - Processing file /opt/airflow/dags/process_scripts.py for tasks to queue
[2025-10-22T04:17:46.652+0000] {logging_mixin.py:188} INFO - [2025-10-22T04:17:46.652+0000] {dagbag.py:538} INFO - Filling up the DagBag from /opt/airflow/dags/process_scripts.py
[2025-10-22T04:17:46.698+0000] {processor.py:840} INFO - DAG(s) 'etl_pipeline_scd2' retrieved from /opt/airflow/dags/process_scripts.py
[2025-10-22T04:17:46.758+0000] {logging_mixin.py:188} INFO - [2025-10-22T04:17:46.757+0000] {dag.py:3036} INFO - Sync 1 DAGs
[2025-10-22T04:17:46.775+0000] {logging_mixin.py:188} INFO - [2025-10-22T04:17:46.774+0000] {dag.py:3823} INFO - Setting next_dagrun for etl_pipeline_scd2 to None, run_after=None
[2025-10-22T04:17:46.818+0000] {processor.py:183} INFO - Processing /opt/airflow/dags/process_scripts.py took 0.175 seconds
[2025-10-22T04:18:17.926+0000] {processor.py:161} INFO - Started process (PID=2244) to work on /opt/airflow/dags/process_scripts.py
[2025-10-22T04:18:17.930+0000] {processor.py:830} INFO - Processing file /opt/airflow/dags/process_scripts.py for tasks to queue
[2025-10-22T04:18:17.933+0000] {logging_mixin.py:188} INFO - [2025-10-22T04:18:17.932+0000] {dagbag.py:538} INFO - Filling up the DagBag from /opt/airflow/dags/process_scripts.py
[2025-10-22T04:18:18.053+0000] {processor.py:840} INFO - DAG(s) 'etl_pipeline_scd2' retrieved from /opt/airflow/dags/process_scripts.py
[2025-10-22T04:18:18.128+0000] {logging_mixin.py:188} INFO - [2025-10-22T04:18:18.127+0000] {dag.py:3036} INFO - Sync 1 DAGs
[2025-10-22T04:18:18.173+0000] {logging_mixin.py:188} INFO - [2025-10-22T04:18:18.172+0000] {dag.py:3823} INFO - Setting next_dagrun for etl_pipeline_scd2 to None, run_after=None
[2025-10-22T04:18:18.249+0000] {processor.py:183} INFO - Processing /opt/airflow/dags/process_scripts.py took 0.332 seconds
[2025-10-22T04:18:48.554+0000] {processor.py:161} INFO - Started process (PID=2249) to work on /opt/airflow/dags/process_scripts.py
[2025-10-22T04:18:48.557+0000] {processor.py:830} INFO - Processing file /opt/airflow/dags/process_scripts.py for tasks to queue
[2025-10-22T04:18:48.560+0000] {logging_mixin.py:188} INFO - [2025-10-22T04:18:48.559+0000] {dagbag.py:538} INFO - Filling up the DagBag from /opt/airflow/dags/process_scripts.py
[2025-10-22T04:18:48.632+0000] {processor.py:840} INFO - DAG(s) 'etl_pipeline_scd2' retrieved from /opt/airflow/dags/process_scripts.py
[2025-10-22T04:18:48.692+0000] {logging_mixin.py:188} INFO - [2025-10-22T04:18:48.692+0000] {dag.py:3036} INFO - Sync 1 DAGs
[2025-10-22T04:18:48.715+0000] {logging_mixin.py:188} INFO - [2025-10-22T04:18:48.715+0000] {dag.py:3823} INFO - Setting next_dagrun for etl_pipeline_scd2 to None, run_after=None
[2025-10-22T04:18:48.777+0000] {processor.py:183} INFO - Processing /opt/airflow/dags/process_scripts.py took 0.235 seconds
[2025-10-22T04:19:19.107+0000] {processor.py:161} INFO - Started process (PID=2254) to work on /opt/airflow/dags/process_scripts.py
[2025-10-22T04:19:19.109+0000] {processor.py:830} INFO - Processing file /opt/airflow/dags/process_scripts.py for tasks to queue
[2025-10-22T04:19:19.111+0000] {logging_mixin.py:188} INFO - [2025-10-22T04:19:19.111+0000] {dagbag.py:538} INFO - Filling up the DagBag from /opt/airflow/dags/process_scripts.py
[2025-10-22T04:19:19.366+0000] {processor.py:840} INFO - DAG(s) 'etl_pipeline_scd2' retrieved from /opt/airflow/dags/process_scripts.py
[2025-10-22T04:19:19.428+0000] {logging_mixin.py:188} INFO - [2025-10-22T04:19:19.428+0000] {dag.py:3036} INFO - Sync 1 DAGs
[2025-10-22T04:19:19.457+0000] {logging_mixin.py:188} INFO - [2025-10-22T04:19:19.457+0000] {dag.py:3823} INFO - Setting next_dagrun for etl_pipeline_scd2 to None, run_after=None
[2025-10-22T04:19:19.516+0000] {processor.py:183} INFO - Processing /opt/airflow/dags/process_scripts.py took 0.413 seconds
[2025-10-22T04:19:50.575+0000] {processor.py:161} INFO - Started process (PID=2259) to work on /opt/airflow/dags/process_scripts.py
[2025-10-22T04:19:50.660+0000] {processor.py:830} INFO - Processing file /opt/airflow/dags/process_scripts.py for tasks to queue
[2025-10-22T04:19:50.690+0000] {logging_mixin.py:188} INFO - [2025-10-22T04:19:50.689+0000] {dagbag.py:538} INFO - Filling up the DagBag from /opt/airflow/dags/process_scripts.py
[2025-10-22T04:19:50.785+0000] {processor.py:840} INFO - DAG(s) 'etl_pipeline_scd2' retrieved from /opt/airflow/dags/process_scripts.py
[2025-10-22T04:19:50.841+0000] {logging_mixin.py:188} INFO - [2025-10-22T04:19:50.840+0000] {dag.py:3036} INFO - Sync 1 DAGs
[2025-10-22T04:19:50.875+0000] {logging_mixin.py:188} INFO - [2025-10-22T04:19:50.875+0000] {dag.py:3823} INFO - Setting next_dagrun for etl_pipeline_scd2 to None, run_after=None
[2025-10-22T04:19:50.935+0000] {processor.py:183} INFO - Processing /opt/airflow/dags/process_scripts.py took 0.366 seconds
[2025-10-22T04:20:22.067+0000] {processor.py:161} INFO - Started process (PID=2313) to work on /opt/airflow/dags/process_scripts.py
[2025-10-22T04:20:22.098+0000] {processor.py:830} INFO - Processing file /opt/airflow/dags/process_scripts.py for tasks to queue
[2025-10-22T04:20:22.114+0000] {logging_mixin.py:188} INFO - [2025-10-22T04:20:22.109+0000] {dagbag.py:538} INFO - Filling up the DagBag from /opt/airflow/dags/process_scripts.py
[2025-10-22T04:20:22.628+0000] {processor.py:840} INFO - DAG(s) 'etl_pipeline_scd2' retrieved from /opt/airflow/dags/process_scripts.py
[2025-10-22T04:20:23.274+0000] {logging_mixin.py:188} INFO - [2025-10-22T04:20:23.272+0000] {dag.py:3036} INFO - Sync 1 DAGs
[2025-10-22T04:20:23.661+0000] {logging_mixin.py:188} INFO - [2025-10-22T04:20:23.661+0000] {dag.py:3823} INFO - Setting next_dagrun for etl_pipeline_scd2 to None, run_after=None
[2025-10-22T04:20:24.131+0000] {processor.py:183} INFO - Processing /opt/airflow/dags/process_scripts.py took 2.136 seconds
[2025-10-22T04:20:57.348+0000] {processor.py:161} INFO - Started process (PID=2319) to work on /opt/airflow/dags/process_scripts.py
[2025-10-22T04:20:57.355+0000] {processor.py:830} INFO - Processing file /opt/airflow/dags/process_scripts.py for tasks to queue
[2025-10-22T04:20:57.362+0000] {logging_mixin.py:188} INFO - [2025-10-22T04:20:57.360+0000] {dagbag.py:538} INFO - Filling up the DagBag from /opt/airflow/dags/process_scripts.py
[2025-10-22T04:20:57.684+0000] {processor.py:840} INFO - DAG(s) 'etl_pipeline_scd2' retrieved from /opt/airflow/dags/process_scripts.py
[2025-10-22T04:20:57.884+0000] {logging_mixin.py:188} INFO - [2025-10-22T04:20:57.883+0000] {dag.py:3036} INFO - Sync 1 DAGs
[2025-10-22T04:20:57.976+0000] {logging_mixin.py:188} INFO - [2025-10-22T04:20:57.975+0000] {dag.py:3823} INFO - Setting next_dagrun for etl_pipeline_scd2 to None, run_after=None
[2025-10-22T04:20:58.136+0000] {processor.py:183} INFO - Processing /opt/airflow/dags/process_scripts.py took 0.819 seconds
[2025-10-22T04:21:29.636+0000] {processor.py:161} INFO - Started process (PID=2338) to work on /opt/airflow/dags/process_scripts.py
[2025-10-22T04:21:29.655+0000] {processor.py:830} INFO - Processing file /opt/airflow/dags/process_scripts.py for tasks to queue
[2025-10-22T04:21:29.668+0000] {logging_mixin.py:188} INFO - [2025-10-22T04:21:29.666+0000] {dagbag.py:538} INFO - Filling up the DagBag from /opt/airflow/dags/process_scripts.py
[2025-10-22T04:21:31.065+0000] {processor.py:840} INFO - DAG(s) 'etl_pipeline_scd2' retrieved from /opt/airflow/dags/process_scripts.py
[2025-10-22T04:21:31.257+0000] {logging_mixin.py:188} INFO - [2025-10-22T04:21:31.256+0000] {dag.py:3036} INFO - Sync 1 DAGs
[2025-10-22T04:21:31.295+0000] {logging_mixin.py:188} INFO - [2025-10-22T04:21:31.295+0000] {dag.py:3823} INFO - Setting next_dagrun for etl_pipeline_scd2 to None, run_after=None
[2025-10-22T04:21:31.361+0000] {processor.py:183} INFO - Processing /opt/airflow/dags/process_scripts.py took 1.737 seconds
[2025-10-22T04:22:09.905+0000] {processor.py:161} INFO - Started process (PID=2344) to work on /opt/airflow/dags/process_scripts.py
[2025-10-22T04:22:10.184+0000] {processor.py:830} INFO - Processing file /opt/airflow/dags/process_scripts.py for tasks to queue
[2025-10-22T04:22:10.287+0000] {logging_mixin.py:188} INFO - [2025-10-22T04:22:10.284+0000] {dagbag.py:538} INFO - Filling up the DagBag from /opt/airflow/dags/process_scripts.py
[2025-10-22T04:22:13.140+0000] {processor.py:840} INFO - DAG(s) 'etl_pipeline_scd2' retrieved from /opt/airflow/dags/process_scripts.py
[2025-10-22T04:22:13.320+0000] {logging_mixin.py:188} INFO - [2025-10-22T04:22:13.319+0000] {dag.py:3036} INFO - Sync 1 DAGs
[2025-10-22T04:22:13.436+0000] {logging_mixin.py:188} INFO - [2025-10-22T04:22:13.436+0000] {dag.py:3823} INFO - Setting next_dagrun for etl_pipeline_scd2 to None, run_after=None
[2025-10-22T04:22:13.929+0000] {processor.py:183} INFO - Processing /opt/airflow/dags/process_scripts.py took 4.047 seconds
[2025-10-22T04:22:46.167+0000] {processor.py:161} INFO - Started process (PID=2351) to work on /opt/airflow/dags/process_scripts.py
[2025-10-22T04:22:46.197+0000] {processor.py:830} INFO - Processing file /opt/airflow/dags/process_scripts.py for tasks to queue
[2025-10-22T04:22:46.270+0000] {logging_mixin.py:188} INFO - [2025-10-22T04:22:46.268+0000] {dagbag.py:538} INFO - Filling up the DagBag from /opt/airflow/dags/process_scripts.py
[2025-10-22T04:22:47.068+0000] {processor.py:840} INFO - DAG(s) 'etl_pipeline_scd2' retrieved from /opt/airflow/dags/process_scripts.py
[2025-10-22T04:22:47.132+0000] {logging_mixin.py:188} INFO - [2025-10-22T04:22:47.132+0000] {dag.py:3036} INFO - Sync 1 DAGs
[2025-10-22T04:22:47.210+0000] {logging_mixin.py:188} INFO - [2025-10-22T04:22:47.209+0000] {dag.py:3823} INFO - Setting next_dagrun for etl_pipeline_scd2 to None, run_after=None
[2025-10-22T04:22:47.346+0000] {processor.py:183} INFO - Processing /opt/airflow/dags/process_scripts.py took 1.190 seconds
[2025-10-22T04:23:18.389+0000] {processor.py:161} INFO - Started process (PID=2356) to work on /opt/airflow/dags/process_scripts.py
[2025-10-22T04:23:18.625+0000] {processor.py:830} INFO - Processing file /opt/airflow/dags/process_scripts.py for tasks to queue
[2025-10-22T04:23:18.629+0000] {logging_mixin.py:188} INFO - [2025-10-22T04:23:18.627+0000] {dagbag.py:538} INFO - Filling up the DagBag from /opt/airflow/dags/process_scripts.py
[2025-10-22T04:23:22.409+0000] {processor.py:840} INFO - DAG(s) 'etl_pipeline_scd2' retrieved from /opt/airflow/dags/process_scripts.py
[2025-10-22T04:23:22.488+0000] {logging_mixin.py:188} INFO - [2025-10-22T04:23:22.487+0000] {dag.py:3036} INFO - Sync 1 DAGs
[2025-10-22T04:23:22.533+0000] {logging_mixin.py:188} INFO - [2025-10-22T04:23:22.533+0000] {dag.py:3823} INFO - Setting next_dagrun for etl_pipeline_scd2 to None, run_after=None
[2025-10-22T04:23:22.615+0000] {processor.py:183} INFO - Processing /opt/airflow/dags/process_scripts.py took 4.256 seconds
[2025-10-22T04:23:54.291+0000] {processor.py:161} INFO - Started process (PID=2361) to work on /opt/airflow/dags/process_scripts.py
[2025-10-22T04:23:54.308+0000] {processor.py:830} INFO - Processing file /opt/airflow/dags/process_scripts.py for tasks to queue
[2025-10-22T04:23:54.312+0000] {logging_mixin.py:188} INFO - [2025-10-22T04:23:54.311+0000] {dagbag.py:538} INFO - Filling up the DagBag from /opt/airflow/dags/process_scripts.py
[2025-10-22T04:23:55.180+0000] {processor.py:840} INFO - DAG(s) 'etl_pipeline_scd2' retrieved from /opt/airflow/dags/process_scripts.py
[2025-10-22T04:23:55.245+0000] {logging_mixin.py:188} INFO - [2025-10-22T04:23:55.244+0000] {dag.py:3036} INFO - Sync 1 DAGs
[2025-10-22T04:23:56.089+0000] {logging_mixin.py:188} INFO - [2025-10-22T04:23:56.089+0000] {dag.py:3823} INFO - Setting next_dagrun for etl_pipeline_scd2 to None, run_after=None
[2025-10-22T04:23:58.385+0000] {processor.py:183} INFO - Processing /opt/airflow/dags/process_scripts.py took 4.106 seconds
[2025-10-22T04:24:31.137+0000] {processor.py:161} INFO - Started process (PID=2368) to work on /opt/airflow/dags/process_scripts.py
[2025-10-22T04:24:32.104+0000] {processor.py:830} INFO - Processing file /opt/airflow/dags/process_scripts.py for tasks to queue
[2025-10-22T04:24:32.109+0000] {logging_mixin.py:188} INFO - [2025-10-22T04:24:32.108+0000] {dagbag.py:538} INFO - Filling up the DagBag from /opt/airflow/dags/process_scripts.py
[2025-10-22T04:24:35.343+0000] {processor.py:840} INFO - DAG(s) 'etl_pipeline_scd2' retrieved from /opt/airflow/dags/process_scripts.py
[2025-10-22T04:24:35.511+0000] {logging_mixin.py:188} INFO - [2025-10-22T04:24:35.510+0000] {dag.py:3036} INFO - Sync 1 DAGs
[2025-10-22T04:24:35.561+0000] {logging_mixin.py:188} INFO - [2025-10-22T04:24:35.561+0000] {dag.py:3823} INFO - Setting next_dagrun for etl_pipeline_scd2 to None, run_after=None
[2025-10-22T04:24:35.678+0000] {processor.py:183} INFO - Processing /opt/airflow/dags/process_scripts.py took 4.600 seconds
