[2025-10-05T13:06:25.545+0000] {taskinstance.py:1956} INFO - Dependencies all met for dep_context=non-requeueable deps ti=<TaskInstance: etl_pipeline_scd2.run_processor_extract_country manual__2025-10-05T13:06:08.782879+00:00 [queued]>
[2025-10-05T13:06:25.562+0000] {taskinstance.py:1956} INFO - Dependencies all met for dep_context=requeueable deps ti=<TaskInstance: etl_pipeline_scd2.run_processor_extract_country manual__2025-10-05T13:06:08.782879+00:00 [queued]>
[2025-10-05T13:06:25.564+0000] {taskinstance.py:2170} INFO - Starting attempt 1 of 1
[2025-10-05T13:06:25.604+0000] {taskinstance.py:2191} INFO - Executing <Task(PythonOperator): run_processor_extract_country> on 2025-10-05 13:06:08.782879+00:00
[2025-10-05T13:06:25.620+0000] {standard_task_runner.py:60} INFO - Started process 598 to run task
[2025-10-05T13:06:25.625+0000] {standard_task_runner.py:87} INFO - Running: ['***', 'tasks', 'run', 'etl_pipeline_scd2', 'run_processor_extract_country', 'manual__2025-10-05T13:06:08.782879+00:00', '--job-id', '120', '--raw', '--subdir', 'DAGS_FOLDER/process_scripts.py', '--cfg-path', '/tmp/tmpy2xvfa1a']
[2025-10-05T13:06:25.630+0000] {standard_task_runner.py:88} INFO - Job 120: Subtask run_processor_extract_country
[2025-10-05T13:06:25.666+0000] {logging_mixin.py:188} WARNING - /home/***/.local/lib/python3.11/site-packages/***/settings.py:194 DeprecationWarning: The sql_alchemy_conn option in [core] has been moved to the sql_alchemy_conn option in [database] - the old setting has been used, but please update your config.
[2025-10-05T13:06:25.752+0000] {task_command.py:423} INFO - Running <TaskInstance: etl_pipeline_scd2.run_processor_extract_country manual__2025-10-05T13:06:08.782879+00:00 [running]> on host cdcd1e971d56
[2025-10-05T13:06:25.901+0000] {taskinstance.py:2480} INFO - Exporting env vars: AIRFLOW_CTX_DAG_OWNER='***' AIRFLOW_CTX_DAG_ID='etl_pipeline_scd2' AIRFLOW_CTX_TASK_ID='run_processor_extract_country' AIRFLOW_CTX_EXECUTION_DATE='2025-10-05T13:06:08.782879+00:00' AIRFLOW_CTX_TRY_NUMBER='1' AIRFLOW_CTX_DAG_RUN_ID='manual__2025-10-05T13:06:08.782879+00:00'
[2025-10-05T13:06:28.234+0000] {logging_mixin.py:188} INFO - [DONE] Wrote 32 matched sheets to data/out/Country_code.xlsx
       country country_code
       Nigéria           NG
       Mayotte           YT
        Egypte           EG
      Erythrée           ER
      Ethiopie           ET
    Madagascar           MG
         Maroc           MA
       Maurice           MU
       Réunion           RE
       Tunisie           TN
          Togo           TG
         Tchad           TD
       Sénégal           SN
          Mali           ML
         Ghana           GH
   Centafrique          RCA
        Guinée           GN
      Botswana           BW
Afrique du Sud           ZA
      Eswatini           SZ
        Malawi           MW
        Angola           AO
    Mozambique           MZ
       Namibie           NA
      Zimbabwe           ZW
        Zambie           ZM
      Cameroun           CM
           RDC           CD
         Gabon           GA
         Kenya           KE
        Uganda           UG
      Tanzania           TZ
[2025-10-05T13:06:28.236+0000] {python.py:201} INFO - Done. Returned value was: None
[2025-10-05T13:06:28.249+0000] {taskinstance.py:1138} INFO - Marking task as SUCCESS. dag_id=etl_pipeline_scd2, task_id=run_processor_extract_country, execution_date=20251005T130608, start_date=20251005T130625, end_date=20251005T130628
[2025-10-05T13:06:28.297+0000] {local_task_job_runner.py:234} INFO - Task exited with return code 0
[2025-10-05T13:06:28.332+0000] {taskinstance.py:3280} INFO - 1 downstream tasks scheduled from follow-on schedule check
