[2025-10-24T01:03:29.045+0000] {taskinstance.py:1956} INFO - Dependencies all met for dep_context=non-requeueable deps ti=<TaskInstance: etl_pipeline_scd2.run_processor_extract_invariant manual__2025-10-24T01:03:19.207237+00:00 [queued]>
[2025-10-24T01:03:29.066+0000] {taskinstance.py:1956} INFO - Dependencies all met for dep_context=requeueable deps ti=<TaskInstance: etl_pipeline_scd2.run_processor_extract_invariant manual__2025-10-24T01:03:19.207237+00:00 [queued]>
[2025-10-24T01:03:29.067+0000] {taskinstance.py:2170} INFO - Starting attempt 1 of 1
[2025-10-24T01:03:29.228+0000] {taskinstance.py:2191} INFO - Executing <Task(PythonOperator): run_processor_extract_invariant> on 2025-10-24 01:03:19.207237+00:00
[2025-10-24T01:03:29.267+0000] {standard_task_runner.py:60} INFO - Started process 4101 to run task
[2025-10-24T01:03:29.277+0000] {standard_task_runner.py:87} INFO - Running: ['***', 'tasks', 'run', 'etl_pipeline_scd2', 'run_processor_extract_invariant', 'manual__2025-10-24T01:03:19.207237+00:00', '--job-id', '205', '--raw', '--subdir', 'DAGS_FOLDER/process_scripts.py', '--cfg-path', '/tmp/tmp87ll_i4t']
[2025-10-24T01:03:29.283+0000] {standard_task_runner.py:88} INFO - Job 205: Subtask run_processor_extract_invariant
[2025-10-24T01:03:29.338+0000] {logging_mixin.py:188} WARNING - /home/***/.local/lib/python3.11/site-packages/***/settings.py:194 DeprecationWarning: The sql_alchemy_conn option in [core] has been moved to the sql_alchemy_conn option in [database] - the old setting has been used, but please update your config.
[2025-10-24T01:03:29.468+0000] {task_command.py:423} INFO - Running <TaskInstance: etl_pipeline_scd2.run_processor_extract_invariant manual__2025-10-24T01:03:19.207237+00:00 [running]> on host ca755dafa923
[2025-10-24T01:03:29.707+0000] {taskinstance.py:2480} INFO - Exporting env vars: AIRFLOW_CTX_DAG_OWNER='***' AIRFLOW_CTX_DAG_ID='etl_pipeline_scd2' AIRFLOW_CTX_TASK_ID='run_processor_extract_invariant' AIRFLOW_CTX_EXECUTION_DATE='2025-10-24T01:03:19.207237+00:00' AIRFLOW_CTX_TRY_NUMBER='1' AIRFLOW_CTX_DAG_RUN_ID='manual__2025-10-24T01:03:19.207237+00:00'
[2025-10-24T01:03:29.732+0000] {logging_mixin.py:188} INFO - Exécution du script : /opt/***/scripts/processor_extract_invariant.py
[2025-10-24T01:04:04.046+0000] {taskinstance.py:2698} ERROR - Task failed with exception
Traceback (most recent call last):
  File "/home/airflow/.local/lib/python3.11/site-packages/airflow/models/taskinstance.py", line 433, in _execute_task
    result = execute_callable(context=context, **execute_callable_kwargs)
             ^^^^^^^^^^^^^^^^^^^^^^^^^^^^^^^^^^^^^^^^^^^^^^^^^^^^^^^^^^^^
  File "/home/airflow/.local/lib/python3.11/site-packages/airflow/operators/python.py", line 199, in execute
    return_value = self.execute_callable()
                   ^^^^^^^^^^^^^^^^^^^^^^^
  File "/home/airflow/.local/lib/python3.11/site-packages/airflow/operators/python.py", line 216, in execute_callable
    return self.python_callable(*self.op_args, **self.op_kwargs)
           ^^^^^^^^^^^^^^^^^^^^^^^^^^^^^^^^^^^^^^^^^^^^^^^^^^^^^
  File "/opt/airflow/dags/process_scripts.py", line 43, in run_script
    raise Exception(
Exception: Script /opt/***/scripts/processor_extract_invariant.py failed
STDOUT:

STDERR:
/opt/***/scripts/processor_extract_invariant.py:176: FutureWarning: DataFrame.applymap has been deprecated. Use DataFrame.map instead.
  df_raw = df_raw.applymap(lambda x: x.strip() if isinstance(x, str) else x).replace(r'^\s*$', pd.NA, regex=True)
/opt/***/scripts/processor_extract_invariant.py:184: FutureWarning: DataFrame.applymap has been deprecated. Use DataFrame.map instead.
  data = data.applymap(lambda x: x.strip() if isinstance(x, str) else x).replace(r'^\s*$', pd.NA, regex=True)
/opt/***/scripts/processor_extract_invariant.py:197: FutureWarning: DataFrame.applymap has been deprecated. Use DataFrame.map instead.
  remainder = remainder.applymap(lambda x: x.strip() if isinstance(x, str) else x).replace(r'^\s*$', pd.NA, regex=True)
/opt/***/scripts/processor_extract_invariant.py:176: FutureWarning: DataFrame.applymap has been deprecated. Use DataFrame.map instead.
  df_raw = df_raw.applymap(lambda x: x.strip() if isinstance(x, str) else x).replace(r'^\s*$', pd.NA, regex=True)
/opt/***/scripts/processor_extract_invariant.py:184: FutureWarning: DataFrame.applymap has been deprecated. Use DataFrame.map instead.
  data = data.applymap(lambda x: x.strip() if isinstance(x, str) else x).replace(r'^\s*$', pd.NA, regex=True)
/opt/***/scripts/processor_extract_invariant.py:197: FutureWarning: DataFrame.applymap has been deprecated. Use DataFrame.map instead.
  remainder = remainder.applymap(lambda x: x.strip() if isinstance(x, str) else x).replace(r'^\s*$', pd.NA, regex=True)
/opt/***/scripts/processor_extract_invariant.py:176: FutureWarning: DataFrame.applymap has been deprecated. Use DataFrame.map instead.
  df_raw = df_raw.applymap(lambda x: x.strip() if isinstance(x, str) else x).replace(r'^\s*$', pd.NA, regex=True)
/opt/***/scripts/processor_extract_invariant.py:184: FutureWarning: DataFrame.applymap has been deprecated. Use DataFrame.map instead.
  data = data.applymap(lambda x: x.strip() if isinstance(x, str) else x).replace(r'^\s*$', pd.NA, regex=True)
/opt/***/scripts/processor_extract_invariant.py:197: FutureWarning: DataFrame.applymap has been deprecated. Use DataFrame.map instead.
  remainder = remainder.applymap(lambda x: x.strip() if isinstance(x, str) else x).replace(r'^\s*$', pd.NA, regex=True)
/opt/***/scripts/processor_extract_invariant.py:176: FutureWarning: DataFrame.applymap has been deprecated. Use DataFrame.map instead.
  df_raw = df_raw.applymap(lambda x: x.strip() if isinstance(x, str) else x).replace(r'^\s*$', pd.NA, regex=True)
/opt/***/scripts/processor_extract_invariant.py:184: FutureWarning: DataFrame.applymap has been deprecated. Use DataFrame.map instead.
  data = data.applymap(lambda x: x.strip() if isinstance(x, str) else x).replace(r'^\s*$', pd.NA, regex=True)
/opt/***/scripts/processor_extract_invariant.py:197: FutureWarning: DataFrame.applymap has been deprecated. Use DataFrame.map instead.
  remainder = remainder.applymap(lambda x: x.strip() if isinstance(x, str) else x).replace(r'^\s*$', pd.NA, regex=True)
/opt/***/scripts/processor_extract_invariant.py:176: FutureWarning: DataFrame.applymap has been deprecated. Use DataFrame.map instead.
  df_raw = df_raw.applymap(lambda x: x.strip() if isinstance(x, str) else x).replace(r'^\s*$', pd.NA, regex=True)
/opt/***/scripts/processor_extract_invariant.py:184: FutureWarning: DataFrame.applymap has been deprecated. Use DataFrame.map instead.
  data = data.applymap(lambda x: x.strip() if isinstance(x, str) else x).replace(r'^\s*$', pd.NA, regex=True)
/opt/***/scripts/processor_extract_invariant.py:197: FutureWarning: DataFrame.applymap has been deprecated. Use DataFrame.map instead.
  remainder = remainder.applymap(lambda x: x.strip() if isinstance(x, str) else x).replace(r'^\s*$', pd.NA, regex=True)
/opt/***/scripts/processor_extract_invariant.py:176: FutureWarning: DataFrame.applymap has been deprecated. Use DataFrame.map instead.
  df_raw = df_raw.applymap(lambda x: x.strip() if isinstance(x, str) else x).replace(r'^\s*$', pd.NA, regex=True)
/opt/***/scripts/processor_extract_invariant.py:184: FutureWarning: DataFrame.applymap has been deprecated. Use DataFrame.map instead.
  data = data.applymap(lambda x: x.strip() if isinstance(x, str) else x).replace(r'^\s*$', pd.NA, regex=True)
/opt/***/scripts/processor_extract_invariant.py:197: FutureWarning: DataFrame.applymap has been deprecated. Use DataFrame.map instead.
  remainder = remainder.applymap(lambda x: x.strip() if isinstance(x, str) else x).replace(r'^\s*$', pd.NA, regex=True)
/opt/***/scripts/processor_extract_invariant.py:176: FutureWarning: DataFrame.applymap has been deprecated. Use DataFrame.map instead.
  df_raw = df_raw.applymap(lambda x: x.strip() if isinstance(x, str) else x).replace(r'^\s*$', pd.NA, regex=True)
/opt/***/scripts/processor_extract_invariant.py:184: FutureWarning: DataFrame.applymap has been deprecated. Use DataFrame.map instead.
  data = data.applymap(lambda x: x.strip() if isinstance(x, str) else x).replace(r'^\s*$', pd.NA, regex=True)
/opt/***/scripts/processor_extract_invariant.py:197: FutureWarning: DataFrame.applymap has been deprecated. Use DataFrame.map instead.
  remainder = remainder.applymap(lambda x: x.strip() if isinstance(x, str) else x).replace(r'^\s*$', pd.NA, regex=True)
/opt/***/scripts/processor_extract_invariant.py:176: FutureWarning: DataFrame.applymap has been deprecated. Use DataFrame.map instead.
  df_raw = df_raw.applymap(lambda x: x.strip() if isinstance(x, str) else x).replace(r'^\s*$', pd.NA, regex=True)
/opt/***/scripts/processor_extract_invariant.py:184: FutureWarning: DataFrame.applymap has been deprecated. Use DataFrame.map instead.
  data = data.applymap(lambda x: x.strip() if isinstance(x, str) else x).replace(r'^\s*$', pd.NA, regex=True)
/opt/***/scripts/processor_extract_invariant.py:197: FutureWarning: DataFrame.applymap has been deprecated. Use DataFrame.map instead.
  remainder = remainder.applymap(lambda x: x.strip() if isinstance(x, str) else x).replace(r'^\s*$', pd.NA, regex=True)
/opt/***/scripts/processor_extract_invariant.py:176: FutureWarning: DataFrame.applymap has been deprecated. Use DataFrame.map instead.
  df_raw = df_raw.applymap(lambda x: x.strip() if isinstance(x, str) else x).replace(r'^\s*$', pd.NA, regex=True)
/opt/***/scripts/processor_extract_invariant.py:184: FutureWarning: DataFrame.applymap has been deprecated. Use DataFrame.map instead.
  data = data.applymap(lambda x: x.strip() if isinstance(x, str) else x).replace(r'^\s*$', pd.NA, regex=True)
/opt/***/scripts/processor_extract_invariant.py:197: FutureWarning: DataFrame.applymap has been deprecated. Use DataFrame.map instead.
  remainder = remainder.applymap(lambda x: x.strip() if isinstance(x, str) else x).replace(r'^\s*$', pd.NA, regex=True)
/opt/***/scripts/processor_extract_invariant.py:176: FutureWarning: DataFrame.applymap has been deprecated. Use DataFrame.map instead.
  df_raw = df_raw.applymap(lambda x: x.strip() if isinstance(x, str) else x).replace(r'^\s*$', pd.NA, regex=True)
/opt/***/scripts/processor_extract_invariant.py:184: FutureWarning: DataFrame.applymap has been deprecated. Use DataFrame.map instead.
  data = data.applymap(lambda x: x.strip() if isinstance(x, str) else x).replace(r'^\s*$', pd.NA, regex=True)
/opt/***/scripts/processor_extract_invariant.py:197: FutureWarning: DataFrame.applymap has been deprecated. Use DataFrame.map instead.
  remainder = remainder.applymap(lambda x: x.strip() if isinstance(x, str) else x).replace(r'^\s*$', pd.NA, regex=True)
/opt/***/scripts/processor_extract_invariant.py:176: FutureWarning: DataFrame.applymap has been deprecated. Use DataFrame.map instead.
  df_raw = df_raw.applymap(lambda x: x.strip() if isinstance(x, str) else x).replace(r'^\s*$', pd.NA, regex=True)
/opt/***/scripts/processor_extract_invariant.py:184: FutureWarning: DataFrame.applymap has been deprecated. Use DataFrame.map instead.
  data = data.applymap(lambda x: x.strip() if isinstance(x, str) else x).replace(r'^\s*$', pd.NA, regex=True)
/opt/***/scripts/processor_extract_invariant.py:197: FutureWarning: DataFrame.applymap has been deprecated. Use DataFrame.map instead.
  remainder = remainder.applymap(lambda x: x.strip() if isinstance(x, str) else x).replace(r'^\s*$', pd.NA, regex=True)
/opt/***/scripts/processor_extract_invariant.py:176: FutureWarning: DataFrame.applymap has been deprecated. Use DataFrame.map instead.
  df_raw = df_raw.applymap(lambda x: x.strip() if isinstance(x, str) else x).replace(r'^\s*$', pd.NA, regex=True)
/opt/***/scripts/processor_extract_invariant.py:184: FutureWarning: DataFrame.applymap has been deprecated. Use DataFrame.map instead.
  data = data.applymap(lambda x: x.strip() if isinstance(x, str) else x).replace(r'^\s*$', pd.NA, regex=True)
/opt/***/scripts/processor_extract_invariant.py:197: FutureWarning: DataFrame.applymap has been deprecated. Use DataFrame.map instead.
  remainder = remainder.applymap(lambda x: x.strip() if isinstance(x, str) else x).replace(r'^\s*$', pd.NA, regex=True)
/opt/***/scripts/processor_extract_invariant.py:176: FutureWarning: DataFrame.applymap has been deprecated. Use DataFrame.map instead.
  df_raw = df_raw.applymap(lambda x: x.strip() if isinstance(x, str) else x).replace(r'^\s*$', pd.NA, regex=True)
/opt/***/scripts/processor_extract_invariant.py:184: FutureWarning: DataFrame.applymap has been deprecated. Use DataFrame.map instead.
  data = data.applymap(lambda x: x.strip() if isinstance(x, str) else x).replace(r'^\s*$', pd.NA, regex=True)
/opt/***/scripts/processor_extract_invariant.py:197: FutureWarning: DataFrame.applymap has been deprecated. Use DataFrame.map instead.
  remainder = remainder.applymap(lambda x: x.strip() if isinstance(x, str) else x).replace(r'^\s*$', pd.NA, regex=True)
/opt/***/scripts/processor_extract_invariant.py:176: FutureWarning: DataFrame.applymap has been deprecated. Use DataFrame.map instead.
  df_raw = df_raw.applymap(lambda x: x.strip() if isinstance(x, str) else x).replace(r'^\s*$', pd.NA, regex=True)
/opt/***/scripts/processor_extract_invariant.py:184: FutureWarning: DataFrame.applymap has been deprecated. Use DataFrame.map instead.
  data = data.applymap(lambda x: x.strip() if isinstance(x, str) else x).replace(r'^\s*$', pd.NA, regex=True)
/opt/***/scripts/processor_extract_invariant.py:197: FutureWarning: DataFrame.applymap has been deprecated. Use DataFrame.map instead.
  remainder = remainder.applymap(lambda x: x.strip() if isinstance(x, str) else x).replace(r'^\s*$', pd.NA, regex=True)
/opt/***/scripts/processor_extract_invariant.py:176: FutureWarning: DataFrame.applymap has been deprecated. Use DataFrame.map instead.
  df_raw = df_raw.applymap(lambda x: x.strip() if isinstance(x, str) else x).replace(r'^\s*$', pd.NA, regex=True)
/opt/***/scripts/processor_extract_invariant.py:184: FutureWarning: DataFrame.applymap has been deprecated. Use DataFrame.map instead.
  data = data.applymap(lambda x: x.strip() if isinstance(x, str) else x).replace(r'^\s*$', pd.NA, regex=True)
/opt/***/scripts/processor_extract_invariant.py:197: FutureWarning: DataFrame.applymap has been deprecated. Use DataFrame.map instead.
  remainder = remainder.applymap(lambda x: x.strip() if isinstance(x, str) else x).replace(r'^\s*$', pd.NA, regex=True)
/opt/***/scripts/processor_extract_invariant.py:176: FutureWarning: DataFrame.applymap has been deprecated. Use DataFrame.map instead.
  df_raw = df_raw.applymap(lambda x: x.strip() if isinstance(x, str) else x).replace(r'^\s*$', pd.NA, regex=True)
/opt/***/scripts/processor_extract_invariant.py:184: FutureWarning: DataFrame.applymap has been deprecated. Use DataFrame.map instead.
  data = data.applymap(lambda x: x.strip() if isinstance(x, str) else x).replace(r'^\s*$', pd.NA, regex=True)
/opt/***/scripts/processor_extract_invariant.py:197: FutureWarning: DataFrame.applymap has been deprecated. Use DataFrame.map instead.
  remainder = remainder.applymap(lambda x: x.strip() if isinstance(x, str) else x).replace(r'^\s*$', pd.NA, regex=True)
/opt/***/scripts/processor_extract_invariant.py:176: FutureWarning: DataFrame.applymap has been deprecated. Use DataFrame.map instead.
  df_raw = df_raw.applymap(lambda x: x.strip() if isinstance(x, str) else x).replace(r'^\s*$', pd.NA, regex=True)
/opt/***/scripts/processor_extract_invariant.py:184: FutureWarning: DataFrame.applymap has been deprecated. Use DataFrame.map instead.
  data = data.applymap(lambda x: x.strip() if isinstance(x, str) else x).replace(r'^\s*$', pd.NA, regex=True)
/opt/***/scripts/processor_extract_invariant.py:197: FutureWarning: DataFrame.applymap has been deprecated. Use DataFrame.map instead.
  remainder = remainder.applymap(lambda x: x.strip() if isinstance(x, str) else x).replace(r'^\s*$', pd.NA, regex=True)
/opt/***/scripts/processor_extract_invariant.py:176: FutureWarning: DataFrame.applymap has been deprecated. Use DataFrame.map instead.
  df_raw = df_raw.applymap(lambda x: x.strip() if isinstance(x, str) else x).replace(r'^\s*$', pd.NA, regex=True)
/opt/***/scripts/processor_extract_invariant.py:184: FutureWarning: DataFrame.applymap has been deprecated. Use DataFrame.map instead.
  data = data.applymap(lambda x: x.strip() if isinstance(x, str) else x).replace(r'^\s*$', pd.NA, regex=True)
/opt/***/scripts/processor_extract_invariant.py:197: FutureWarning: DataFrame.applymap has been deprecated. Use DataFrame.map instead.
  remainder = remainder.applymap(lambda x: x.strip() if isinstance(x, str) else x).replace(r'^\s*$', pd.NA, regex=True)
/opt/***/scripts/processor_extract_invariant.py:176: FutureWarning: DataFrame.applymap has been deprecated. Use DataFrame.map instead.
  df_raw = df_raw.applymap(lambda x: x.strip() if isinstance(x, str) else x).replace(r'^\s*$', pd.NA, regex=True)
/opt/***/scripts/processor_extract_invariant.py:184: FutureWarning: DataFrame.applymap has been deprecated. Use DataFrame.map instead.
  data = data.applymap(lambda x: x.strip() if isinstance(x, str) else x).replace(r'^\s*$', pd.NA, regex=True)
/opt/***/scripts/processor_extract_invariant.py:197: FutureWarning: DataFrame.applymap has been deprecated. Use DataFrame.map instead.
  remainder = remainder.applymap(lambda x: x.strip() if isinstance(x, str) else x).replace(r'^\s*$', pd.NA, regex=True)
/opt/***/scripts/processor_extract_invariant.py:176: FutureWarning: DataFrame.applymap has been deprecated. Use DataFrame.map instead.
  df_raw = df_raw.applymap(lambda x: x.strip() if isinstance(x, str) else x).replace(r'^\s*$', pd.NA, regex=True)
/opt/***/scripts/processor_extract_invariant.py:184: FutureWarning: DataFrame.applymap has been deprecated. Use DataFrame.map instead.
  data = data.applymap(lambda x: x.strip() if isinstance(x, str) else x).replace(r'^\s*$', pd.NA, regex=True)
/opt/***/scripts/processor_extract_invariant.py:197: FutureWarning: DataFrame.applymap has been deprecated. Use DataFrame.map instead.
  remainder = remainder.applymap(lambda x: x.strip() if isinstance(x, str) else x).replace(r'^\s*$', pd.NA, regex=True)
/opt/***/scripts/processor_extract_invariant.py:176: FutureWarning: DataFrame.applymap has been deprecated. Use DataFrame.map instead.
  df_raw = df_raw.applymap(lambda x: x.strip() if isinstance(x, str) else x).replace(r'^\s*$', pd.NA, regex=True)
/opt/***/scripts/processor_extract_invariant.py:184: FutureWarning: DataFrame.applymap has been deprecated. Use DataFrame.map instead.
  data = data.applymap(lambda x: x.strip() if isinstance(x, str) else x).replace(r'^\s*$', pd.NA, regex=True)
/opt/***/scripts/processor_extract_invariant.py:197: FutureWarning: DataFrame.applymap has been deprecated. Use DataFrame.map instead.
  remainder = remainder.applymap(lambda x: x.strip() if isinstance(x, str) else x).replace(r'^\s*$', pd.NA, regex=True)
/opt/***/scripts/processor_extract_invariant.py:176: FutureWarning: DataFrame.applymap has been deprecated. Use DataFrame.map instead.
  df_raw = df_raw.applymap(lambda x: x.strip() if isinstance(x, str) else x).replace(r'^\s*$', pd.NA, regex=True)
/opt/***/scripts/processor_extract_invariant.py:184: FutureWarning: DataFrame.applymap has been deprecated. Use DataFrame.map instead.
  data = data.applymap(lambda x: x.strip() if isinstance(x, str) else x).replace(r'^\s*$', pd.NA, regex=True)
/opt/***/scripts/processor_extract_invariant.py:197: FutureWarning: DataFrame.applymap has been deprecated. Use DataFrame.map instead.
  remainder = remainder.applymap(lambda x: x.strip() if isinstance(x, str) else x).replace(r'^\s*$', pd.NA, regex=True)
/opt/***/scripts/processor_extract_invariant.py:176: FutureWarning: DataFrame.applymap has been deprecated. Use DataFrame.map instead.
  df_raw = df_raw.applymap(lambda x: x.strip() if isinstance(x, str) else x).replace(r'^\s*$', pd.NA, regex=True)
/opt/***/scripts/processor_extract_invariant.py:184: FutureWarning: DataFrame.applymap has been deprecated. Use DataFrame.map instead.
  data = data.applymap(lambda x: x.strip() if isinstance(x, str) else x).replace(r'^\s*$', pd.NA, regex=True)
/opt/***/scripts/processor_extract_invariant.py:197: FutureWarning: DataFrame.applymap has been deprecated. Use DataFrame.map instead.
  remainder = remainder.applymap(lambda x: x.strip() if isinstance(x, str) else x).replace(r'^\s*$', pd.NA, regex=True)
/opt/***/scripts/processor_extract_invariant.py:176: FutureWarning: DataFrame.applymap has been deprecated. Use DataFrame.map instead.
  df_raw = df_raw.applymap(lambda x: x.strip() if isinstance(x, str) else x).replace(r'^\s*$', pd.NA, regex=True)
/opt/***/scripts/processor_extract_invariant.py:184: FutureWarning: DataFrame.applymap has been deprecated. Use DataFrame.map instead.
  data = data.applymap(lambda x: x.strip() if isinstance(x, str) else x).replace(r'^\s*$', pd.NA, regex=True)
/opt/***/scripts/processor_extract_invariant.py:197: FutureWarning: DataFrame.applymap has been deprecated. Use DataFrame.map instead.
  remainder = remainder.applymap(lambda x: x.strip() if isinstance(x, str) else x).replace(r'^\s*$', pd.NA, regex=True)
/opt/***/scripts/processor_extract_invariant.py:176: FutureWarning: DataFrame.applymap has been deprecated. Use DataFrame.map instead.
  df_raw = df_raw.applymap(lambda x: x.strip() if isinstance(x, str) else x).replace(r'^\s*$', pd.NA, regex=True)
/opt/***/scripts/processor_extract_invariant.py:184: FutureWarning: DataFrame.applymap has been deprecated. Use DataFrame.map instead.
  data = data.applymap(lambda x: x.strip() if isinstance(x, str) else x).replace(r'^\s*$', pd.NA, regex=True)
/opt/***/scripts/processor_extract_invariant.py:197: FutureWarning: DataFrame.applymap has been deprecated. Use DataFrame.map instead.
  remainder = remainder.applymap(lambda x: x.strip() if isinstance(x, str) else x).replace(r'^\s*$', pd.NA, regex=True)
/opt/***/scripts/processor_extract_invariant.py:176: FutureWarning: DataFrame.applymap has been deprecated. Use DataFrame.map instead.
  df_raw = df_raw.applymap(lambda x: x.strip() if isinstance(x, str) else x).replace(r'^\s*$', pd.NA, regex=True)
/opt/***/scripts/processor_extract_invariant.py:184: FutureWarning: DataFrame.applymap has been deprecated. Use DataFrame.map instead.
  data = data.applymap(lambda x: x.strip() if isinstance(x, str) else x).replace(r'^\s*$', pd.NA, regex=True)
/opt/***/scripts/processor_extract_invariant.py:197: FutureWarning: DataFrame.applymap has been deprecated. Use DataFrame.map instead.
  remainder = remainder.applymap(lambda x: x.strip() if isinstance(x, str) else x).replace(r'^\s*$', pd.NA, regex=True)
/opt/***/scripts/processor_extract_invariant.py:176: FutureWarning: DataFrame.applymap has been deprecated. Use DataFrame.map instead.
  df_raw = df_raw.applymap(lambda x: x.strip() if isinstance(x, str) else x).replace(r'^\s*$', pd.NA, regex=True)
/opt/***/scripts/processor_extract_invariant.py:184: FutureWarning: DataFrame.applymap has been deprecated. Use DataFrame.map instead.
  data = data.applymap(lambda x: x.strip() if isinstance(x, str) else x).replace(r'^\s*$', pd.NA, regex=True)
/opt/***/scripts/processor_extract_invariant.py:197: FutureWarning: DataFrame.applymap has been deprecated. Use DataFrame.map instead.
  remainder = remainder.applymap(lambda x: x.strip() if isinstance(x, str) else x).replace(r'^\s*$', pd.NA, regex=True)
/opt/***/scripts/processor_extract_invariant.py:176: FutureWarning: DataFrame.applymap has been deprecated. Use DataFrame.map instead.
  df_raw = df_raw.applymap(lambda x: x.strip() if isinstance(x, str) else x).replace(r'^\s*$', pd.NA, regex=True)
/opt/***/scripts/processor_extract_invariant.py:184: FutureWarning: DataFrame.applymap has been deprecated. Use DataFrame.map instead.
  data = data.applymap(lambda x: x.strip() if isinstance(x, str) else x).replace(r'^\s*$', pd.NA, regex=True)
/opt/***/scripts/processor_extract_invariant.py:197: FutureWarning: DataFrame.applymap has been deprecated. Use DataFrame.map instead.
  remainder = remainder.applymap(lambda x: x.strip() if isinstance(x, str) else x).replace(r'^\s*$', pd.NA, regex=True)
/opt/***/scripts/processor_extract_invariant.py:176: FutureWarning: DataFrame.applymap has been deprecated. Use DataFrame.map instead.
  df_raw = df_raw.applymap(lambda x: x.strip() if isinstance(x, str) else x).replace(r'^\s*$', pd.NA, regex=True)
/opt/***/scripts/processor_extract_invariant.py:184: FutureWarning: DataFrame.applymap has been deprecated. Use DataFrame.map instead.
  data = data.applymap(lambda x: x.strip() if isinstance(x, str) else x).replace(r'^\s*$', pd.NA, regex=True)
/opt/***/scripts/processor_extract_invariant.py:197: FutureWarning: DataFrame.applymap has been deprecated. Use DataFrame.map instead.
  remainder = remainder.applymap(lambda x: x.strip() if isinstance(x, str) else x).replace(r'^\s*$', pd.NA, regex=True)
/opt/***/scripts/processor_extract_invariant.py:176: FutureWarning: DataFrame.applymap has been deprecated. Use DataFrame.map instead.
  df_raw = df_raw.applymap(lambda x: x.strip() if isinstance(x, str) else x).replace(r'^\s*$', pd.NA, regex=True)
/opt/***/scripts/processor_extract_invariant.py:184: FutureWarning: DataFrame.applymap has been deprecated. Use DataFrame.map instead.
  data = data.applymap(lambda x: x.strip() if isinstance(x, str) else x).replace(r'^\s*$', pd.NA, regex=True)
/opt/***/scripts/processor_extract_invariant.py:197: FutureWarning: DataFrame.applymap has been deprecated. Use DataFrame.map instead.
  remainder = remainder.applymap(lambda x: x.strip() if isinstance(x, str) else x).replace(r'^\s*$', pd.NA, regex=True)
/opt/***/scripts/processor_extract_invariant.py:176: FutureWarning: DataFrame.applymap has been deprecated. Use DataFrame.map instead.
  df_raw = df_raw.applymap(lambda x: x.strip() if isinstance(x, str) else x).replace(r'^\s*$', pd.NA, regex=True)
/opt/***/scripts/processor_extract_invariant.py:184: FutureWarning: DataFrame.applymap has been deprecated. Use DataFrame.map instead.
  data = data.applymap(lambda x: x.strip() if isinstance(x, str) else x).replace(r'^\s*$', pd.NA, regex=True)
/opt/***/scripts/processor_extract_invariant.py:197: FutureWarning: DataFrame.applymap has been deprecated. Use DataFrame.map instead.
  remainder = remainder.applymap(lambda x: x.strip() if isinstance(x, str) else x).replace(r'^\s*$', pd.NA, regex=True)
/opt/***/scripts/processor_extract_invariant.py:176: FutureWarning: DataFrame.applymap has been deprecated. Use DataFrame.map instead.
  df_raw = df_raw.applymap(lambda x: x.strip() if isinstance(x, str) else x).replace(r'^\s*$', pd.NA, regex=True)
/opt/***/scripts/processor_extract_invariant.py:184: FutureWarning: DataFrame.applymap has been deprecated. Use DataFrame.map instead.
  data = data.applymap(lambda x: x.strip() if isinstance(x, str) else x).replace(r'^\s*$', pd.NA, regex=True)
/opt/***/scripts/processor_extract_invariant.py:197: FutureWarning: DataFrame.applymap has been deprecated. Use DataFrame.map instead.
  remainder = remainder.applymap(lambda x: x.strip() if isinstance(x, str) else x).replace(r'^\s*$', pd.NA, regex=True)
/opt/***/scripts/processor_extract_invariant.py:176: FutureWarning: DataFrame.applymap has been deprecated. Use DataFrame.map instead.
  df_raw = df_raw.applymap(lambda x: x.strip() if isinstance(x, str) else x).replace(r'^\s*$', pd.NA, regex=True)
/opt/***/scripts/processor_extract_invariant.py:184: FutureWarning: DataFrame.applymap has been deprecated. Use DataFrame.map instead.
  data = data.applymap(lambda x: x.strip() if isinstance(x, str) else x).replace(r'^\s*$', pd.NA, regex=True)
/opt/***/scripts/processor_extract_invariant.py:197: FutureWarning: DataFrame.applymap has been deprecated. Use DataFrame.map instead.
  remainder = remainder.applymap(lambda x: x.strip() if isinstance(x, str) else x).replace(r'^\s*$', pd.NA, regex=True)
/opt/***/scripts/processor_extract_invariant.py:176: FutureWarning: DataFrame.applymap has been deprecated. Use DataFrame.map instead.
  df_raw = df_raw.applymap(lambda x: x.strip() if isinstance(x, str) else x).replace(r'^\s*$', pd.NA, regex=True)
/opt/***/scripts/processor_extract_invariant.py:184: FutureWarning: DataFrame.applymap has been deprecated. Use DataFrame.map instead.
  data = data.applymap(lambda x: x.strip() if isinstance(x, str) else x).replace(r'^\s*$', pd.NA, regex=True)
/opt/***/scripts/processor_extract_invariant.py:197: FutureWarning: DataFrame.applymap has been deprecated. Use DataFrame.map instead.
  remainder = remainder.applymap(lambda x: x.strip() if isinstance(x, str) else x).replace(r'^\s*$', pd.NA, regex=True)
/opt/***/scripts/processor_extract_invariant.py:176: FutureWarning: DataFrame.applymap has been deprecated. Use DataFrame.map instead.
  df_raw = df_raw.applymap(lambda x: x.strip() if isinstance(x, str) else x).replace(r'^\s*$', pd.NA, regex=True)
/opt/***/scripts/processor_extract_invariant.py:184: FutureWarning: DataFrame.applymap has been deprecated. Use DataFrame.map instead.
  data = data.applymap(lambda x: x.strip() if isinstance(x, str) else x).replace(r'^\s*$', pd.NA, regex=True)
/opt/***/scripts/processor_extract_invariant.py:197: FutureWarning: DataFrame.applymap has been deprecated. Use DataFrame.map instead.
  remainder = remainder.applymap(lambda x: x.strip() if isinstance(x, str) else x).replace(r'^\s*$', pd.NA, regex=True)
Traceback (most recent call last):
  File "/opt/***/scripts/processor_extract_invariant.py", line 341, in <module>
    p1, p2 = process_workbook_to_two_files(input_file)
             ^^^^^^^^^^^^^^^^^^^^^^^^^^^^^^^^^^^^^^^^^
  File "/opt/***/scripts/processor_extract_invariant.py", line 312, in process_workbook_to_two_files
    raise ValueError("Aucun onglet valide traité")
ValueError: Aucun onglet valide traité

[2025-10-24T01:04:04.422+0000] {taskinstance.py:1138} INFO - Marking task as FAILED. dag_id=etl_pipeline_scd2, task_id=run_processor_extract_invariant, execution_date=20251024T010319, start_date=20251024T010329, end_date=20251024T010404
[2025-10-24T01:04:04.669+0000] {standard_task_runner.py:107} ERROR - Failed to execute job 205 for task run_processor_extract_invariant (Script /opt/***/scripts/processor_extract_invariant.py failed
STDOUT:

STDERR:
/opt/***/scripts/processor_extract_invariant.py:176: FutureWarning: DataFrame.applymap has been deprecated. Use DataFrame.map instead.
  df_raw = df_raw.applymap(lambda x: x.strip() if isinstance(x, str) else x).replace(r'^\s*$', pd.NA, regex=True)
/opt/***/scripts/processor_extract_invariant.py:184: FutureWarning: DataFrame.applymap has been deprecated. Use DataFrame.map instead.
  data = data.applymap(lambda x: x.strip() if isinstance(x, str) else x).replace(r'^\s*$', pd.NA, regex=True)
/opt/***/scripts/processor_extract_invariant.py:197: FutureWarning: DataFrame.applymap has been deprecated. Use DataFrame.map instead.
  remainder = remainder.applymap(lambda x: x.strip() if isinstance(x, str) else x).replace(r'^\s*$', pd.NA, regex=True)
/opt/***/scripts/processor_extract_invariant.py:176: FutureWarning: DataFrame.applymap has been deprecated. Use DataFrame.map instead.
  df_raw = df_raw.applymap(lambda x: x.strip() if isinstance(x, str) else x).replace(r'^\s*$', pd.NA, regex=True)
/opt/***/scripts/processor_extract_invariant.py:184: FutureWarning: DataFrame.applymap has been deprecated. Use DataFrame.map instead.
  data = data.applymap(lambda x: x.strip() if isinstance(x, str) else x).replace(r'^\s*$', pd.NA, regex=True)
/opt/***/scripts/processor_extract_invariant.py:197: FutureWarning: DataFrame.applymap has been deprecated. Use DataFrame.map instead.
  remainder = remainder.applymap(lambda x: x.strip() if isinstance(x, str) else x).replace(r'^\s*$', pd.NA, regex=True)
/opt/***/scripts/processor_extract_invariant.py:176: FutureWarning: DataFrame.applymap has been deprecated. Use DataFrame.map instead.
  df_raw = df_raw.applymap(lambda x: x.strip() if isinstance(x, str) else x).replace(r'^\s*$', pd.NA, regex=True)
/opt/***/scripts/processor_extract_invariant.py:184: FutureWarning: DataFrame.applymap has been deprecated. Use DataFrame.map instead.
  data = data.applymap(lambda x: x.strip() if isinstance(x, str) else x).replace(r'^\s*$', pd.NA, regex=True)
/opt/***/scripts/processor_extract_invariant.py:197: FutureWarning: DataFrame.applymap has been deprecated. Use DataFrame.map instead.
  remainder = remainder.applymap(lambda x: x.strip() if isinstance(x, str) else x).replace(r'^\s*$', pd.NA, regex=True)
/opt/***/scripts/processor_extract_invariant.py:176: FutureWarning: DataFrame.applymap has been deprecated. Use DataFrame.map instead.
  df_raw = df_raw.applymap(lambda x: x.strip() if isinstance(x, str) else x).replace(r'^\s*$', pd.NA, regex=True)
/opt/***/scripts/processor_extract_invariant.py:184: FutureWarning: DataFrame.applymap has been deprecated. Use DataFrame.map instead.
  data = data.applymap(lambda x: x.strip() if isinstance(x, str) else x).replace(r'^\s*$', pd.NA, regex=True)
/opt/***/scripts/processor_extract_invariant.py:197: FutureWarning: DataFrame.applymap has been deprecated. Use DataFrame.map instead.
  remainder = remainder.applymap(lambda x: x.strip() if isinstance(x, str) else x).replace(r'^\s*$', pd.NA, regex=True)
/opt/***/scripts/processor_extract_invariant.py:176: FutureWarning: DataFrame.applymap has been deprecated. Use DataFrame.map instead.
  df_raw = df_raw.applymap(lambda x: x.strip() if isinstance(x, str) else x).replace(r'^\s*$', pd.NA, regex=True)
/opt/***/scripts/processor_extract_invariant.py:184: FutureWarning: DataFrame.applymap has been deprecated. Use DataFrame.map instead.
  data = data.applymap(lambda x: x.strip() if isinstance(x, str) else x).replace(r'^\s*$', pd.NA, regex=True)
/opt/***/scripts/processor_extract_invariant.py:197: FutureWarning: DataFrame.applymap has been deprecated. Use DataFrame.map instead.
  remainder = remainder.applymap(lambda x: x.strip() if isinstance(x, str) else x).replace(r'^\s*$', pd.NA, regex=True)
/opt/***/scripts/processor_extract_invariant.py:176: FutureWarning: DataFrame.applymap has been deprecated. Use DataFrame.map instead.
  df_raw = df_raw.applymap(lambda x: x.strip() if isinstance(x, str) else x).replace(r'^\s*$', pd.NA, regex=True)
/opt/***/scripts/processor_extract_invariant.py:184: FutureWarning: DataFrame.applymap has been deprecated. Use DataFrame.map instead.
  data = data.applymap(lambda x: x.strip() if isinstance(x, str) else x).replace(r'^\s*$', pd.NA, regex=True)
/opt/***/scripts/processor_extract_invariant.py:197: FutureWarning: DataFrame.applymap has been deprecated. Use DataFrame.map instead.
  remainder = remainder.applymap(lambda x: x.strip() if isinstance(x, str) else x).replace(r'^\s*$', pd.NA, regex=True)
/opt/***/scripts/processor_extract_invariant.py:176: FutureWarning: DataFrame.applymap has been deprecated. Use DataFrame.map instead.
  df_raw = df_raw.applymap(lambda x: x.strip() if isinstance(x, str) else x).replace(r'^\s*$', pd.NA, regex=True)
/opt/***/scripts/processor_extract_invariant.py:184: FutureWarning: DataFrame.applymap has been deprecated. Use DataFrame.map instead.
  data = data.applymap(lambda x: x.strip() if isinstance(x, str) else x).replace(r'^\s*$', pd.NA, regex=True)
/opt/***/scripts/processor_extract_invariant.py:197: FutureWarning: DataFrame.applymap has been deprecated. Use DataFrame.map instead.
  remainder = remainder.applymap(lambda x: x.strip() if isinstance(x, str) else x).replace(r'^\s*$', pd.NA, regex=True)
/opt/***/scripts/processor_extract_invariant.py:176: FutureWarning: DataFrame.applymap has been deprecated. Use DataFrame.map instead.
  df_raw = df_raw.applymap(lambda x: x.strip() if isinstance(x, str) else x).replace(r'^\s*$', pd.NA, regex=True)
/opt/***/scripts/processor_extract_invariant.py:184: FutureWarning: DataFrame.applymap has been deprecated. Use DataFrame.map instead.
  data = data.applymap(lambda x: x.strip() if isinstance(x, str) else x).replace(r'^\s*$', pd.NA, regex=True)
/opt/***/scripts/processor_extract_invariant.py:197: FutureWarning: DataFrame.applymap has been deprecated. Use DataFrame.map instead.
  remainder = remainder.applymap(lambda x: x.strip() if isinstance(x, str) else x).replace(r'^\s*$', pd.NA, regex=True)
/opt/***/scripts/processor_extract_invariant.py:176: FutureWarning: DataFrame.applymap has been deprecated. Use DataFrame.map instead.
  df_raw = df_raw.applymap(lambda x: x.strip() if isinstance(x, str) else x).replace(r'^\s*$', pd.NA, regex=True)
/opt/***/scripts/processor_extract_invariant.py:184: FutureWarning: DataFrame.applymap has been deprecated. Use DataFrame.map instead.
  data = data.applymap(lambda x: x.strip() if isinstance(x, str) else x).replace(r'^\s*$', pd.NA, regex=True)
/opt/***/scripts/processor_extract_invariant.py:197: FutureWarning: DataFrame.applymap has been deprecated. Use DataFrame.map instead.
  remainder = remainder.applymap(lambda x: x.strip() if isinstance(x, str) else x).replace(r'^\s*$', pd.NA, regex=True)
/opt/***/scripts/processor_extract_invariant.py:176: FutureWarning: DataFrame.applymap has been deprecated. Use DataFrame.map instead.
  df_raw = df_raw.applymap(lambda x: x.strip() if isinstance(x, str) else x).replace(r'^\s*$', pd.NA, regex=True)
/opt/***/scripts/processor_extract_invariant.py:184: FutureWarning: DataFrame.applymap has been deprecated. Use DataFrame.map instead.
  data = data.applymap(lambda x: x.strip() if isinstance(x, str) else x).replace(r'^\s*$', pd.NA, regex=True)
/opt/***/scripts/processor_extract_invariant.py:197: FutureWarning: DataFrame.applymap has been deprecated. Use DataFrame.map instead.
  remainder = remainder.applymap(lambda x: x.strip() if isinstance(x, str) else x).replace(r'^\s*$', pd.NA, regex=True)
/opt/***/scripts/processor_extract_invariant.py:176: FutureWarning: DataFrame.applymap has been deprecated. Use DataFrame.map instead.
  df_raw = df_raw.applymap(lambda x: x.strip() if isinstance(x, str) else x).replace(r'^\s*$', pd.NA, regex=True)
/opt/***/scripts/processor_extract_invariant.py:184: FutureWarning: DataFrame.applymap has been deprecated. Use DataFrame.map instead.
  data = data.applymap(lambda x: x.strip() if isinstance(x, str) else x).replace(r'^\s*$', pd.NA, regex=True)
/opt/***/scripts/processor_extract_invariant.py:197: FutureWarning: DataFrame.applymap has been deprecated. Use DataFrame.map instead.
  remainder = remainder.applymap(lambda x: x.strip() if isinstance(x, str) else x).replace(r'^\s*$', pd.NA, regex=True)
/opt/***/scripts/processor_extract_invariant.py:176: FutureWarning: DataFrame.applymap has been deprecated. Use DataFrame.map instead.
  df_raw = df_raw.applymap(lambda x: x.strip() if isinstance(x, str) else x).replace(r'^\s*$', pd.NA, regex=True)
/opt/***/scripts/processor_extract_invariant.py:184: FutureWarning: DataFrame.applymap has been deprecated. Use DataFrame.map instead.
  data = data.applymap(lambda x: x.strip() if isinstance(x, str) else x).replace(r'^\s*$', pd.NA, regex=True)
/opt/***/scripts/processor_extract_invariant.py:197: FutureWarning: DataFrame.applymap has been deprecated. Use DataFrame.map instead.
  remainder = remainder.applymap(lambda x: x.strip() if isinstance(x, str) else x).replace(r'^\s*$', pd.NA, regex=True)
/opt/***/scripts/processor_extract_invariant.py:176: FutureWarning: DataFrame.applymap has been deprecated. Use DataFrame.map instead.
  df_raw = df_raw.applymap(lambda x: x.strip() if isinstance(x, str) else x).replace(r'^\s*$', pd.NA, regex=True)
/opt/***/scripts/processor_extract_invariant.py:184: FutureWarning: DataFrame.applymap has been deprecated. Use DataFrame.map instead.
  data = data.applymap(lambda x: x.strip() if isinstance(x, str) else x).replace(r'^\s*$', pd.NA, regex=True)
/opt/***/scripts/processor_extract_invariant.py:197: FutureWarning: DataFrame.applymap has been deprecated. Use DataFrame.map instead.
  remainder = remainder.applymap(lambda x: x.strip() if isinstance(x, str) else x).replace(r'^\s*$', pd.NA, regex=True)
/opt/***/scripts/processor_extract_invariant.py:176: FutureWarning: DataFrame.applymap has been deprecated. Use DataFrame.map instead.
  df_raw = df_raw.applymap(lambda x: x.strip() if isinstance(x, str) else x).replace(r'^\s*$', pd.NA, regex=True)
/opt/***/scripts/processor_extract_invariant.py:184: FutureWarning: DataFrame.applymap has been deprecated. Use DataFrame.map instead.
  data = data.applymap(lambda x: x.strip() if isinstance(x, str) else x).replace(r'^\s*$', pd.NA, regex=True)
/opt/***/scripts/processor_extract_invariant.py:197: FutureWarning: DataFrame.applymap has been deprecated. Use DataFrame.map instead.
  remainder = remainder.applymap(lambda x: x.strip() if isinstance(x, str) else x).replace(r'^\s*$', pd.NA, regex=True)
/opt/***/scripts/processor_extract_invariant.py:176: FutureWarning: DataFrame.applymap has been deprecated. Use DataFrame.map instead.
  df_raw = df_raw.applymap(lambda x: x.strip() if isinstance(x, str) else x).replace(r'^\s*$', pd.NA, regex=True)
/opt/***/scripts/processor_extract_invariant.py:184: FutureWarning: DataFrame.applymap has been deprecated. Use DataFrame.map instead.
  data = data.applymap(lambda x: x.strip() if isinstance(x, str) else x).replace(r'^\s*$', pd.NA, regex=True)
/opt/***/scripts/processor_extract_invariant.py:197: FutureWarning: DataFrame.applymap has been deprecated. Use DataFrame.map instead.
  remainder = remainder.applymap(lambda x: x.strip() if isinstance(x, str) else x).replace(r'^\s*$', pd.NA, regex=True)
/opt/***/scripts/processor_extract_invariant.py:176: FutureWarning: DataFrame.applymap has been deprecated. Use DataFrame.map instead.
  df_raw = df_raw.applymap(lambda x: x.strip() if isinstance(x, str) else x).replace(r'^\s*$', pd.NA, regex=True)
/opt/***/scripts/processor_extract_invariant.py:184: FutureWarning: DataFrame.applymap has been deprecated. Use DataFrame.map instead.
  data = data.applymap(lambda x: x.strip() if isinstance(x, str) else x).replace(r'^\s*$', pd.NA, regex=True)
/opt/***/scripts/processor_extract_invariant.py:197: FutureWarning: DataFrame.applymap has been deprecated. Use DataFrame.map instead.
  remainder = remainder.applymap(lambda x: x.strip() if isinstance(x, str) else x).replace(r'^\s*$', pd.NA, regex=True)
/opt/***/scripts/processor_extract_invariant.py:176: FutureWarning: DataFrame.applymap has been deprecated. Use DataFrame.map instead.
  df_raw = df_raw.applymap(lambda x: x.strip() if isinstance(x, str) else x).replace(r'^\s*$', pd.NA, regex=True)
/opt/***/scripts/processor_extract_invariant.py:184: FutureWarning: DataFrame.applymap has been deprecated. Use DataFrame.map instead.
  data = data.applymap(lambda x: x.strip() if isinstance(x, str) else x).replace(r'^\s*$', pd.NA, regex=True)
/opt/***/scripts/processor_extract_invariant.py:197: FutureWarning: DataFrame.applymap has been deprecated. Use DataFrame.map instead.
  remainder = remainder.applymap(lambda x: x.strip() if isinstance(x, str) else x).replace(r'^\s*$', pd.NA, regex=True)
/opt/***/scripts/processor_extract_invariant.py:176: FutureWarning: DataFrame.applymap has been deprecated. Use DataFrame.map instead.
  df_raw = df_raw.applymap(lambda x: x.strip() if isinstance(x, str) else x).replace(r'^\s*$', pd.NA, regex=True)
/opt/***/scripts/processor_extract_invariant.py:184: FutureWarning: DataFrame.applymap has been deprecated. Use DataFrame.map instead.
  data = data.applymap(lambda x: x.strip() if isinstance(x, str) else x).replace(r'^\s*$', pd.NA, regex=True)
/opt/***/scripts/processor_extract_invariant.py:197: FutureWarning: DataFrame.applymap has been deprecated. Use DataFrame.map instead.
  remainder = remainder.applymap(lambda x: x.strip() if isinstance(x, str) else x).replace(r'^\s*$', pd.NA, regex=True)
/opt/***/scripts/processor_extract_invariant.py:176: FutureWarning: DataFrame.applymap has been deprecated. Use DataFrame.map instead.
  df_raw = df_raw.applymap(lambda x: x.strip() if isinstance(x, str) else x).replace(r'^\s*$', pd.NA, regex=True)
/opt/***/scripts/processor_extract_invariant.py:184: FutureWarning: DataFrame.applymap has been deprecated. Use DataFrame.map instead.
  data = data.applymap(lambda x: x.strip() if isinstance(x, str) else x).replace(r'^\s*$', pd.NA, regex=True)
/opt/***/scripts/processor_extract_invariant.py:197: FutureWarning: DataFrame.applymap has been deprecated. Use DataFrame.map instead.
  remainder = remainder.applymap(lambda x: x.strip() if isinstance(x, str) else x).replace(r'^\s*$', pd.NA, regex=True)
/opt/***/scripts/processor_extract_invariant.py:176: FutureWarning: DataFrame.applymap has been deprecated. Use DataFrame.map instead.
  df_raw = df_raw.applymap(lambda x: x.strip() if isinstance(x, str) else x).replace(r'^\s*$', pd.NA, regex=True)
/opt/***/scripts/processor_extract_invariant.py:184: FutureWarning: DataFrame.applymap has been deprecated. Use DataFrame.map instead.
  data = data.applymap(lambda x: x.strip() if isinstance(x, str) else x).replace(r'^\s*$', pd.NA, regex=True)
/opt/***/scripts/processor_extract_invariant.py:197: FutureWarning: DataFrame.applymap has been deprecated. Use DataFrame.map instead.
  remainder = remainder.applymap(lambda x: x.strip() if isinstance(x, str) else x).replace(r'^\s*$', pd.NA, regex=True)
/opt/***/scripts/processor_extract_invariant.py:176: FutureWarning: DataFrame.applymap has been deprecated. Use DataFrame.map instead.
  df_raw = df_raw.applymap(lambda x: x.strip() if isinstance(x, str) else x).replace(r'^\s*$', pd.NA, regex=True)
/opt/***/scripts/processor_extract_invariant.py:184: FutureWarning: DataFrame.applymap has been deprecated. Use DataFrame.map instead.
  data = data.applymap(lambda x: x.strip() if isinstance(x, str) else x).replace(r'^\s*$', pd.NA, regex=True)
/opt/***/scripts/processor_extract_invariant.py:197: FutureWarning: DataFrame.applymap has been deprecated. Use DataFrame.map instead.
  remainder = remainder.applymap(lambda x: x.strip() if isinstance(x, str) else x).replace(r'^\s*$', pd.NA, regex=True)
/opt/***/scripts/processor_extract_invariant.py:176: FutureWarning: DataFrame.applymap has been deprecated. Use DataFrame.map instead.
  df_raw = df_raw.applymap(lambda x: x.strip() if isinstance(x, str) else x).replace(r'^\s*$', pd.NA, regex=True)
/opt/***/scripts/processor_extract_invariant.py:184: FutureWarning: DataFrame.applymap has been deprecated. Use DataFrame.map instead.
  data = data.applymap(lambda x: x.strip() if isinstance(x, str) else x).replace(r'^\s*$', pd.NA, regex=True)
/opt/***/scripts/processor_extract_invariant.py:197: FutureWarning: DataFrame.applymap has been deprecated. Use DataFrame.map instead.
  remainder = remainder.applymap(lambda x: x.strip() if isinstance(x, str) else x).replace(r'^\s*$', pd.NA, regex=True)
/opt/***/scripts/processor_extract_invariant.py:176: FutureWarning: DataFrame.applymap has been deprecated. Use DataFrame.map instead.
  df_raw = df_raw.applymap(lambda x: x.strip() if isinstance(x, str) else x).replace(r'^\s*$', pd.NA, regex=True)
/opt/***/scripts/processor_extract_invariant.py:184: FutureWarning: DataFrame.applymap has been deprecated. Use DataFrame.map instead.
  data = data.applymap(lambda x: x.strip() if isinstance(x, str) else x).replace(r'^\s*$', pd.NA, regex=True)
/opt/***/scripts/processor_extract_invariant.py:197: FutureWarning: DataFrame.applymap has been deprecated. Use DataFrame.map instead.
  remainder = remainder.applymap(lambda x: x.strip() if isinstance(x, str) else x).replace(r'^\s*$', pd.NA, regex=True)
/opt/***/scripts/processor_extract_invariant.py:176: FutureWarning: DataFrame.applymap has been deprecated. Use DataFrame.map instead.
  df_raw = df_raw.applymap(lambda x: x.strip() if isinstance(x, str) else x).replace(r'^\s*$', pd.NA, regex=True)
/opt/***/scripts/processor_extract_invariant.py:184: FutureWarning: DataFrame.applymap has been deprecated. Use DataFrame.map instead.
  data = data.applymap(lambda x: x.strip() if isinstance(x, str) else x).replace(r'^\s*$', pd.NA, regex=True)
/opt/***/scripts/processor_extract_invariant.py:197: FutureWarning: DataFrame.applymap has been deprecated. Use DataFrame.map instead.
  remainder = remainder.applymap(lambda x: x.strip() if isinstance(x, str) else x).replace(r'^\s*$', pd.NA, regex=True)
/opt/***/scripts/processor_extract_invariant.py:176: FutureWarning: DataFrame.applymap has been deprecated. Use DataFrame.map instead.
  df_raw = df_raw.applymap(lambda x: x.strip() if isinstance(x, str) else x).replace(r'^\s*$', pd.NA, regex=True)
/opt/***/scripts/processor_extract_invariant.py:184: FutureWarning: DataFrame.applymap has been deprecated. Use DataFrame.map instead.
  data = data.applymap(lambda x: x.strip() if isinstance(x, str) else x).replace(r'^\s*$', pd.NA, regex=True)
/opt/***/scripts/processor_extract_invariant.py:197: FutureWarning: DataFrame.applymap has been deprecated. Use DataFrame.map instead.
  remainder = remainder.applymap(lambda x: x.strip() if isinstance(x, str) else x).replace(r'^\s*$', pd.NA, regex=True)
/opt/***/scripts/processor_extract_invariant.py:176: FutureWarning: DataFrame.applymap has been deprecated. Use DataFrame.map instead.
  df_raw = df_raw.applymap(lambda x: x.strip() if isinstance(x, str) else x).replace(r'^\s*$', pd.NA, regex=True)
/opt/***/scripts/processor_extract_invariant.py:184: FutureWarning: DataFrame.applymap has been deprecated. Use DataFrame.map instead.
  data = data.applymap(lambda x: x.strip() if isinstance(x, str) else x).replace(r'^\s*$', pd.NA, regex=True)
/opt/***/scripts/processor_extract_invariant.py:197: FutureWarning: DataFrame.applymap has been deprecated. Use DataFrame.map instead.
  remainder = remainder.applymap(lambda x: x.strip() if isinstance(x, str) else x).replace(r'^\s*$', pd.NA, regex=True)
/opt/***/scripts/processor_extract_invariant.py:176: FutureWarning: DataFrame.applymap has been deprecated. Use DataFrame.map instead.
  df_raw = df_raw.applymap(lambda x: x.strip() if isinstance(x, str) else x).replace(r'^\s*$', pd.NA, regex=True)
/opt/***/scripts/processor_extract_invariant.py:184: FutureWarning: DataFrame.applymap has been deprecated. Use DataFrame.map instead.
  data = data.applymap(lambda x: x.strip() if isinstance(x, str) else x).replace(r'^\s*$', pd.NA, regex=True)
/opt/***/scripts/processor_extract_invariant.py:197: FutureWarning: DataFrame.applymap has been deprecated. Use DataFrame.map instead.
  remainder = remainder.applymap(lambda x: x.strip() if isinstance(x, str) else x).replace(r'^\s*$', pd.NA, regex=True)
/opt/***/scripts/processor_extract_invariant.py:176: FutureWarning: DataFrame.applymap has been deprecated. Use DataFrame.map instead.
  df_raw = df_raw.applymap(lambda x: x.strip() if isinstance(x, str) else x).replace(r'^\s*$', pd.NA, regex=True)
/opt/***/scripts/processor_extract_invariant.py:184: FutureWarning: DataFrame.applymap has been deprecated. Use DataFrame.map instead.
  data = data.applymap(lambda x: x.strip() if isinstance(x, str) else x).replace(r'^\s*$', pd.NA, regex=True)
/opt/***/scripts/processor_extract_invariant.py:197: FutureWarning: DataFrame.applymap has been deprecated. Use DataFrame.map instead.
  remainder = remainder.applymap(lambda x: x.strip() if isinstance(x, str) else x).replace(r'^\s*$', pd.NA, regex=True)
/opt/***/scripts/processor_extract_invariant.py:176: FutureWarning: DataFrame.applymap has been deprecated. Use DataFrame.map instead.
  df_raw = df_raw.applymap(lambda x: x.strip() if isinstance(x, str) else x).replace(r'^\s*$', pd.NA, regex=True)
/opt/***/scripts/processor_extract_invariant.py:184: FutureWarning: DataFrame.applymap has been deprecated. Use DataFrame.map instead.
  data = data.applymap(lambda x: x.strip() if isinstance(x, str) else x).replace(r'^\s*$', pd.NA, regex=True)
/opt/***/scripts/processor_extract_invariant.py:197: FutureWarning: DataFrame.applymap has been deprecated. Use DataFrame.map instead.
  remainder = remainder.applymap(lambda x: x.strip() if isinstance(x, str) else x).replace(r'^\s*$', pd.NA, regex=True)
/opt/***/scripts/processor_extract_invariant.py:176: FutureWarning: DataFrame.applymap has been deprecated. Use DataFrame.map instead.
  df_raw = df_raw.applymap(lambda x: x.strip() if isinstance(x, str) else x).replace(r'^\s*$', pd.NA, regex=True)
/opt/***/scripts/processor_extract_invariant.py:184: FutureWarning: DataFrame.applymap has been deprecated. Use DataFrame.map instead.
  data = data.applymap(lambda x: x.strip() if isinstance(x, str) else x).replace(r'^\s*$', pd.NA, regex=True)
/opt/***/scripts/processor_extract_invariant.py:197: FutureWarning: DataFrame.applymap has been deprecated. Use DataFrame.map instead.
  remainder = remainder.applymap(lambda x: x.strip() if isinstance(x, str) else x).replace(r'^\s*$', pd.NA, regex=True)
/opt/***/scripts/processor_extract_invariant.py:176: FutureWarning: DataFrame.applymap has been deprecated. Use DataFrame.map instead.
  df_raw = df_raw.applymap(lambda x: x.strip() if isinstance(x, str) else x).replace(r'^\s*$', pd.NA, regex=True)
/opt/***/scripts/processor_extract_invariant.py:184: FutureWarning: DataFrame.applymap has been deprecated. Use DataFrame.map instead.
  data = data.applymap(lambda x: x.strip() if isinstance(x, str) else x).replace(r'^\s*$', pd.NA, regex=True)
/opt/***/scripts/processor_extract_invariant.py:197: FutureWarning: DataFrame.applymap has been deprecated. Use DataFrame.map instead.
  remainder = remainder.applymap(lambda x: x.strip() if isinstance(x, str) else x).replace(r'^\s*$', pd.NA, regex=True)
/opt/***/scripts/processor_extract_invariant.py:176: FutureWarning: DataFrame.applymap has been deprecated. Use DataFrame.map instead.
  df_raw = df_raw.applymap(lambda x: x.strip() if isinstance(x, str) else x).replace(r'^\s*$', pd.NA, regex=True)
/opt/***/scripts/processor_extract_invariant.py:184: FutureWarning: DataFrame.applymap has been deprecated. Use DataFrame.map instead.
  data = data.applymap(lambda x: x.strip() if isinstance(x, str) else x).replace(r'^\s*$', pd.NA, regex=True)
/opt/***/scripts/processor_extract_invariant.py:197: FutureWarning: DataFrame.applymap has been deprecated. Use DataFrame.map instead.
  remainder = remainder.applymap(lambda x: x.strip() if isinstance(x, str) else x).replace(r'^\s*$', pd.NA, regex=True)
/opt/***/scripts/processor_extract_invariant.py:176: FutureWarning: DataFrame.applymap has been deprecated. Use DataFrame.map instead.
  df_raw = df_raw.applymap(lambda x: x.strip() if isinstance(x, str) else x).replace(r'^\s*$', pd.NA, regex=True)
/opt/***/scripts/processor_extract_invariant.py:184: FutureWarning: DataFrame.applymap has been deprecated. Use DataFrame.map instead.
  data = data.applymap(lambda x: x.strip() if isinstance(x, str) else x).replace(r'^\s*$', pd.NA, regex=True)
/opt/***/scripts/processor_extract_invariant.py:197: FutureWarning: DataFrame.applymap has been deprecated. Use DataFrame.map instead.
  remainder = remainder.applymap(lambda x: x.strip() if isinstance(x, str) else x).replace(r'^\s*$', pd.NA, regex=True)
/opt/***/scripts/processor_extract_invariant.py:176: FutureWarning: DataFrame.applymap has been deprecated. Use DataFrame.map instead.
  df_raw = df_raw.applymap(lambda x: x.strip() if isinstance(x, str) else x).replace(r'^\s*$', pd.NA, regex=True)
/opt/***/scripts/processor_extract_invariant.py:184: FutureWarning: DataFrame.applymap has been deprecated. Use DataFrame.map instead.
  data = data.applymap(lambda x: x.strip() if isinstance(x, str) else x).replace(r'^\s*$', pd.NA, regex=True)
/opt/***/scripts/processor_extract_invariant.py:197: FutureWarning: DataFrame.applymap has been deprecated. Use DataFrame.map instead.
  remainder = remainder.applymap(lambda x: x.strip() if isinstance(x, str) else x).replace(r'^\s*$', pd.NA, regex=True)
/opt/***/scripts/processor_extract_invariant.py:176: FutureWarning: DataFrame.applymap has been deprecated. Use DataFrame.map instead.
  df_raw = df_raw.applymap(lambda x: x.strip() if isinstance(x, str) else x).replace(r'^\s*$', pd.NA, regex=True)
/opt/***/scripts/processor_extract_invariant.py:184: FutureWarning: DataFrame.applymap has been deprecated. Use DataFrame.map instead.
  data = data.applymap(lambda x: x.strip() if isinstance(x, str) else x).replace(r'^\s*$', pd.NA, regex=True)
/opt/***/scripts/processor_extract_invariant.py:197: FutureWarning: DataFrame.applymap has been deprecated. Use DataFrame.map instead.
  remainder = remainder.applymap(lambda x: x.strip() if isinstance(x, str) else x).replace(r'^\s*$', pd.NA, regex=True)
Traceback (most recent call last):
  File "/opt/***/scripts/processor_extract_invariant.py", line 341, in <module>
    p1, p2 = process_workbook_to_two_files(input_file)
             ^^^^^^^^^^^^^^^^^^^^^^^^^^^^^^^^^^^^^^^^^
  File "/opt/***/scripts/processor_extract_invariant.py", line 312, in process_workbook_to_two_files
    raise ValueError("Aucun onglet valide traité")
ValueError: Aucun onglet valide traité
; 4101)
[2025-10-24T01:04:04.772+0000] {local_task_job_runner.py:234} INFO - Task exited with return code 1
[2025-10-24T01:04:05.031+0000] {taskinstance.py:3280} INFO - 0 downstream tasks scheduled from follow-on schedule check
