[2025-10-04T14:22:11.072+0000] {taskinstance.py:1956} INFO - Dependencies all met for dep_context=non-requeueable deps ti=<TaskInstance: etl_pipeline_scd2.run_processor_extract_station manual__2025-10-04T14:21:10.270411+00:00 [queued]>
[2025-10-04T14:22:11.087+0000] {taskinstance.py:1956} INFO - Dependencies all met for dep_context=requeueable deps ti=<TaskInstance: etl_pipeline_scd2.run_processor_extract_station manual__2025-10-04T14:21:10.270411+00:00 [queued]>
[2025-10-04T14:22:11.089+0000] {taskinstance.py:2170} INFO - Starting attempt 1 of 1
[2025-10-04T14:22:11.138+0000] {taskinstance.py:2191} INFO - Executing <Task(PythonOperator): run_processor_extract_station> on 2025-10-04 14:21:10.270411+00:00
[2025-10-04T14:22:11.157+0000] {standard_task_runner.py:60} INFO - Started process 254 to run task
[2025-10-04T14:22:11.163+0000] {standard_task_runner.py:87} INFO - Running: ['***', 'tasks', 'run', 'etl_pipeline_scd2', 'run_processor_extract_station', 'manual__2025-10-04T14:21:10.270411+00:00', '--job-id', '97', '--raw', '--subdir', 'DAGS_FOLDER/process_scripts.py', '--cfg-path', '/tmp/tmp3d3v52ho']
[2025-10-04T14:22:11.170+0000] {standard_task_runner.py:88} INFO - Job 97: Subtask run_processor_extract_station
[2025-10-04T14:22:11.200+0000] {logging_mixin.py:188} WARNING - /home/***/.local/lib/python3.11/site-packages/***/settings.py:194 DeprecationWarning: The sql_alchemy_conn option in [core] has been moved to the sql_alchemy_conn option in [database] - the old setting has been used, but please update your config.
[2025-10-04T14:22:11.285+0000] {task_command.py:423} INFO - Running <TaskInstance: etl_pipeline_scd2.run_processor_extract_station manual__2025-10-04T14:21:10.270411+00:00 [running]> on host 28712a281084
[2025-10-04T14:22:11.428+0000] {taskinstance.py:2480} INFO - Exporting env vars: AIRFLOW_CTX_DAG_OWNER='***' AIRFLOW_CTX_DAG_ID='etl_pipeline_scd2' AIRFLOW_CTX_TASK_ID='run_processor_extract_station' AIRFLOW_CTX_EXECUTION_DATE='2025-10-04T14:21:10.270411+00:00' AIRFLOW_CTX_TRY_NUMBER='1' AIRFLOW_CTX_DAG_RUN_ID='manual__2025-10-04T14:21:10.270411+00:00'
[2025-10-04T14:22:39.119+0000] {logging_mixin.py:188} INFO - Hypothèse                                -> IGNORED (not in country list)
PLT 24-30 (Old zones)                    -> IGNORED (not in country list)
besoin Capex Vs PLT 2024                 -> IGNORED (not in country list)
REPORTING_AFR                            -> IGNORED (not in country list)
conformité_BUvsPC_2021                   -> IGNORED (not in country list)
CAD 24                                   -> IGNORED (not in country list)
REPORTING_AFR_17.07.25                   -> IGNORED (not in country list)
Pu_filiale                               -> IGNORED (not in country list)
REPORTING_MKRD_01.24                     -> IGNORED (not in country list)
AFR                                      -> IGNORED (not in country list)
AFR 2026                                 -> IGNORED (not in country list)
BU AFR                                   -> IGNORED (not in country list)
BU_NIG                                   -> IGNORED (not in country list)
BU_MOI                                   -> IGNORED (not in country list)
BU_ANBE                                  -> IGNORED (not in country list)
BU_AFO                                   -> IGNORED (not in country list)
BU_ACE                                   -> IGNORED (not in country list)
AFR (PC)                                 -> IGNORED (not in country list)
NIG                                      -> IGNORED (not in country list)
MOI (PC)                                 -> IGNORED (not in country list)
MOI                                      -> IGNORED (not in country list)
AFO (PC)                                 -> IGNORED (not in country list)
AFO                                      -> IGNORED (not in country list)
ACE (PC)                                 -> IGNORED (not in country list)
ACE                                      -> IGNORED (not in country list)
AFA (PC)                                 -> IGNORED (not in country list)
ANBE                                     -> IGNORED (not in country list)
Nigéria                                  -> OK : 495 rows
Mayotte                                  -> OK : 10 rows
Egypte                                   -> IGNORED (not in country list)
Erythrée                                 -> OK : 34 rows
Ethiopie                                 -> OK : 122 rows
Madagascar                               -> OK : 73 rows
Maroc                                    -> OK : 395 rows
Maurice                                  -> OK : 579 rows
Réunion                                  -> OK : 44 rows
Tunisie                                  -> OK : 153 rows
Burkina                                  -> IGNORED (not in country list)
Togo                                     -> OK : 88 rows
Tchad                                    -> OK : 20 rows
Sénégal                                  -> OK : 158 rows
Mali                                     -> OK : 78 rows
Ghana                                    -> OK : 266 rows
Centafrique                              -> IGNORED (not in country list)
Côte Ivoire                              -> IGNORED (not in country list)
Guinée                                   -> OK : 135 rows
Botswana                                 -> IGNORED (not in country list)
Afrique du Sud                           -> OK : 549 rows
Eswatini                                 -> OK : 22 rows
Malawi                                   -> OK : 72 rows
Angola                                   -> OK : 45 rows
Mozambique                               -> OK : 86 rows
Namibie                                  -> OK : 43 rows
Zimbabwe                                 -> OK : 100 rows
Zambie                                   -> OK : 67 rows
Cameroun                                 -> OK : 176 rows
RDC                                      -> OK : 42 rows
Congo Brazza                             -> IGNORED (not in country list)
Gabon                                    -> OK : 44 rows
Guinée Equitoriale                       -> IGNORED (not in country list)
Kenya                                    -> OK : 256 rows
Uganda                                   -> OK : 204 rows
Tanzania                                 -> IGNORED (not in country list)
nbr site 100% conforme                   -> IGNORED (not in country list)
Comparaison nbre sites                   -> IGNORED (not in country list)
Bridge_nbre station 2022                 -> IGNORED (not in country list)
Bridge_nbre station 2023                 -> IGNORED (not in country list)

Fichier de sortie: data/out/Extract_Station.xlsx
[2025-10-04T14:22:39.155+0000] {python.py:201} INFO - Done. Returned value was: None
[2025-10-04T14:22:39.319+0000] {taskinstance.py:1138} INFO - Marking task as SUCCESS. dag_id=etl_pipeline_scd2, task_id=run_processor_extract_station, execution_date=20251004T142110, start_date=20251004T142211, end_date=20251004T142239
[2025-10-04T14:22:39.560+0000] {local_task_job_runner.py:234} INFO - Task exited with return code 0
[2025-10-04T14:22:39.712+0000] {taskinstance.py:3280} INFO - 1 downstream tasks scheduled from follow-on schedule check
