[2025-09-27T18:18:28.214+0000] {taskinstance.py:1956} INFO - Dependencies all met for dep_context=non-requeueable deps ti=<TaskInstance: dynamic_process_scripts_dag.run_processor_extract_station manual__2025-09-27T18:16:18.904265+00:00 [queued]>
[2025-09-27T18:18:28.252+0000] {taskinstance.py:1956} INFO - Dependencies all met for dep_context=requeueable deps ti=<TaskInstance: dynamic_process_scripts_dag.run_processor_extract_station manual__2025-09-27T18:16:18.904265+00:00 [queued]>
[2025-09-27T18:18:28.254+0000] {taskinstance.py:2170} INFO - Starting attempt 1 of 1
[2025-09-27T18:18:28.361+0000] {taskinstance.py:2191} INFO - Executing <Task(PythonOperator): run_processor_extract_station> on 2025-09-27 18:16:18.904265+00:00
[2025-09-27T18:18:28.381+0000] {standard_task_runner.py:60} INFO - Started process 294 to run task
[2025-09-27T18:18:28.396+0000] {standard_task_runner.py:87} INFO - Running: ['***', 'tasks', 'run', 'dynamic_process_scripts_dag', 'run_processor_extract_station', 'manual__2025-09-27T18:16:18.904265+00:00', '--job-id', '12', '--raw', '--subdir', 'DAGS_FOLDER/process_scripts.py', '--cfg-path', '/tmp/tmpm4_sn4xv']
[2025-09-27T18:18:28.408+0000] {standard_task_runner.py:88} INFO - Job 12: Subtask run_processor_extract_station
[2025-09-27T18:18:28.471+0000] {logging_mixin.py:188} WARNING - /home/***/.local/lib/python3.11/site-packages/***/settings.py:194 DeprecationWarning: The sql_alchemy_conn option in [core] has been moved to the sql_alchemy_conn option in [database] - the old setting has been used, but please update your config.
[2025-09-27T18:18:28.592+0000] {task_command.py:423} INFO - Running <TaskInstance: dynamic_process_scripts_dag.run_processor_extract_station manual__2025-09-27T18:16:18.904265+00:00 [running]> on host b2d83464dd0a
[2025-09-27T18:18:28.889+0000] {taskinstance.py:2480} INFO - Exporting env vars: AIRFLOW_CTX_DAG_OWNER='***' AIRFLOW_CTX_DAG_ID='dynamic_process_scripts_dag' AIRFLOW_CTX_TASK_ID='run_processor_extract_station' AIRFLOW_CTX_EXECUTION_DATE='2025-09-27T18:16:18.904265+00:00' AIRFLOW_CTX_TRY_NUMBER='1' AIRFLOW_CTX_DAG_RUN_ID='manual__2025-09-27T18:16:18.904265+00:00'
[2025-09-27T18:19:11.773+0000] {logging_mixin.py:188} INFO - Succès /opt/***/scripts/processor_extract_station.py
=== Résumé console ===
Hypothèse                                -> IGNORED_NOT_COUNTRY
PLT 24-30 (Old zones)                    -> IGNORED_NOT_COUNTRY
besoin Capex Vs PLT 2024                 -> IGNORED_NOT_COUNTRY
REPORTING_AFR                            -> IGNORED_NOT_COUNTRY
conformité_BUvsPC_2021                   -> IGNORED_NOT_COUNTRY
CAD 24                                   -> IGNORED_NOT_COUNTRY
REPORTING_AFR_17.07.25                   -> IGNORED_NOT_COUNTRY
Pu_filiale                               -> IGNORED_NOT_COUNTRY
REPORTING_MKRD_01.24                     -> IGNORED_NOT_COUNTRY
AFR                                      -> IGNORED_NOT_COUNTRY
AFR 2026                                 -> IGNORED_NOT_COUNTRY
BU AFR                                   -> IGNORED_NOT_COUNTRY
BU_NIG                                   -> IGNORED_NOT_COUNTRY
BU_MOI                                   -> IGNORED_NOT_COUNTRY
BU_ANBE                                  -> IGNORED_NOT_COUNTRY
BU_AFO                                   -> IGNORED_NOT_COUNTRY
BU_ACE                                   -> IGNORED_NOT_COUNTRY
AFR (PC)                                 -> IGNORED_NOT_COUNTRY
NIG                                      -> IGNORED_NOT_COUNTRY
MOI (PC)                                 -> IGNORED_NOT_COUNTRY
MOI                                      -> IGNORED_NOT_COUNTRY
AFO (PC)                                 -> IGNORED_NOT_COUNTRY
AFO                                      -> IGNORED_NOT_COUNTRY
ACE (PC)                                 -> IGNORED_NOT_COUNTRY
ACE                                      -> IGNORED_NOT_COUNTRY
AFA (PC)                                 -> IGNORED_NOT_COUNTRY
ANBE                                     -> IGNORED_NOT_COUNTRY
Nigéria                                  -> OK    :  595 rows x  6 cols
Mayotte                                  -> OK    :  595 rows x  6 cols
Egypte                                   -> OK    :  595 rows x  6 cols
Erythrée                                 -> OK    :  595 rows x  6 cols
Ethiopie                                 -> OK    :  592 rows x  6 cols
Madagascar                               -> OK    :  595 rows x  6 cols
Maroc                                    -> OK    :  595 rows x  6 cols
Maurice                                  -> OK    :  595 rows x  6 cols
Réunion                                  -> OK    :  595 rows x  6 cols
Tunisie                                  -> OK    :  591 rows x  6 cols
Burkina                                  -> OK    :  597 rows x  6 cols
Togo                                     -> OK    :  595 rows x  6 cols
Tchad                                    -> OK    :  595 rows x  6 cols
Sénégal                                  -> OK    :  595 rows x  6 cols
Mali                                     -> OK    :  595 rows x  6 cols
Ghana                                    -> OK    :  555 rows x  6 cols
Centafrique                              -> OK    :  595 rows x  6 cols
Côte Ivoire                              -> OK    :  595 rows x  6 cols
Guinée                                   -> OK    :  595 rows x  6 cols
Botswana                                 -> OK    :  595 rows x  6 cols
Afrique du Sud                           -> OK    :  605 rows x  6 cols
Eswatini                                 -> OK    :  595 rows x  6 cols
Malawi                                   -> OK    :  595 rows x  6 cols
Angola                                   -> OK    :  595 rows x  6 cols
Mozambique                               -> OK    :  595 rows x  6 cols
Namibie                                  -> OK    :  595 rows x  6 cols
Zimbabwe                                 -> OK    :  595 rows x  6 cols
Zambie                                   -> OK    :  617 rows x  6 cols
Cameroun                                 -> OK    :  595 rows x  6 cols
RDC                                      -> OK    :  595 rows x  6 cols
Congo Brazza                             -> OK    :  595 rows x  6 cols
Gabon                                    -> OK    :  595 rows x  6 cols
Guinée Equitoriale                       -> OK    :  595 rows x  6 cols
Kenya                                    -> OK    :  593 rows x  6 cols
Uganda                                   -> OK    :  595 rows x  6 cols
Tanzania                                 -> OK    :  595 rows x  6 cols
nbr site 100% conforme                   -> IGNORED_NOT_COUNTRY
Comparaison nbre sites                   -> IGNORED_NOT_COUNTRY
Bridge_nbre station 2022                 -> IGNORED_NOT_COUNTRY
Bridge_nbre station 2023                 -> IGNORED_NOT_COUNTRY

Fichier de sortie: data/out/Extract_Station.xlsx
[2025-09-27T18:19:11.784+0000] {python.py:201} INFO - Done. Returned value was: None
[2025-09-27T18:19:11.867+0000] {taskinstance.py:1138} INFO - Marking task as SUCCESS. dag_id=dynamic_process_scripts_dag, task_id=run_processor_extract_station, execution_date=20250927T181618, start_date=20250927T181828, end_date=20250927T181911
[2025-09-27T18:19:12.038+0000] {local_task_job_runner.py:234} INFO - Task exited with return code 0
[2025-09-27T18:19:12.121+0000] {taskinstance.py:3280} INFO - 0 downstream tasks scheduled from follow-on schedule check
