[2025-10-09T19:28:16.675+0000] {taskinstance.py:1956} INFO - Dependencies all met for dep_context=non-requeueable deps ti=<TaskInstance: etl_pipeline_scd2.load_to_dw_scd2 manual__2025-10-09T19:25:15.956559+00:00 [queued]>
[2025-10-09T19:28:16.707+0000] {taskinstance.py:1956} INFO - Dependencies all met for dep_context=requeueable deps ti=<TaskInstance: etl_pipeline_scd2.load_to_dw_scd2 manual__2025-10-09T19:25:15.956559+00:00 [queued]>
[2025-10-09T19:28:16.709+0000] {taskinstance.py:2170} INFO - Starting attempt 1 of 1
[2025-10-09T19:28:16.758+0000] {taskinstance.py:2191} INFO - Executing <Task(PythonOperator): load_to_dw_scd2> on 2025-10-09 19:25:15.956559+00:00
[2025-10-09T19:28:16.777+0000] {standard_task_runner.py:60} INFO - Started process 1339 to run task
[2025-10-09T19:28:16.784+0000] {standard_task_runner.py:87} INFO - Running: ['***', 'tasks', 'run', 'etl_pipeline_scd2', 'load_to_dw_scd2', 'manual__2025-10-09T19:25:15.956559+00:00', '--job-id', '356', '--raw', '--subdir', 'DAGS_FOLDER/process_scripts.py', '--cfg-path', '/tmp/tmp7pbhk7z7']
[2025-10-09T19:28:16.789+0000] {standard_task_runner.py:88} INFO - Job 356: Subtask load_to_dw_scd2
[2025-10-09T19:28:16.878+0000] {logging_mixin.py:188} WARNING - /home/***/.local/lib/python3.11/site-packages/***/settings.py:194 DeprecationWarning: The sql_alchemy_conn option in [core] has been moved to the sql_alchemy_conn option in [database] - the old setting has been used, but please update your config.
[2025-10-09T19:28:17.056+0000] {task_command.py:423} INFO - Running <TaskInstance: etl_pipeline_scd2.load_to_dw_scd2 manual__2025-10-09T19:25:15.956559+00:00 [running]> on host 0ccfb9f9695b
[2025-10-09T19:28:17.358+0000] {taskinstance.py:2480} INFO - Exporting env vars: AIRFLOW_CTX_DAG_OWNER='***' AIRFLOW_CTX_DAG_ID='etl_pipeline_scd2' AIRFLOW_CTX_TASK_ID='load_to_dw_scd2' AIRFLOW_CTX_EXECUTION_DATE='2025-10-09T19:25:15.956559+00:00' AIRFLOW_CTX_TRY_NUMBER='1' AIRFLOW_CTX_DAG_RUN_ID='manual__2025-10-09T19:25:15.956559+00:00'
[2025-10-09T19:28:19.887+0000] {scd2_loader.py:257} INFO - 📂 Traitement dynamique du fichier: Extract_Station_20251009.xlsx pour map_key=extract_station
[2025-10-09T19:28:23.782+0000] {scd2_loader.py:285} WARNING - 404 lignes ignorées (clés manquantes) dans Extract_Station_20251009.xlsx::Sheet1
[2025-10-09T19:28:24.716+0000] {scd2_loader.py:149} INFO - 🔑 Pour dim_stations on utilise la clé calculée 'uniq_business'
[2025-10-09T19:28:24.829+0000] {scd2_loader.py:156} WARNING - 633 lignes ignorées dans dim_stations (clés manquantes ou doublons)
[2025-10-09T19:28:25.426+0000] {scd2_loader.py:113} INFO - ✅ Table `dim_stations` créée avec clés uniques: `uniq_business`
[2025-10-09T19:28:26.601+0000] {scd2_loader.py:226} INFO - [SCD2] dim_stations → inserts=4165, updates_closed=0
[2025-10-09T19:28:26.606+0000] {scd2_loader.py:257} INFO - 📂 Traitement dynamique du fichier: Invariants_details_20251009.xlsx pour map_key=invariants_details
[2025-10-09T19:28:27.097+0000] {scd2_loader.py:156} WARNING - 661 lignes ignorées dans dim_invariants_details (clés manquantes ou doublons)
[2025-10-09T19:28:27.254+0000] {scd2_loader.py:113} INFO - ✅ Table `dim_invariants_details` créée avec clés uniques: `country_code`, `cost_center`
[2025-10-09T19:28:27.302+0000] {scd2_loader.py:226} INFO - [SCD2] dim_invariants_details → inserts=31, updates_closed=0
[2025-10-09T19:28:27.303+0000] {scd2_loader.py:257} INFO - 📂 Traitement dynamique du fichier: Invariants_study_20251009.xlsx pour map_key=invariants_study
[2025-10-09T19:28:27.399+0000] {scd2_loader.py:156} WARNING - 267 lignes ignorées dans dim_invariants (clés manquantes ou doublons)
[2025-10-09T19:28:27.456+0000] {scd2_loader.py:193} INFO - ⚠️ Doublon ignoré pour dim_invariants clé=('NG', 'Es01')
[2025-10-09T19:28:27.458+0000] {scd2_loader.py:193} INFO - ⚠️ Doublon ignoré pour dim_invariants clé=('NG', 'Es02')
[2025-10-09T19:28:27.459+0000] {scd2_loader.py:193} INFO - ⚠️ Doublon ignoré pour dim_invariants clé=('NG', 'Es03')
[2025-10-09T19:28:27.460+0000] {scd2_loader.py:193} INFO - ⚠️ Doublon ignoré pour dim_invariants clé=('NG', 'Es04')
[2025-10-09T19:28:27.461+0000] {scd2_loader.py:193} INFO - ⚠️ Doublon ignoré pour dim_invariants clé=('NG', 'Es05')
[2025-10-09T19:28:27.463+0000] {scd2_loader.py:193} INFO - ⚠️ Doublon ignoré pour dim_invariants clé=('NG', 'Es06')
[2025-10-09T19:28:27.464+0000] {scd2_loader.py:193} INFO - ⚠️ Doublon ignoré pour dim_invariants clé=('NG', 'Es07')
[2025-10-09T19:28:27.465+0000] {scd2_loader.py:193} INFO - ⚠️ Doublon ignoré pour dim_invariants clé=('NG', 'Es08')
[2025-10-09T19:28:27.466+0000] {scd2_loader.py:193} INFO - ⚠️ Doublon ignoré pour dim_invariants clé=('NG', 'Et01')
[2025-10-09T19:28:27.467+0000] {scd2_loader.py:193} INFO - ⚠️ Doublon ignoré pour dim_invariants clé=('NG', 'Et02')
[2025-10-09T19:28:27.469+0000] {scd2_loader.py:193} INFO - ⚠️ Doublon ignoré pour dim_invariants clé=('NG', 'Et03')
[2025-10-09T19:28:27.470+0000] {scd2_loader.py:193} INFO - ⚠️ Doublon ignoré pour dim_invariants clé=('NG', 'Et04')
[2025-10-09T19:28:27.472+0000] {scd2_loader.py:193} INFO - ⚠️ Doublon ignoré pour dim_invariants clé=('NG', 'Et05')
[2025-10-09T19:28:27.473+0000] {scd2_loader.py:193} INFO - ⚠️ Doublon ignoré pour dim_invariants clé=('YT', 'Es01')
[2025-10-09T19:28:27.475+0000] {scd2_loader.py:193} INFO - ⚠️ Doublon ignoré pour dim_invariants clé=('YT', 'Es02')
[2025-10-09T19:28:27.476+0000] {scd2_loader.py:193} INFO - ⚠️ Doublon ignoré pour dim_invariants clé=('YT', 'Es03')
[2025-10-09T19:28:27.477+0000] {scd2_loader.py:193} INFO - ⚠️ Doublon ignoré pour dim_invariants clé=('YT', 'Es04')
[2025-10-09T19:28:27.478+0000] {scd2_loader.py:193} INFO - ⚠️ Doublon ignoré pour dim_invariants clé=('YT', 'Es05')
[2025-10-09T19:28:27.479+0000] {scd2_loader.py:193} INFO - ⚠️ Doublon ignoré pour dim_invariants clé=('YT', 'Es06')
[2025-10-09T19:28:27.480+0000] {scd2_loader.py:193} INFO - ⚠️ Doublon ignoré pour dim_invariants clé=('YT', 'Es07')
[2025-10-09T19:28:27.481+0000] {scd2_loader.py:193} INFO - ⚠️ Doublon ignoré pour dim_invariants clé=('YT', 'Es08')
[2025-10-09T19:28:27.482+0000] {scd2_loader.py:193} INFO - ⚠️ Doublon ignoré pour dim_invariants clé=('YT', 'Et01')
[2025-10-09T19:28:27.484+0000] {scd2_loader.py:193} INFO - ⚠️ Doublon ignoré pour dim_invariants clé=('YT', 'Et02')
[2025-10-09T19:28:27.485+0000] {scd2_loader.py:193} INFO - ⚠️ Doublon ignoré pour dim_invariants clé=('YT', 'Et03')
[2025-10-09T19:28:27.486+0000] {scd2_loader.py:193} INFO - ⚠️ Doublon ignoré pour dim_invariants clé=('YT', 'Et04')
[2025-10-09T19:28:27.487+0000] {scd2_loader.py:193} INFO - ⚠️ Doublon ignoré pour dim_invariants clé=('YT', 'Et05')
[2025-10-09T19:28:27.488+0000] {scd2_loader.py:193} INFO - ⚠️ Doublon ignoré pour dim_invariants clé=('EG', 'Es01')
[2025-10-09T19:28:27.489+0000] {scd2_loader.py:193} INFO - ⚠️ Doublon ignoré pour dim_invariants clé=('EG', 'Es02')
[2025-10-09T19:28:27.490+0000] {scd2_loader.py:193} INFO - ⚠️ Doublon ignoré pour dim_invariants clé=('EG', 'Es03')
[2025-10-09T19:28:27.491+0000] {scd2_loader.py:193} INFO - ⚠️ Doublon ignoré pour dim_invariants clé=('EG', 'Es04')
[2025-10-09T19:28:27.492+0000] {scd2_loader.py:193} INFO - ⚠️ Doublon ignoré pour dim_invariants clé=('EG', 'Es05')
[2025-10-09T19:28:27.493+0000] {scd2_loader.py:193} INFO - ⚠️ Doublon ignoré pour dim_invariants clé=('EG', 'Es06')
[2025-10-09T19:28:27.494+0000] {scd2_loader.py:193} INFO - ⚠️ Doublon ignoré pour dim_invariants clé=('EG', 'Es07')
[2025-10-09T19:28:27.495+0000] {scd2_loader.py:193} INFO - ⚠️ Doublon ignoré pour dim_invariants clé=('EG', 'Es08')
[2025-10-09T19:28:27.496+0000] {scd2_loader.py:193} INFO - ⚠️ Doublon ignoré pour dim_invariants clé=('EG', 'Et01')
[2025-10-09T19:28:27.497+0000] {scd2_loader.py:193} INFO - ⚠️ Doublon ignoré pour dim_invariants clé=('EG', 'Et02')
[2025-10-09T19:28:27.498+0000] {scd2_loader.py:193} INFO - ⚠️ Doublon ignoré pour dim_invariants clé=('EG', 'Et03')
[2025-10-09T19:28:27.499+0000] {scd2_loader.py:193} INFO - ⚠️ Doublon ignoré pour dim_invariants clé=('EG', 'Et04')
[2025-10-09T19:28:27.501+0000] {scd2_loader.py:193} INFO - ⚠️ Doublon ignoré pour dim_invariants clé=('EG', 'Et05')
[2025-10-09T19:28:27.503+0000] {scd2_loader.py:193} INFO - ⚠️ Doublon ignoré pour dim_invariants clé=('ET', 'Es01')
[2025-10-09T19:28:27.505+0000] {scd2_loader.py:193} INFO - ⚠️ Doublon ignoré pour dim_invariants clé=('ET', 'Es02')
[2025-10-09T19:28:27.507+0000] {scd2_loader.py:193} INFO - ⚠️ Doublon ignoré pour dim_invariants clé=('ET', 'Es03')
[2025-10-09T19:28:27.509+0000] {scd2_loader.py:193} INFO - ⚠️ Doublon ignoré pour dim_invariants clé=('ET', 'Es04')
[2025-10-09T19:28:27.511+0000] {scd2_loader.py:193} INFO - ⚠️ Doublon ignoré pour dim_invariants clé=('ET', 'Es05')
[2025-10-09T19:28:27.512+0000] {scd2_loader.py:193} INFO - ⚠️ Doublon ignoré pour dim_invariants clé=('ET', 'Es06')
[2025-10-09T19:28:27.513+0000] {scd2_loader.py:193} INFO - ⚠️ Doublon ignoré pour dim_invariants clé=('ET', 'Es07')
[2025-10-09T19:28:27.514+0000] {scd2_loader.py:193} INFO - ⚠️ Doublon ignoré pour dim_invariants clé=('ET', 'Es08')
[2025-10-09T19:28:27.516+0000] {scd2_loader.py:193} INFO - ⚠️ Doublon ignoré pour dim_invariants clé=('ET', 'Inv14')
[2025-10-09T19:28:27.518+0000] {scd2_loader.py:193} INFO - ⚠️ Doublon ignoré pour dim_invariants clé=('ET', 'Et01')
[2025-10-09T19:28:27.520+0000] {scd2_loader.py:193} INFO - ⚠️ Doublon ignoré pour dim_invariants clé=('ET', 'Et02')
[2025-10-09T19:28:27.522+0000] {scd2_loader.py:193} INFO - ⚠️ Doublon ignoré pour dim_invariants clé=('ET', 'Et03')
[2025-10-09T19:28:27.524+0000] {scd2_loader.py:193} INFO - ⚠️ Doublon ignoré pour dim_invariants clé=('ET', 'Et04')
[2025-10-09T19:28:27.526+0000] {scd2_loader.py:193} INFO - ⚠️ Doublon ignoré pour dim_invariants clé=('ET', 'Et05')
[2025-10-09T19:28:27.528+0000] {scd2_loader.py:193} INFO - ⚠️ Doublon ignoré pour dim_invariants clé=('MG', 'Es01')
[2025-10-09T19:28:27.529+0000] {scd2_loader.py:193} INFO - ⚠️ Doublon ignoré pour dim_invariants clé=('MG', 'Es02')
[2025-10-09T19:28:27.530+0000] {scd2_loader.py:193} INFO - ⚠️ Doublon ignoré pour dim_invariants clé=('MG', 'Es03')
[2025-10-09T19:28:27.531+0000] {scd2_loader.py:193} INFO - ⚠️ Doublon ignoré pour dim_invariants clé=('MG', 'Es04')
[2025-10-09T19:28:27.532+0000] {scd2_loader.py:193} INFO - ⚠️ Doublon ignoré pour dim_invariants clé=('MG', 'Es05')
[2025-10-09T19:28:27.534+0000] {scd2_loader.py:193} INFO - ⚠️ Doublon ignoré pour dim_invariants clé=('MG', 'Es06')
[2025-10-09T19:28:27.535+0000] {scd2_loader.py:193} INFO - ⚠️ Doublon ignoré pour dim_invariants clé=('MG', 'Es07')
[2025-10-09T19:28:27.536+0000] {scd2_loader.py:193} INFO - ⚠️ Doublon ignoré pour dim_invariants clé=('MG', 'Es08')
[2025-10-09T19:28:27.537+0000] {scd2_loader.py:193} INFO - ⚠️ Doublon ignoré pour dim_invariants clé=('MG', 'Et01')
[2025-10-09T19:28:27.538+0000] {scd2_loader.py:193} INFO - ⚠️ Doublon ignoré pour dim_invariants clé=('MG', 'Et02')
[2025-10-09T19:28:27.540+0000] {scd2_loader.py:193} INFO - ⚠️ Doublon ignoré pour dim_invariants clé=('MG', 'Et03')
[2025-10-09T19:28:27.542+0000] {scd2_loader.py:193} INFO - ⚠️ Doublon ignoré pour dim_invariants clé=('MG', 'Et04')
[2025-10-09T19:28:27.543+0000] {scd2_loader.py:193} INFO - ⚠️ Doublon ignoré pour dim_invariants clé=('MG', 'Et05')
[2025-10-09T19:28:27.544+0000] {scd2_loader.py:193} INFO - ⚠️ Doublon ignoré pour dim_invariants clé=('MA', 'Es01')
[2025-10-09T19:28:27.546+0000] {scd2_loader.py:193} INFO - ⚠️ Doublon ignoré pour dim_invariants clé=('MA', 'Es02')
[2025-10-09T19:28:27.547+0000] {scd2_loader.py:193} INFO - ⚠️ Doublon ignoré pour dim_invariants clé=('MA', 'Es03')
[2025-10-09T19:28:27.548+0000] {scd2_loader.py:193} INFO - ⚠️ Doublon ignoré pour dim_invariants clé=('MA', 'Es04')
[2025-10-09T19:28:27.549+0000] {scd2_loader.py:193} INFO - ⚠️ Doublon ignoré pour dim_invariants clé=('MA', 'Es05')
[2025-10-09T19:28:27.550+0000] {scd2_loader.py:193} INFO - ⚠️ Doublon ignoré pour dim_invariants clé=('MA', 'Es06')
[2025-10-09T19:28:27.551+0000] {scd2_loader.py:193} INFO - ⚠️ Doublon ignoré pour dim_invariants clé=('MA', 'Es07')
[2025-10-09T19:28:27.552+0000] {scd2_loader.py:193} INFO - ⚠️ Doublon ignoré pour dim_invariants clé=('MA', 'Es08')
[2025-10-09T19:28:27.553+0000] {scd2_loader.py:193} INFO - ⚠️ Doublon ignoré pour dim_invariants clé=('MA', 'Et01')
[2025-10-09T19:28:27.554+0000] {scd2_loader.py:193} INFO - ⚠️ Doublon ignoré pour dim_invariants clé=('MA', 'Et02')
[2025-10-09T19:28:27.556+0000] {scd2_loader.py:193} INFO - ⚠️ Doublon ignoré pour dim_invariants clé=('MA', 'Et03')
[2025-10-09T19:28:27.557+0000] {scd2_loader.py:193} INFO - ⚠️ Doublon ignoré pour dim_invariants clé=('MA', 'Et04')
[2025-10-09T19:28:27.558+0000] {scd2_loader.py:193} INFO - ⚠️ Doublon ignoré pour dim_invariants clé=('MA', 'Et05')
[2025-10-09T19:28:27.559+0000] {scd2_loader.py:193} INFO - ⚠️ Doublon ignoré pour dim_invariants clé=('MU', 'Es01')
[2025-10-09T19:28:27.561+0000] {scd2_loader.py:193} INFO - ⚠️ Doublon ignoré pour dim_invariants clé=('MU', 'Es02')
[2025-10-09T19:28:27.562+0000] {scd2_loader.py:193} INFO - ⚠️ Doublon ignoré pour dim_invariants clé=('MU', 'Es03')
[2025-10-09T19:28:27.563+0000] {scd2_loader.py:193} INFO - ⚠️ Doublon ignoré pour dim_invariants clé=('MU', 'Es04')
[2025-10-09T19:28:27.564+0000] {scd2_loader.py:193} INFO - ⚠️ Doublon ignoré pour dim_invariants clé=('MU', 'Es05')
[2025-10-09T19:28:27.565+0000] {scd2_loader.py:193} INFO - ⚠️ Doublon ignoré pour dim_invariants clé=('MU', 'Es06')
[2025-10-09T19:28:27.566+0000] {scd2_loader.py:193} INFO - ⚠️ Doublon ignoré pour dim_invariants clé=('MU', 'Es07')
[2025-10-09T19:28:27.568+0000] {scd2_loader.py:193} INFO - ⚠️ Doublon ignoré pour dim_invariants clé=('MU', 'Es08')
[2025-10-09T19:28:27.569+0000] {scd2_loader.py:193} INFO - ⚠️ Doublon ignoré pour dim_invariants clé=('MU', 'Et01')
[2025-10-09T19:28:27.570+0000] {scd2_loader.py:193} INFO - ⚠️ Doublon ignoré pour dim_invariants clé=('MU', 'Et02')
[2025-10-09T19:28:27.571+0000] {scd2_loader.py:193} INFO - ⚠️ Doublon ignoré pour dim_invariants clé=('MU', 'Et03')
[2025-10-09T19:28:27.572+0000] {scd2_loader.py:193} INFO - ⚠️ Doublon ignoré pour dim_invariants clé=('MU', 'Et04')
[2025-10-09T19:28:27.574+0000] {scd2_loader.py:193} INFO - ⚠️ Doublon ignoré pour dim_invariants clé=('MU', 'Et05')
[2025-10-09T19:28:27.575+0000] {scd2_loader.py:193} INFO - ⚠️ Doublon ignoré pour dim_invariants clé=('RE', 'Es01')
[2025-10-09T19:28:27.577+0000] {scd2_loader.py:193} INFO - ⚠️ Doublon ignoré pour dim_invariants clé=('RE', 'Es02')
[2025-10-09T19:28:27.578+0000] {scd2_loader.py:193} INFO - ⚠️ Doublon ignoré pour dim_invariants clé=('RE', 'Es03')
[2025-10-09T19:28:27.579+0000] {scd2_loader.py:193} INFO - ⚠️ Doublon ignoré pour dim_invariants clé=('RE', 'Es04')
[2025-10-09T19:28:27.580+0000] {scd2_loader.py:193} INFO - ⚠️ Doublon ignoré pour dim_invariants clé=('RE', 'Es05')
[2025-10-09T19:28:27.581+0000] {scd2_loader.py:193} INFO - ⚠️ Doublon ignoré pour dim_invariants clé=('RE', 'Es06')
[2025-10-09T19:28:27.582+0000] {scd2_loader.py:193} INFO - ⚠️ Doublon ignoré pour dim_invariants clé=('RE', 'Es07')
[2025-10-09T19:28:27.583+0000] {scd2_loader.py:193} INFO - ⚠️ Doublon ignoré pour dim_invariants clé=('RE', 'Es08')
[2025-10-09T19:28:27.584+0000] {scd2_loader.py:193} INFO - ⚠️ Doublon ignoré pour dim_invariants clé=('RE', 'Et01')
[2025-10-09T19:28:27.585+0000] {scd2_loader.py:193} INFO - ⚠️ Doublon ignoré pour dim_invariants clé=('RE', 'Et02')
[2025-10-09T19:28:27.587+0000] {scd2_loader.py:193} INFO - ⚠️ Doublon ignoré pour dim_invariants clé=('RE', 'Et03')
[2025-10-09T19:28:27.588+0000] {scd2_loader.py:193} INFO - ⚠️ Doublon ignoré pour dim_invariants clé=('RE', 'Et04')
[2025-10-09T19:28:27.589+0000] {scd2_loader.py:193} INFO - ⚠️ Doublon ignoré pour dim_invariants clé=('RE', 'Et05')
[2025-10-09T19:28:27.591+0000] {scd2_loader.py:193} INFO - ⚠️ Doublon ignoré pour dim_invariants clé=('TN', 'Es01')
[2025-10-09T19:28:27.592+0000] {scd2_loader.py:193} INFO - ⚠️ Doublon ignoré pour dim_invariants clé=('TN', 'Es02')
[2025-10-09T19:28:27.593+0000] {scd2_loader.py:193} INFO - ⚠️ Doublon ignoré pour dim_invariants clé=('TN', 'Es03')
[2025-10-09T19:28:27.594+0000] {scd2_loader.py:193} INFO - ⚠️ Doublon ignoré pour dim_invariants clé=('TN', 'Es04')
[2025-10-09T19:28:27.595+0000] {scd2_loader.py:193} INFO - ⚠️ Doublon ignoré pour dim_invariants clé=('TN', 'Es05')
[2025-10-09T19:28:27.596+0000] {scd2_loader.py:193} INFO - ⚠️ Doublon ignoré pour dim_invariants clé=('TN', 'Es06')
[2025-10-09T19:28:27.597+0000] {scd2_loader.py:193} INFO - ⚠️ Doublon ignoré pour dim_invariants clé=('TN', 'Es07')
[2025-10-09T19:28:27.598+0000] {scd2_loader.py:193} INFO - ⚠️ Doublon ignoré pour dim_invariants clé=('TN', 'Es08')
[2025-10-09T19:28:27.599+0000] {scd2_loader.py:193} INFO - ⚠️ Doublon ignoré pour dim_invariants clé=('TN', 'Et01')
[2025-10-09T19:28:27.602+0000] {scd2_loader.py:193} INFO - ⚠️ Doublon ignoré pour dim_invariants clé=('TN', 'Et02')
[2025-10-09T19:28:27.603+0000] {scd2_loader.py:193} INFO - ⚠️ Doublon ignoré pour dim_invariants clé=('TN', 'Et03')
[2025-10-09T19:28:27.604+0000] {scd2_loader.py:193} INFO - ⚠️ Doublon ignoré pour dim_invariants clé=('TN', 'Et04')
[2025-10-09T19:28:27.606+0000] {scd2_loader.py:193} INFO - ⚠️ Doublon ignoré pour dim_invariants clé=('TN', 'Et05')
[2025-10-09T19:28:27.608+0000] {scd2_loader.py:193} INFO - ⚠️ Doublon ignoré pour dim_invariants clé=('TD', 'Es01')
[2025-10-09T19:28:27.610+0000] {scd2_loader.py:193} INFO - ⚠️ Doublon ignoré pour dim_invariants clé=('TD', 'Es02')
[2025-10-09T19:28:27.611+0000] {scd2_loader.py:193} INFO - ⚠️ Doublon ignoré pour dim_invariants clé=('TD', 'Es03')
[2025-10-09T19:28:27.612+0000] {scd2_loader.py:193} INFO - ⚠️ Doublon ignoré pour dim_invariants clé=('TD', 'Es04')
[2025-10-09T19:28:27.613+0000] {scd2_loader.py:193} INFO - ⚠️ Doublon ignoré pour dim_invariants clé=('TD', 'Es05')
[2025-10-09T19:28:27.615+0000] {scd2_loader.py:193} INFO - ⚠️ Doublon ignoré pour dim_invariants clé=('TD', 'Es06')
[2025-10-09T19:28:27.616+0000] {scd2_loader.py:193} INFO - ⚠️ Doublon ignoré pour dim_invariants clé=('TD', 'Es07')
[2025-10-09T19:28:27.618+0000] {scd2_loader.py:193} INFO - ⚠️ Doublon ignoré pour dim_invariants clé=('TD', 'Es08')
[2025-10-09T19:28:27.619+0000] {scd2_loader.py:193} INFO - ⚠️ Doublon ignoré pour dim_invariants clé=('TD', 'Et01')
[2025-10-09T19:28:27.620+0000] {scd2_loader.py:193} INFO - ⚠️ Doublon ignoré pour dim_invariants clé=('TD', 'Et02')
[2025-10-09T19:28:27.621+0000] {scd2_loader.py:193} INFO - ⚠️ Doublon ignoré pour dim_invariants clé=('TD', 'Et03')
[2025-10-09T19:28:27.622+0000] {scd2_loader.py:193} INFO - ⚠️ Doublon ignoré pour dim_invariants clé=('TD', 'Et04')
[2025-10-09T19:28:27.623+0000] {scd2_loader.py:193} INFO - ⚠️ Doublon ignoré pour dim_invariants clé=('TD', 'Et05')
[2025-10-09T19:28:27.625+0000] {scd2_loader.py:193} INFO - ⚠️ Doublon ignoré pour dim_invariants clé=('ML', 'Es01')
[2025-10-09T19:28:27.626+0000] {scd2_loader.py:193} INFO - ⚠️ Doublon ignoré pour dim_invariants clé=('ML', 'Es02')
[2025-10-09T19:28:27.627+0000] {scd2_loader.py:193} INFO - ⚠️ Doublon ignoré pour dim_invariants clé=('ML', 'Es03')
[2025-10-09T19:28:27.627+0000] {scd2_loader.py:193} INFO - ⚠️ Doublon ignoré pour dim_invariants clé=('ML', 'Es04')
[2025-10-09T19:28:27.629+0000] {scd2_loader.py:193} INFO - ⚠️ Doublon ignoré pour dim_invariants clé=('ML', 'Es05')
[2025-10-09T19:28:27.631+0000] {scd2_loader.py:193} INFO - ⚠️ Doublon ignoré pour dim_invariants clé=('ML', 'Es06')
[2025-10-09T19:28:27.632+0000] {scd2_loader.py:193} INFO - ⚠️ Doublon ignoré pour dim_invariants clé=('ML', 'Es07')
[2025-10-09T19:28:27.634+0000] {scd2_loader.py:193} INFO - ⚠️ Doublon ignoré pour dim_invariants clé=('ML', 'Es08')
[2025-10-09T19:28:27.636+0000] {scd2_loader.py:193} INFO - ⚠️ Doublon ignoré pour dim_invariants clé=('ML', 'Et01')
[2025-10-09T19:28:27.638+0000] {scd2_loader.py:193} INFO - ⚠️ Doublon ignoré pour dim_invariants clé=('ML', 'Et02')
[2025-10-09T19:28:27.640+0000] {scd2_loader.py:193} INFO - ⚠️ Doublon ignoré pour dim_invariants clé=('ML', 'Et03')
[2025-10-09T19:28:27.641+0000] {scd2_loader.py:193} INFO - ⚠️ Doublon ignoré pour dim_invariants clé=('ML', 'Et04')
[2025-10-09T19:28:27.644+0000] {scd2_loader.py:193} INFO - ⚠️ Doublon ignoré pour dim_invariants clé=('ML', 'Et05')
[2025-10-09T19:28:27.645+0000] {scd2_loader.py:193} INFO - ⚠️ Doublon ignoré pour dim_invariants clé=('GH', 'Es01')
[2025-10-09T19:28:27.647+0000] {scd2_loader.py:193} INFO - ⚠️ Doublon ignoré pour dim_invariants clé=('GH', 'Es02')
[2025-10-09T19:28:27.648+0000] {scd2_loader.py:193} INFO - ⚠️ Doublon ignoré pour dim_invariants clé=('GH', 'Es03')
[2025-10-09T19:28:27.651+0000] {scd2_loader.py:193} INFO - ⚠️ Doublon ignoré pour dim_invariants clé=('GH', 'Es04')
[2025-10-09T19:28:27.652+0000] {scd2_loader.py:193} INFO - ⚠️ Doublon ignoré pour dim_invariants clé=('GH', 'Es05')
[2025-10-09T19:28:27.654+0000] {scd2_loader.py:193} INFO - ⚠️ Doublon ignoré pour dim_invariants clé=('GH', 'Es06')
[2025-10-09T19:28:27.655+0000] {scd2_loader.py:193} INFO - ⚠️ Doublon ignoré pour dim_invariants clé=('GH', 'Es07')
[2025-10-09T19:28:27.657+0000] {scd2_loader.py:193} INFO - ⚠️ Doublon ignoré pour dim_invariants clé=('GH', 'Es08')
[2025-10-09T19:28:27.658+0000] {scd2_loader.py:193} INFO - ⚠️ Doublon ignoré pour dim_invariants clé=('GH', 'Et01')
[2025-10-09T19:28:27.660+0000] {scd2_loader.py:193} INFO - ⚠️ Doublon ignoré pour dim_invariants clé=('GH', 'Et02')
[2025-10-09T19:28:27.662+0000] {scd2_loader.py:193} INFO - ⚠️ Doublon ignoré pour dim_invariants clé=('GH', 'Et03')
[2025-10-09T19:28:27.663+0000] {scd2_loader.py:193} INFO - ⚠️ Doublon ignoré pour dim_invariants clé=('GH', 'Et04')
[2025-10-09T19:28:27.665+0000] {scd2_loader.py:193} INFO - ⚠️ Doublon ignoré pour dim_invariants clé=('GH', 'Et05')
[2025-10-09T19:28:27.667+0000] {scd2_loader.py:193} INFO - ⚠️ Doublon ignoré pour dim_invariants clé=('CE', 'Es01')
[2025-10-09T19:28:27.668+0000] {scd2_loader.py:193} INFO - ⚠️ Doublon ignoré pour dim_invariants clé=('CE', 'Es02')
[2025-10-09T19:28:27.669+0000] {scd2_loader.py:193} INFO - ⚠️ Doublon ignoré pour dim_invariants clé=('CE', 'Es03')
[2025-10-09T19:28:27.670+0000] {scd2_loader.py:193} INFO - ⚠️ Doublon ignoré pour dim_invariants clé=('CE', 'Es04')
[2025-10-09T19:28:27.672+0000] {scd2_loader.py:193} INFO - ⚠️ Doublon ignoré pour dim_invariants clé=('CE', 'Es05')
[2025-10-09T19:28:27.673+0000] {scd2_loader.py:193} INFO - ⚠️ Doublon ignoré pour dim_invariants clé=('CE', 'Es06')
[2025-10-09T19:28:27.675+0000] {scd2_loader.py:193} INFO - ⚠️ Doublon ignoré pour dim_invariants clé=('CE', 'Es07')
[2025-10-09T19:28:27.676+0000] {scd2_loader.py:193} INFO - ⚠️ Doublon ignoré pour dim_invariants clé=('CE', 'Es08')
[2025-10-09T19:28:27.677+0000] {scd2_loader.py:193} INFO - ⚠️ Doublon ignoré pour dim_invariants clé=('CE', 'Et01')
[2025-10-09T19:28:27.679+0000] {scd2_loader.py:193} INFO - ⚠️ Doublon ignoré pour dim_invariants clé=('CE', 'Et02')
[2025-10-09T19:28:27.680+0000] {scd2_loader.py:193} INFO - ⚠️ Doublon ignoré pour dim_invariants clé=('CE', 'Et03')
[2025-10-09T19:28:27.682+0000] {scd2_loader.py:193} INFO - ⚠️ Doublon ignoré pour dim_invariants clé=('CE', 'Et04')
[2025-10-09T19:28:27.683+0000] {scd2_loader.py:193} INFO - ⚠️ Doublon ignoré pour dim_invariants clé=('CE', 'Et05')
[2025-10-09T19:28:27.685+0000] {scd2_loader.py:193} INFO - ⚠️ Doublon ignoré pour dim_invariants clé=('CI', 'Es01')
[2025-10-09T19:28:27.687+0000] {scd2_loader.py:193} INFO - ⚠️ Doublon ignoré pour dim_invariants clé=('CI', 'Es02')
[2025-10-09T19:28:27.688+0000] {scd2_loader.py:193} INFO - ⚠️ Doublon ignoré pour dim_invariants clé=('CI', 'Es03')
[2025-10-09T19:28:27.689+0000] {scd2_loader.py:193} INFO - ⚠️ Doublon ignoré pour dim_invariants clé=('CI', 'Es04')
[2025-10-09T19:28:27.690+0000] {scd2_loader.py:193} INFO - ⚠️ Doublon ignoré pour dim_invariants clé=('CI', 'Es05')
[2025-10-09T19:28:27.693+0000] {scd2_loader.py:193} INFO - ⚠️ Doublon ignoré pour dim_invariants clé=('CI', 'Es06')
[2025-10-09T19:28:27.695+0000] {scd2_loader.py:193} INFO - ⚠️ Doublon ignoré pour dim_invariants clé=('CI', 'Es07')
[2025-10-09T19:28:27.696+0000] {scd2_loader.py:193} INFO - ⚠️ Doublon ignoré pour dim_invariants clé=('CI', 'Es08')
[2025-10-09T19:28:27.698+0000] {scd2_loader.py:193} INFO - ⚠️ Doublon ignoré pour dim_invariants clé=('CI', 'Et01')
[2025-10-09T19:28:27.700+0000] {scd2_loader.py:193} INFO - ⚠️ Doublon ignoré pour dim_invariants clé=('CI', 'Et02')
[2025-10-09T19:28:27.701+0000] {scd2_loader.py:193} INFO - ⚠️ Doublon ignoré pour dim_invariants clé=('CI', 'Et03')
[2025-10-09T19:28:27.703+0000] {scd2_loader.py:193} INFO - ⚠️ Doublon ignoré pour dim_invariants clé=('CI', 'Et04')
[2025-10-09T19:28:27.704+0000] {scd2_loader.py:193} INFO - ⚠️ Doublon ignoré pour dim_invariants clé=('CI', 'Et05')
[2025-10-09T19:28:27.706+0000] {scd2_loader.py:193} INFO - ⚠️ Doublon ignoré pour dim_invariants clé=('GN', 'Es01')
[2025-10-09T19:28:27.707+0000] {scd2_loader.py:193} INFO - ⚠️ Doublon ignoré pour dim_invariants clé=('GN', 'Es02')
[2025-10-09T19:28:27.709+0000] {scd2_loader.py:193} INFO - ⚠️ Doublon ignoré pour dim_invariants clé=('GN', 'Es03')
[2025-10-09T19:28:27.710+0000] {scd2_loader.py:193} INFO - ⚠️ Doublon ignoré pour dim_invariants clé=('GN', 'Es04')
[2025-10-09T19:28:27.713+0000] {scd2_loader.py:193} INFO - ⚠️ Doublon ignoré pour dim_invariants clé=('GN', 'Es05')
[2025-10-09T19:28:27.715+0000] {scd2_loader.py:193} INFO - ⚠️ Doublon ignoré pour dim_invariants clé=('GN', 'Es06')
[2025-10-09T19:28:27.718+0000] {scd2_loader.py:193} INFO - ⚠️ Doublon ignoré pour dim_invariants clé=('GN', 'Es07')
[2025-10-09T19:28:27.721+0000] {scd2_loader.py:193} INFO - ⚠️ Doublon ignoré pour dim_invariants clé=('GN', 'Es08')
[2025-10-09T19:28:27.723+0000] {scd2_loader.py:193} INFO - ⚠️ Doublon ignoré pour dim_invariants clé=('GN', 'Et01')
[2025-10-09T19:28:27.724+0000] {scd2_loader.py:193} INFO - ⚠️ Doublon ignoré pour dim_invariants clé=('GN', 'Et02')
[2025-10-09T19:28:27.726+0000] {scd2_loader.py:193} INFO - ⚠️ Doublon ignoré pour dim_invariants clé=('GN', 'Et03')
[2025-10-09T19:28:27.728+0000] {scd2_loader.py:193} INFO - ⚠️ Doublon ignoré pour dim_invariants clé=('GN', 'Et04')
[2025-10-09T19:28:27.730+0000] {scd2_loader.py:193} INFO - ⚠️ Doublon ignoré pour dim_invariants clé=('GN', 'Et05')
[2025-10-09T19:28:27.731+0000] {scd2_loader.py:193} INFO - ⚠️ Doublon ignoré pour dim_invariants clé=('BW', 'Es01')
[2025-10-09T19:28:27.733+0000] {scd2_loader.py:193} INFO - ⚠️ Doublon ignoré pour dim_invariants clé=('BW', 'Es02')
[2025-10-09T19:28:27.734+0000] {scd2_loader.py:193} INFO - ⚠️ Doublon ignoré pour dim_invariants clé=('BW', 'Es03')
[2025-10-09T19:28:27.735+0000] {scd2_loader.py:193} INFO - ⚠️ Doublon ignoré pour dim_invariants clé=('BW', 'Es04')
[2025-10-09T19:28:27.737+0000] {scd2_loader.py:193} INFO - ⚠️ Doublon ignoré pour dim_invariants clé=('BW', 'Es05')
[2025-10-09T19:28:27.738+0000] {scd2_loader.py:193} INFO - ⚠️ Doublon ignoré pour dim_invariants clé=('BW', 'Es06')
[2025-10-09T19:28:27.739+0000] {scd2_loader.py:193} INFO - ⚠️ Doublon ignoré pour dim_invariants clé=('BW', 'Es07')
[2025-10-09T19:28:27.741+0000] {scd2_loader.py:193} INFO - ⚠️ Doublon ignoré pour dim_invariants clé=('BW', 'Es08')
[2025-10-09T19:28:27.743+0000] {scd2_loader.py:193} INFO - ⚠️ Doublon ignoré pour dim_invariants clé=('BW', 'Et01')
[2025-10-09T19:28:27.746+0000] {scd2_loader.py:193} INFO - ⚠️ Doublon ignoré pour dim_invariants clé=('BW', 'Et02')
[2025-10-09T19:28:27.748+0000] {scd2_loader.py:193} INFO - ⚠️ Doublon ignoré pour dim_invariants clé=('BW', 'Et03')
[2025-10-09T19:28:27.750+0000] {scd2_loader.py:193} INFO - ⚠️ Doublon ignoré pour dim_invariants clé=('BW', 'Et04')
[2025-10-09T19:28:27.752+0000] {scd2_loader.py:193} INFO - ⚠️ Doublon ignoré pour dim_invariants clé=('BW', 'Et05')
[2025-10-09T19:28:27.753+0000] {scd2_loader.py:193} INFO - ⚠️ Doublon ignoré pour dim_invariants clé=('ZA', 'Es01')
[2025-10-09T19:28:27.754+0000] {scd2_loader.py:193} INFO - ⚠️ Doublon ignoré pour dim_invariants clé=('ZA', 'Es02')
[2025-10-09T19:28:27.756+0000] {scd2_loader.py:193} INFO - ⚠️ Doublon ignoré pour dim_invariants clé=('ZA', 'Es03')
[2025-10-09T19:28:27.757+0000] {scd2_loader.py:193} INFO - ⚠️ Doublon ignoré pour dim_invariants clé=('ZA', 'Es04')
[2025-10-09T19:28:27.758+0000] {scd2_loader.py:193} INFO - ⚠️ Doublon ignoré pour dim_invariants clé=('ZA', 'Es05')
[2025-10-09T19:28:27.761+0000] {scd2_loader.py:193} INFO - ⚠️ Doublon ignoré pour dim_invariants clé=('ZA', 'Es06')
[2025-10-09T19:28:27.763+0000] {scd2_loader.py:193} INFO - ⚠️ Doublon ignoré pour dim_invariants clé=('ZA', 'Es07')
[2025-10-09T19:28:27.764+0000] {scd2_loader.py:193} INFO - ⚠️ Doublon ignoré pour dim_invariants clé=('ZA', 'Es08')
[2025-10-09T19:28:27.765+0000] {scd2_loader.py:193} INFO - ⚠️ Doublon ignoré pour dim_invariants clé=('ZA', 'Et01')
[2025-10-09T19:28:27.766+0000] {scd2_loader.py:193} INFO - ⚠️ Doublon ignoré pour dim_invariants clé=('ZA', 'Et02')
[2025-10-09T19:28:27.768+0000] {scd2_loader.py:193} INFO - ⚠️ Doublon ignoré pour dim_invariants clé=('ZA', 'Et03')
[2025-10-09T19:28:27.769+0000] {scd2_loader.py:193} INFO - ⚠️ Doublon ignoré pour dim_invariants clé=('ZA', 'Et04')
[2025-10-09T19:28:27.770+0000] {scd2_loader.py:193} INFO - ⚠️ Doublon ignoré pour dim_invariants clé=('ZA', 'Et05')
[2025-10-09T19:28:27.772+0000] {scd2_loader.py:193} INFO - ⚠️ Doublon ignoré pour dim_invariants clé=('MW', 'Es01')
[2025-10-09T19:28:27.774+0000] {scd2_loader.py:193} INFO - ⚠️ Doublon ignoré pour dim_invariants clé=('MW', 'Es02')
[2025-10-09T19:28:27.781+0000] {scd2_loader.py:193} INFO - ⚠️ Doublon ignoré pour dim_invariants clé=('MW', 'Es03')
[2025-10-09T19:28:27.784+0000] {scd2_loader.py:193} INFO - ⚠️ Doublon ignoré pour dim_invariants clé=('MW', 'Es04')
[2025-10-09T19:28:27.786+0000] {scd2_loader.py:193} INFO - ⚠️ Doublon ignoré pour dim_invariants clé=('MW', 'Es05')
[2025-10-09T19:28:27.788+0000] {scd2_loader.py:193} INFO - ⚠️ Doublon ignoré pour dim_invariants clé=('MW', 'Es06')
[2025-10-09T19:28:27.790+0000] {scd2_loader.py:193} INFO - ⚠️ Doublon ignoré pour dim_invariants clé=('MW', 'Es07')
[2025-10-09T19:28:27.791+0000] {scd2_loader.py:193} INFO - ⚠️ Doublon ignoré pour dim_invariants clé=('MW', 'Es08')
[2025-10-09T19:28:27.792+0000] {scd2_loader.py:193} INFO - ⚠️ Doublon ignoré pour dim_invariants clé=('MW', 'Et01')
[2025-10-09T19:28:27.794+0000] {scd2_loader.py:193} INFO - ⚠️ Doublon ignoré pour dim_invariants clé=('MW', 'Et02')
[2025-10-09T19:28:27.795+0000] {scd2_loader.py:193} INFO - ⚠️ Doublon ignoré pour dim_invariants clé=('MW', 'Et03')
[2025-10-09T19:28:27.797+0000] {scd2_loader.py:193} INFO - ⚠️ Doublon ignoré pour dim_invariants clé=('MW', 'Et04')
[2025-10-09T19:28:27.798+0000] {scd2_loader.py:193} INFO - ⚠️ Doublon ignoré pour dim_invariants clé=('MW', 'Et05')
[2025-10-09T19:28:27.799+0000] {scd2_loader.py:193} INFO - ⚠️ Doublon ignoré pour dim_invariants clé=('AO', 'Es01')
[2025-10-09T19:28:27.800+0000] {scd2_loader.py:193} INFO - ⚠️ Doublon ignoré pour dim_invariants clé=('AO', 'Es02')
[2025-10-09T19:28:27.801+0000] {scd2_loader.py:193} INFO - ⚠️ Doublon ignoré pour dim_invariants clé=('AO', 'Es04')
[2025-10-09T19:28:27.802+0000] {scd2_loader.py:193} INFO - ⚠️ Doublon ignoré pour dim_invariants clé=('AO', 'Es05')
[2025-10-09T19:28:27.803+0000] {scd2_loader.py:193} INFO - ⚠️ Doublon ignoré pour dim_invariants clé=('AO', 'Es06')
[2025-10-09T19:28:27.804+0000] {scd2_loader.py:193} INFO - ⚠️ Doublon ignoré pour dim_invariants clé=('AO', 'Es07')
[2025-10-09T19:28:27.805+0000] {scd2_loader.py:193} INFO - ⚠️ Doublon ignoré pour dim_invariants clé=('AO', 'Es08')
[2025-10-09T19:28:27.806+0000] {scd2_loader.py:193} INFO - ⚠️ Doublon ignoré pour dim_invariants clé=('AO', 'Es03')
[2025-10-09T19:28:27.808+0000] {scd2_loader.py:193} INFO - ⚠️ Doublon ignoré pour dim_invariants clé=('ZW', 'Es01')
[2025-10-09T19:28:27.809+0000] {scd2_loader.py:193} INFO - ⚠️ Doublon ignoré pour dim_invariants clé=('ZW', 'Es02')
[2025-10-09T19:28:27.811+0000] {scd2_loader.py:193} INFO - ⚠️ Doublon ignoré pour dim_invariants clé=('ZW', 'Es03')
[2025-10-09T19:28:27.812+0000] {scd2_loader.py:193} INFO - ⚠️ Doublon ignoré pour dim_invariants clé=('ZW', 'Es04')
[2025-10-09T19:28:27.813+0000] {scd2_loader.py:193} INFO - ⚠️ Doublon ignoré pour dim_invariants clé=('ZW', 'Es05')
[2025-10-09T19:28:27.814+0000] {scd2_loader.py:193} INFO - ⚠️ Doublon ignoré pour dim_invariants clé=('ZW', 'Es06')
[2025-10-09T19:28:27.815+0000] {scd2_loader.py:193} INFO - ⚠️ Doublon ignoré pour dim_invariants clé=('ZW', 'Es07')
[2025-10-09T19:28:27.817+0000] {scd2_loader.py:193} INFO - ⚠️ Doublon ignoré pour dim_invariants clé=('ZW', 'Es08')
[2025-10-09T19:28:27.818+0000] {scd2_loader.py:193} INFO - ⚠️ Doublon ignoré pour dim_invariants clé=('ZW', 'Et01')
[2025-10-09T19:28:27.820+0000] {scd2_loader.py:193} INFO - ⚠️ Doublon ignoré pour dim_invariants clé=('ZW', 'Et02')
[2025-10-09T19:28:27.821+0000] {scd2_loader.py:193} INFO - ⚠️ Doublon ignoré pour dim_invariants clé=('ZW', 'Et03')
[2025-10-09T19:28:27.822+0000] {scd2_loader.py:193} INFO - ⚠️ Doublon ignoré pour dim_invariants clé=('ZW', 'Et04')
[2025-10-09T19:28:27.823+0000] {scd2_loader.py:193} INFO - ⚠️ Doublon ignoré pour dim_invariants clé=('ZW', 'Et05')
[2025-10-09T19:28:27.824+0000] {scd2_loader.py:193} INFO - ⚠️ Doublon ignoré pour dim_invariants clé=('ZM', 'Es01')
[2025-10-09T19:28:27.825+0000] {scd2_loader.py:193} INFO - ⚠️ Doublon ignoré pour dim_invariants clé=('ZM', 'Es02')
[2025-10-09T19:28:27.826+0000] {scd2_loader.py:193} INFO - ⚠️ Doublon ignoré pour dim_invariants clé=('ZM', 'Es03')
[2025-10-09T19:28:27.827+0000] {scd2_loader.py:193} INFO - ⚠️ Doublon ignoré pour dim_invariants clé=('ZM', 'Es04')
[2025-10-09T19:28:27.829+0000] {scd2_loader.py:193} INFO - ⚠️ Doublon ignoré pour dim_invariants clé=('ZM', 'Es05')
[2025-10-09T19:28:27.830+0000] {scd2_loader.py:193} INFO - ⚠️ Doublon ignoré pour dim_invariants clé=('ZM', 'Es06')
[2025-10-09T19:28:27.831+0000] {scd2_loader.py:193} INFO - ⚠️ Doublon ignoré pour dim_invariants clé=('ZM', 'Es07')
[2025-10-09T19:28:27.833+0000] {scd2_loader.py:193} INFO - ⚠️ Doublon ignoré pour dim_invariants clé=('ZM', 'Es08')
[2025-10-09T19:28:27.836+0000] {scd2_loader.py:193} INFO - ⚠️ Doublon ignoré pour dim_invariants clé=('ZM', 'Et01')
[2025-10-09T19:28:27.840+0000] {scd2_loader.py:193} INFO - ⚠️ Doublon ignoré pour dim_invariants clé=('ZM', 'Et02')
[2025-10-09T19:28:27.842+0000] {scd2_loader.py:193} INFO - ⚠️ Doublon ignoré pour dim_invariants clé=('ZM', 'Et03')
[2025-10-09T19:28:27.844+0000] {scd2_loader.py:193} INFO - ⚠️ Doublon ignoré pour dim_invariants clé=('ZM', 'Et04')
[2025-10-09T19:28:27.846+0000] {scd2_loader.py:193} INFO - ⚠️ Doublon ignoré pour dim_invariants clé=('ZM', 'Et05')
[2025-10-09T19:28:27.848+0000] {scd2_loader.py:193} INFO - ⚠️ Doublon ignoré pour dim_invariants clé=('CM', 'Es01')
[2025-10-09T19:28:27.849+0000] {scd2_loader.py:193} INFO - ⚠️ Doublon ignoré pour dim_invariants clé=('CM', 'Es02')
[2025-10-09T19:28:27.850+0000] {scd2_loader.py:193} INFO - ⚠️ Doublon ignoré pour dim_invariants clé=('CM', 'Es03')
[2025-10-09T19:28:27.852+0000] {scd2_loader.py:193} INFO - ⚠️ Doublon ignoré pour dim_invariants clé=('CM', 'Es04')
[2025-10-09T19:28:27.854+0000] {scd2_loader.py:193} INFO - ⚠️ Doublon ignoré pour dim_invariants clé=('CM', 'Es05')
[2025-10-09T19:28:27.857+0000] {scd2_loader.py:193} INFO - ⚠️ Doublon ignoré pour dim_invariants clé=('CM', 'Es06')
[2025-10-09T19:28:27.859+0000] {scd2_loader.py:193} INFO - ⚠️ Doublon ignoré pour dim_invariants clé=('CM', 'Es07')
[2025-10-09T19:28:27.861+0000] {scd2_loader.py:193} INFO - ⚠️ Doublon ignoré pour dim_invariants clé=('CM', 'Es08')
[2025-10-09T19:28:27.863+0000] {scd2_loader.py:193} INFO - ⚠️ Doublon ignoré pour dim_invariants clé=('CM', 'Et01')
[2025-10-09T19:28:27.864+0000] {scd2_loader.py:193} INFO - ⚠️ Doublon ignoré pour dim_invariants clé=('CM', 'Et02')
[2025-10-09T19:28:27.866+0000] {scd2_loader.py:193} INFO - ⚠️ Doublon ignoré pour dim_invariants clé=('CM', 'Et03')
[2025-10-09T19:28:27.868+0000] {scd2_loader.py:193} INFO - ⚠️ Doublon ignoré pour dim_invariants clé=('CM', 'Et04')
[2025-10-09T19:28:27.869+0000] {scd2_loader.py:193} INFO - ⚠️ Doublon ignoré pour dim_invariants clé=('CM', 'Et05')
[2025-10-09T19:28:27.871+0000] {scd2_loader.py:193} INFO - ⚠️ Doublon ignoré pour dim_invariants clé=('CD', 'Es01')
[2025-10-09T19:28:27.873+0000] {scd2_loader.py:193} INFO - ⚠️ Doublon ignoré pour dim_invariants clé=('CD', 'Es02')
[2025-10-09T19:28:27.875+0000] {scd2_loader.py:193} INFO - ⚠️ Doublon ignoré pour dim_invariants clé=('CD', 'Es03')
[2025-10-09T19:28:27.876+0000] {scd2_loader.py:193} INFO - ⚠️ Doublon ignoré pour dim_invariants clé=('CD', 'Es04')
[2025-10-09T19:28:27.878+0000] {scd2_loader.py:193} INFO - ⚠️ Doublon ignoré pour dim_invariants clé=('CD', 'Es05')
[2025-10-09T19:28:27.879+0000] {scd2_loader.py:193} INFO - ⚠️ Doublon ignoré pour dim_invariants clé=('CD', 'Es06')
[2025-10-09T19:28:27.880+0000] {scd2_loader.py:193} INFO - ⚠️ Doublon ignoré pour dim_invariants clé=('CD', 'Es07')
[2025-10-09T19:28:27.882+0000] {scd2_loader.py:193} INFO - ⚠️ Doublon ignoré pour dim_invariants clé=('CD', 'Es08')
[2025-10-09T19:28:27.883+0000] {scd2_loader.py:193} INFO - ⚠️ Doublon ignoré pour dim_invariants clé=('CD', 'Et01')
[2025-10-09T19:28:27.884+0000] {scd2_loader.py:193} INFO - ⚠️ Doublon ignoré pour dim_invariants clé=('CD', 'Et02')
[2025-10-09T19:28:27.885+0000] {scd2_loader.py:193} INFO - ⚠️ Doublon ignoré pour dim_invariants clé=('CD', 'Et03')
[2025-10-09T19:28:27.887+0000] {scd2_loader.py:193} INFO - ⚠️ Doublon ignoré pour dim_invariants clé=('CD', 'Et04')
[2025-10-09T19:28:27.888+0000] {scd2_loader.py:193} INFO - ⚠️ Doublon ignoré pour dim_invariants clé=('CD', 'Et05')
[2025-10-09T19:28:27.889+0000] {scd2_loader.py:193} INFO - ⚠️ Doublon ignoré pour dim_invariants clé=('CG', 'Es01')
[2025-10-09T19:28:27.890+0000] {scd2_loader.py:193} INFO - ⚠️ Doublon ignoré pour dim_invariants clé=('CG', 'Es02')
[2025-10-09T19:28:27.891+0000] {scd2_loader.py:193} INFO - ⚠️ Doublon ignoré pour dim_invariants clé=('CG', 'Es03')
[2025-10-09T19:28:27.892+0000] {scd2_loader.py:193} INFO - ⚠️ Doublon ignoré pour dim_invariants clé=('CG', 'Es04')
[2025-10-09T19:28:27.894+0000] {scd2_loader.py:193} INFO - ⚠️ Doublon ignoré pour dim_invariants clé=('CG', 'Es05')
[2025-10-09T19:28:27.895+0000] {scd2_loader.py:193} INFO - ⚠️ Doublon ignoré pour dim_invariants clé=('CG', 'Es06')
[2025-10-09T19:28:27.897+0000] {scd2_loader.py:193} INFO - ⚠️ Doublon ignoré pour dim_invariants clé=('CG', 'Es07')
[2025-10-09T19:28:27.898+0000] {scd2_loader.py:193} INFO - ⚠️ Doublon ignoré pour dim_invariants clé=('CG', 'Es08')
[2025-10-09T19:28:27.900+0000] {scd2_loader.py:193} INFO - ⚠️ Doublon ignoré pour dim_invariants clé=('CG', 'Et01')
[2025-10-09T19:28:27.901+0000] {scd2_loader.py:193} INFO - ⚠️ Doublon ignoré pour dim_invariants clé=('CG', 'Et02')
[2025-10-09T19:28:27.902+0000] {scd2_loader.py:193} INFO - ⚠️ Doublon ignoré pour dim_invariants clé=('CG', 'Et03')
[2025-10-09T19:28:27.904+0000] {scd2_loader.py:193} INFO - ⚠️ Doublon ignoré pour dim_invariants clé=('CG', 'Et04')
[2025-10-09T19:28:27.905+0000] {scd2_loader.py:193} INFO - ⚠️ Doublon ignoré pour dim_invariants clé=('CG', 'Et05')
[2025-10-09T19:28:27.907+0000] {scd2_loader.py:193} INFO - ⚠️ Doublon ignoré pour dim_invariants clé=('GQ', 'Es01')
[2025-10-09T19:28:27.908+0000] {scd2_loader.py:193} INFO - ⚠️ Doublon ignoré pour dim_invariants clé=('GQ', 'Es02')
[2025-10-09T19:28:27.909+0000] {scd2_loader.py:193} INFO - ⚠️ Doublon ignoré pour dim_invariants clé=('GQ', 'Es03')
[2025-10-09T19:28:27.910+0000] {scd2_loader.py:193} INFO - ⚠️ Doublon ignoré pour dim_invariants clé=('GQ', 'Es04')
[2025-10-09T19:28:27.912+0000] {scd2_loader.py:193} INFO - ⚠️ Doublon ignoré pour dim_invariants clé=('GQ', 'Es05')
[2025-10-09T19:28:27.913+0000] {scd2_loader.py:193} INFO - ⚠️ Doublon ignoré pour dim_invariants clé=('GQ', 'Es06')
[2025-10-09T19:28:27.914+0000] {scd2_loader.py:193} INFO - ⚠️ Doublon ignoré pour dim_invariants clé=('GQ', 'Es07')
[2025-10-09T19:28:27.916+0000] {scd2_loader.py:193} INFO - ⚠️ Doublon ignoré pour dim_invariants clé=('GQ', 'Es08')
[2025-10-09T19:28:27.917+0000] {scd2_loader.py:193} INFO - ⚠️ Doublon ignoré pour dim_invariants clé=('GQ', 'Et01')
[2025-10-09T19:28:27.918+0000] {scd2_loader.py:193} INFO - ⚠️ Doublon ignoré pour dim_invariants clé=('GQ', 'Et02')
[2025-10-09T19:28:27.919+0000] {scd2_loader.py:193} INFO - ⚠️ Doublon ignoré pour dim_invariants clé=('GQ', 'Et03')
[2025-10-09T19:28:27.920+0000] {scd2_loader.py:193} INFO - ⚠️ Doublon ignoré pour dim_invariants clé=('GQ', 'Et04')
[2025-10-09T19:28:27.922+0000] {scd2_loader.py:193} INFO - ⚠️ Doublon ignoré pour dim_invariants clé=('GQ', 'Et05')
[2025-10-09T19:28:27.923+0000] {scd2_loader.py:193} INFO - ⚠️ Doublon ignoré pour dim_invariants clé=('TZ', 'Es01')
[2025-10-09T19:28:27.924+0000] {scd2_loader.py:193} INFO - ⚠️ Doublon ignoré pour dim_invariants clé=('TZ', 'Es02')
[2025-10-09T19:28:27.925+0000] {scd2_loader.py:193} INFO - ⚠️ Doublon ignoré pour dim_invariants clé=('TZ', 'Es03')
[2025-10-09T19:28:27.927+0000] {scd2_loader.py:193} INFO - ⚠️ Doublon ignoré pour dim_invariants clé=('TZ', 'Es04')
[2025-10-09T19:28:27.928+0000] {scd2_loader.py:193} INFO - ⚠️ Doublon ignoré pour dim_invariants clé=('TZ', 'Es05')
[2025-10-09T19:28:27.929+0000] {scd2_loader.py:193} INFO - ⚠️ Doublon ignoré pour dim_invariants clé=('TZ', 'Es06')
[2025-10-09T19:28:27.930+0000] {scd2_loader.py:193} INFO - ⚠️ Doublon ignoré pour dim_invariants clé=('TZ', 'Es07')
[2025-10-09T19:28:27.932+0000] {scd2_loader.py:193} INFO - ⚠️ Doublon ignoré pour dim_invariants clé=('TZ', 'Es08')
[2025-10-09T19:28:27.933+0000] {scd2_loader.py:193} INFO - ⚠️ Doublon ignoré pour dim_invariants clé=('TZ', 'Et01')
[2025-10-09T19:28:27.935+0000] {scd2_loader.py:193} INFO - ⚠️ Doublon ignoré pour dim_invariants clé=('TZ', 'Et02')
[2025-10-09T19:28:27.936+0000] {scd2_loader.py:193} INFO - ⚠️ Doublon ignoré pour dim_invariants clé=('TZ', 'Et03')
[2025-10-09T19:28:27.937+0000] {scd2_loader.py:193} INFO - ⚠️ Doublon ignoré pour dim_invariants clé=('TZ', 'Et04')
[2025-10-09T19:28:27.938+0000] {scd2_loader.py:193} INFO - ⚠️ Doublon ignoré pour dim_invariants clé=('TZ', 'Et05')
[2025-10-09T19:28:27.988+0000] {scd2_loader.py:226} INFO - [SCD2] dim_invariants → inserts=91, updates_closed=0
[2025-10-09T19:28:27.989+0000] {scd2_loader.py:291} INFO - ✅ FIN CHARGEMENT DYNAMIQUE — inserts=4287, updates_closed=0
[2025-10-09T19:28:27.990+0000] {python.py:201} INFO - Done. Returned value was: None
[2025-10-09T19:28:28.005+0000] {taskinstance.py:1138} INFO - Marking task as SUCCESS. dag_id=etl_pipeline_scd2, task_id=load_to_dw_scd2, execution_date=20251009T192515, start_date=20251009T192816, end_date=20251009T192828
[2025-10-09T19:28:28.171+0000] {local_task_job_runner.py:234} INFO - Task exited with return code 0
[2025-10-09T19:28:28.246+0000] {taskinstance.py:3280} INFO - 1 downstream tasks scheduled from follow-on schedule check
